04-06-2021 01:02:37.905 [Gauge] [DEBUG] Created gauge_screenshots_dir at C:\Users\testinium\Desktop\Mobile_Testing_ByAppium\.gauge\screenshots
04-06-2021 01:02:37.907 [Gauge] [DEBUG] Plugin java is already installed.
04-06-2021 01:02:37.908 [Gauge] [DEBUG] Plugin html-report is already installed.
04-06-2021 01:02:37.909 [Gauge] [DEBUG] Parsing started.
04-06-2021 01:02:37.909 [Gauge] [DEBUG] Started concepts parsing.
04-06-2021 01:02:37.919 [Gauge] [DEBUG] 12 concepts parsing completed.
04-06-2021 01:02:37.919 [Gauge] [DEBUG] Started specifications parsing.
04-06-2021 01:02:37.921 [Gauge] [DEBUG] 1 specifications parsing completed.
04-06-2021 01:02:37.921 [Gauge] [DEBUG] Parsing completed.
04-06-2021 01:02:37.948 [java] [DEBUG] ***** Printing Properties/Env Values *****
04-06-2021 01:02:37.948 [java] [DEBUG] PATH: C:\Windows\system32;C:\Windows;C:\Windows\System32\Wbem;C:\Windows\System32\WindowsPowerShell\v1.0\;C:\Windows\System32\OpenSSH\;C:\WINDOWS\system32;C:\WINDOWS;C:\WINDOWS\System32\Wbem;C:\WINDOWS\System32\WindowsPowerShell\v1.0\;C:\WINDOWS\System32\OpenSSH\;C:\Program Files\Git\cmd;C:\Program Files\nodejs\;C:\Program Files\Gauge\bin;C:\Program Files\Java\jdk-16.0.1;C:\Users\testinium\AppData\Local\Android\Sdk\build-tools;C:\Users\testinium\AppData\Local\Android\Sdk\tools;C:\Users\testinium\AppData\Local\Android\Sdk\platform-tools;C:\Program Files\Gauge\bin;C:\Program Files\apache-maven-3.8.1\bin;C:\Users\testinium\AppData\Local\Microsoft\WindowsApps;C:\Users\testinium\AppData\Roaming\npm;C:\Users\testinium\AppData\Roaming\gauge\plugins\screenshot\0.0.1
04-06-2021 01:02:37.948 [java] [DEBUG] JAVA_HOME: C:\Program Files\Java\jdk-16.0.1
04-06-2021 01:02:37.948 [java] [DEBUG] gauge_project_root: C:\Users\testinium\Desktop\Mobile_Testing_ByAppium
04-06-2021 01:02:37.948 [java] [DEBUG] gauge_parallel_streams_count: 8
04-06-2021 01:02:37.948 [java] [DEBUG] gauge_reports_dir: reports
04-06-2021 01:02:37.948 [java] [DEBUG] overwrite_reports: true
04-06-2021 01:02:37.948 [java] [DEBUG] logs_directory: logs
04-06-2021 01:02:37.948 [java] [DEBUG] enable_multithreading: false
04-06-2021 01:02:37.948 [java] [DEBUG] gauge_specs_dir: specs
04-06-2021 01:02:37.948 [java] [DEBUG] csv_delimiter: ,
04-06-2021 01:02:37.948 [java] [DEBUG] gauge_java_home: 
04-06-2021 01:02:37.948 [java] [DEBUG] gauge_custom_build_path: 
04-06-2021 01:02:37.948 [java] [DEBUG] gauge_additional_libs: libs/*
04-06-2021 01:02:37.948 [java] [DEBUG] gauge_jvm_args: 
04-06-2021 01:02:37.948 [java] [DEBUG] gauge_custom_compile_dir: 
04-06-2021 01:02:37.948 [java] [DEBUG] gauge_clear_state_level: scenario
04-06-2021 01:02:37.948 [java] [DEBUG] ***** END *****
04-06-2021 01:02:38.318 [Gauge] [DEBUG] Checking updates...
04-06-2021 01:02:38.322 [Gauge] [DEBUG] Downloading https://downloads.gauge.org/plugin/html-report?l=java&p=html-report,java,screenshot,spectacle&o=windows&a=amd64
04-06-2021 01:02:38.794 [Gauge] [DEBUG] Downloading https://downloads.gauge.org/plugin/java?l=java&p=html-report,java,screenshot,spectacle&o=windows&a=amd64
04-06-2021 01:02:38.963 [Gauge] [DEBUG] Downloading https://downloads.gauge.org/plugin/screenshot?l=java&p=html-report,java,screenshot,spectacle&o=windows&a=amd64
04-06-2021 01:02:39.168 [Gauge] [DEBUG] Downloading https://downloads.gauge.org/plugin/spectacle?l=java&p=html-report,java,screenshot,spectacle&o=windows&a=amd64
04-06-2021 01:02:41.415 [java] [ERROR] Installed version of gauge-java (0.7.15) does not match with dependency gauge-java (0.7.4) specified in pom.xml file
04-06-2021 01:02:41.415 [java] [DEBUG] classpath set to C:\Users\testinium\.jdks\openjdk-16.0.1!\java.base;C:\Users\testinium\.jdks\openjdk-16.0.1!\java.compiler;C:\Users\testinium\.jdks\openjdk-16.0.1!\java.datatransfer;C:\Users\testinium\.jdks\openjdk-16.0.1!\java.desktop;C:\Users\testinium\.jdks\openjdk-16.0.1!\java.instrument;C:\Users\testinium\.jdks\openjdk-16.0.1!\java.logging;C:\Users\testinium\.jdks\openjdk-16.0.1!\java.management;C:\Users\testinium\.jdks\openjdk-16.0.1!\java.management.rmi;C:\Users\testinium\.jdks\openjdk-16.0.1!\java.naming;C:\Users\testinium\.jdks\openjdk-16.0.1!\java.net.http;C:\Users\testinium\.jdks\openjdk-16.0.1!\java.prefs;C:\Users\testinium\.jdks\openjdk-16.0.1!\java.rmi;C:\Users\testinium\.jdks\openjdk-16.0.1!\java.scripting;C:\Users\testinium\.jdks\openjdk-16.0.1!\java.se;C:\Users\testinium\.jdks\openjdk-16.0.1!\java.security.jgss;C:\Users\testinium\.jdks\openjdk-16.0.1!\java.security.sasl;C:\Users\testinium\.jdks\openjdk-16.0.1!\java.smartcardio;C:\Users\testinium\.jdks\openjdk-16.0.1!\java.sql;C:\Users\testinium\.jdks\openjdk-16.0.1!\java.sql.rowset;C:\Users\testinium\.jdks\openjdk-16.0.1!\java.transaction.xa;C:\Users\testinium\.jdks\openjdk-16.0.1!\java.xml;C:\Users\testinium\.jdks\openjdk-16.0.1!\java.xml.crypto;C:\Users\testinium\.jdks\openjdk-16.0.1!\jdk.accessibility;C:\Users\testinium\.jdks\openjdk-16.0.1!\jdk.attach;C:\Users\testinium\.jdks\openjdk-16.0.1!\jdk.charsets;C:\Users\testinium\.jdks\openjdk-16.0.1!\jdk.compiler;C:\Users\testinium\.jdks\openjdk-16.0.1!\jdk.crypto.cryptoki;C:\Users\testinium\.jdks\openjdk-16.0.1!\jdk.crypto.ec;C:\Users\testinium\.jdks\openjdk-16.0.1!\jdk.crypto.mscapi;C:\Users\testinium\.jdks\openjdk-16.0.1!\jdk.dynalink;C:\Users\testinium\.jdks\openjdk-16.0.1!\jdk.editpad;C:\Users\testinium\.jdks\openjdk-16.0.1!\jdk.hotspot.agent;C:\Users\testinium\.jdks\openjdk-16.0.1!\jdk.httpserver;C:\Users\testinium\.jdks\openjdk-16.0.1!\jdk.incubator.foreign;C:\Users\testinium\.jdks\openjdk-16.0.1!\jdk.incubator.vector;C:\Users\testinium\.jdks\openjdk-16.0.1!\jdk.internal.ed;C:\Users\testinium\.jdks\openjdk-16.0.1!\jdk.internal.jvmstat;C:\Users\testinium\.jdks\openjdk-16.0.1!\jdk.internal.le;C:\Users\testinium\.jdks\openjdk-16.0.1!\jdk.internal.opt;C:\Users\testinium\.jdks\openjdk-16.0.1!\jdk.internal.vm.ci;C:\Users\testinium\.jdks\openjdk-16.0.1!\jdk.jartool;C:\Users\testinium\.jdks\openjdk-16.0.1!\jdk.javadoc;C:\Users\testinium\.jdks\openjdk-16.0.1!\jdk.jcmd;C:\Users\testinium\.jdks\openjdk-16.0.1!\jdk.jconsole;C:\Users\testinium\.jdks\openjdk-16.0.1!\jdk.jdeps;C:\Users\testinium\.jdks\openjdk-16.0.1!\jdk.jdi;C:\Users\testinium\.jdks\openjdk-16.0.1!\jdk.jdwp.agent;C:\Users\testinium\.jdks\openjdk-16.0.1!\jdk.jfr;C:\Users\testinium\.jdks\openjdk-16.0.1!\jdk.jlink;C:\Users\testinium\.jdks\openjdk-16.0.1!\jdk.jpackage;C:\Users\testinium\.jdks\openjdk-16.0.1!\jdk.jshell;C:\Users\testinium\.jdks\openjdk-16.0.1!\jdk.jsobject;C:\Users\testinium\.jdks\openjdk-16.0.1!\jdk.jstatd;C:\Users\testinium\.jdks\openjdk-16.0.1!\jdk.localedata;C:\Users\testinium\.jdks\openjdk-16.0.1!\jdk.management;C:\Users\testinium\.jdks\openjdk-16.0.1!\jdk.management.agent;C:\Users\testinium\.jdks\openjdk-16.0.1!\jdk.management.jfr;C:\Users\testinium\.jdks\openjdk-16.0.1!\jdk.naming.dns;C:\Users\testinium\.jdks\openjdk-16.0.1!\jdk.naming.rmi;C:\Users\testinium\.jdks\openjdk-16.0.1!\jdk.net;C:\Users\testinium\.jdks\openjdk-16.0.1!\jdk.nio.mapmode;C:\Users\testinium\.jdks\openjdk-16.0.1!\jdk.sctp;C:\Users\testinium\.jdks\openjdk-16.0.1!\jdk.security.auth;C:\Users\testinium\.jdks\openjdk-16.0.1!\jdk.security.jgss;C:\Users\testinium\.jdks\openjdk-16.0.1!\jdk.unsupported;C:\Users\testinium\.jdks\openjdk-16.0.1!\jdk.unsupported.desktop;C:\Users\testinium\.jdks\openjdk-16.0.1!\jdk.xml.dom;C:\Users\testinium\.jdks\openjdk-16.0.1!\jdk.zipfs;C:\Users\testinium\Desktop\Mobile_Testing_ByAppium\target\test-classes;C:\Users\testinium\.m2\repository\junit\junit\4.12\junit-4.12.jar;C:\Users\testinium\.m2\repository\org\hamcrest\hamcrest-core\1.3\hamcrest-core-1.3.jar;C:\Users\testinium\.m2\repository\com\thoughtworks\gauge\gauge-java\0.7.4\gauge-java-0.7.4.jar;C:\Users\testinium\.m2\repository\org\assertj\assertj-core\3.14.0\assertj-core-3.14.0.jar;C:\Users\testinium\.m2\repository\org\reflections\reflections\0.9.11\reflections-0.9.11.jar;C:\Users\testinium\.m2\repository\org\javassist\javassist\3.21.0-GA\javassist-3.21.0-GA.jar;C:\Users\testinium\.m2\repository\com\github\javaparser\javaparser-core\2.5.1\javaparser-core-2.5.1.jar;C:\Users\testinium\.m2\repository\commons-io\commons-io\2.6\commons-io-2.6.jar;C:\Users\testinium\.m2\repository\commons-lang\commons-lang\2.6\commons-lang-2.6.jar;C:\Users\testinium\.m2\repository\org\json\json\20190722\json-20190722.jar;C:\Users\testinium\.m2\repository\com\google\protobuf\protobuf-java\3.11.1\protobuf-java-3.11.1.jar;C:\Users\testinium\.m2\repository\com\google\guava\guava\28.2-jre\guava-28.2-jre.jar;C:\Users\testinium\.m2\repository\com\google\guava\failureaccess\1.0.1\failureaccess-1.0.1.jar;C:\Users\testinium\.m2\repository\com\google\guava\listenablefuture\9999.0-empty-to-avoid-conflict-with-guava\listenablefuture-9999.0-empty-to-avoid-conflict-with-guava.jar;C:\Users\testinium\.m2\repository\com\google\code\findbugs\jsr305\3.0.2\jsr305-3.0.2.jar;C:\Users\testinium\.m2\repository\org\checkerframework\checker-qual\2.10.0\checker-qual-2.10.0.jar;C:\Users\testinium\.m2\repository\com\google\errorprone\error_prone_annotations\2.3.4\error_prone_annotations-2.3.4.jar;C:\Users\testinium\.m2\repository\com\google\j2objc\j2objc-annotations\1.3\j2objc-annotations-1.3.jar;C:\Users\testinium\.m2\repository\io\grpc\grpc-netty-shaded\1.26.0\grpc-netty-shaded-1.26.0.jar;C:\Users\testinium\.m2\repository\io\grpc\grpc-core\1.26.0\grpc-core-1.26.0.jar;C:\Users\testinium\.m2\repository\com\google\android\annotations\4.1.1.4\annotations-4.1.1.4.jar;C:\Users\testinium\.m2\repository\io\perfmark\perfmark-api\0.19.0\perfmark-api-0.19.0.jar;C:\Users\testinium\.m2\repository\io\opencensus\opencensus-api\0.24.0\opencensus-api-0.24.0.jar;C:\Users\testinium\.m2\repository\io\opencensus\opencensus-contrib-grpc-metrics\0.24.0\opencensus-contrib-grpc-metrics-0.24.0.jar;C:\Users\testinium\.m2\repository\io\grpc\grpc-protobuf\1.26.0\grpc-protobuf-1.26.0.jar;C:\Users\testinium\.m2\repository\io\grpc\grpc-api\1.26.0\grpc-api-1.26.0.jar;C:\Users\testinium\.m2\repository\io\grpc\grpc-context\1.26.0\grpc-context-1.26.0.jar;C:\Users\testinium\.m2\repository\org\codehaus\mojo\animal-sniffer-annotations\1.17\animal-sniffer-annotations-1.17.jar;C:\Users\testinium\.m2\repository\com\google\api\grpc\proto-google-common-protos\1.12.0\proto-google-common-protos-1.12.0.jar;C:\Users\testinium\.m2\repository\io\grpc\grpc-protobuf-lite\1.26.0\grpc-protobuf-lite-1.26.0.jar;C:\Users\testinium\.m2\repository\io\grpc\grpc-stub\1.24.1\grpc-stub-1.24.1.jar;C:\Users\testinium\.m2\repository\javax\annotation\javax.annotation-api\1.3.2\javax.annotation-api-1.3.2.jar;C:\Users\testinium\.m2\repository\io\appium\java-client\7.3.0\java-client-7.3.0.jar;C:\Users\testinium\.m2\repository\org\seleniumhq\selenium\selenium-java\3.141.59\selenium-java-3.141.59.jar;C:\Users\testinium\.m2\repository\org\seleniumhq\selenium\selenium-chrome-driver\3.141.59\selenium-chrome-driver-3.141.59.jar;C:\Users\testinium\.m2\repository\org\seleniumhq\selenium\selenium-edge-driver\3.141.59\selenium-edge-driver-3.141.59.jar;C:\Users\testinium\.m2\repository\org\seleniumhq\selenium\selenium-firefox-driver\3.141.59\selenium-firefox-driver-3.141.59.jar;C:\Users\testinium\.m2\repository\org\seleniumhq\selenium\selenium-ie-driver\3.141.59\selenium-ie-driver-3.141.59.jar;C:\Users\testinium\.m2\repository\org\seleniumhq\selenium\selenium-opera-driver\3.141.59\selenium-opera-driver-3.141.59.jar;C:\Users\testinium\.m2\repository\org\seleniumhq\selenium\selenium-remote-driver\3.141.59\selenium-remote-driver-3.141.59.jar;C:\Users\testinium\.m2\repository\org\seleniumhq\selenium\selenium-safari-driver\3.141.59\selenium-safari-driver-3.141.59.jar;C:\Users\testinium\.m2\repository\net\bytebuddy\byte-buddy\1.8.15\byte-buddy-1.8.15.jar;C:\Users\testinium\.m2\repository\org\apache\commons\commons-exec\1.3\commons-exec-1.3.jar;C:\Users\testinium\.m2\repository\com\squareup\okhttp3\okhttp\3.11.0\okhttp-3.11.0.jar;C:\Users\testinium\.m2\repository\com\squareup\okio\okio\1.14.0\okio-1.14.0.jar;C:\Users\testinium\.m2\repository\org\seleniumhq\selenium\selenium-support\3.141.59\selenium-support-3.141.59.jar;C:\Users\testinium\.m2\repository\org\seleniumhq\selenium\selenium-api\3.141.59\selenium-api-3.141.59.jar;C:\Users\testinium\.m2\repository\com\google\code\gson\gson\2.8.5\gson-2.8.5.jar;C:\Users\testinium\.m2\repository\org\apache\httpcomponents\httpclient\4.5.9\httpclient-4.5.9.jar;C:\Users\testinium\.m2\repository\org\apache\httpcomponents\httpcore\4.4.11\httpcore-4.4.11.jar;C:\Users\testinium\.m2\repository\commons-logging\commons-logging\1.2\commons-logging-1.2.jar;C:\Users\testinium\.m2\repository\cglib\cglib\3.2.12\cglib-3.2.12.jar;C:\Users\testinium\.m2\repository\org\ow2\asm\asm\7.1\asm-7.1.jar;C:\Users\testinium\.m2\repository\commons-validator\commons-validator\1.6\commons-validator-1.6.jar;C:\Users\testinium\.m2\repository\commons-beanutils\commons-beanutils\1.9.2\commons-beanutils-1.9.2.jar;C:\Users\testinium\.m2\repository\commons-digester\commons-digester\1.8.1\commons-digester-1.8.1.jar;C:\Users\testinium\.m2\repository\commons-collections\commons-collections\3.2.2\commons-collections-3.2.2.jar;C:\Users\testinium\.m2\repository\org\apache\commons\commons-lang3\3.9\commons-lang3-3.9.jar;C:\Users\testinium\.m2\repository\org\springframework\spring-context\5.1.8.RELEASE\spring-context-5.1.8.RELEASE.jar;C:\Users\testinium\.m2\repository\org\springframework\spring-aop\5.1.8.RELEASE\spring-aop-5.1.8.RELEASE.jar;C:\Users\testinium\.m2\repository\org\springframework\spring-beans\5.1.8.RELEASE\spring-beans-5.1.8.RELEASE.jar;C:\Users\testinium\.m2\repository\org\springframework\spring-core\5.1.8.RELEASE\spring-core-5.1.8.RELEASE.jar;C:\Users\testinium\.m2\repository\org\springframework\spring-jcl\5.1.8.RELEASE\spring-jcl-5.1.8.RELEASE.jar;C:\Users\testinium\.m2\repository\org\springframework\spring-expression\5.1.8.RELEASE\spring-expression-5.1.8.RELEASE.jar;C:\Users\testinium\.m2\repository\org\aspectj\aspectjweaver\1.9.4\aspectjweaver-1.9.4.jar;C:\Users\testinium\.m2\repository\org\slf4j\slf4j-api\1.7.26\slf4j-api-1.7.26.jar;C:\Users\testinium\.m2\repository\org\testng\testng\6.14.3\testng-6.14.3.jar;C:\Users\testinium\.m2\repository\com\beust\jcommander\1.72\jcommander-1.72.jar;C:\Users\testinium\.m2\repository\org\apache-extras\beanshell\bsh\2.0b6\bsh-2.0b6.jar;C:\Users\testinium\.m2\repository\org\apache\poi\poi\4.1.2\poi-4.1.2.jar;C:\Users\testinium\.m2\repository\commons-codec\commons-codec\1.13\commons-codec-1.13.jar;C:\Users\testinium\.m2\repository\org\apache\commons\commons-collections4\4.4\commons-collections4-4.4.jar;C:\Users\testinium\.m2\repository\org\apache\commons\commons-math3\3.6.1\commons-math3-3.6.1.jar;C:\Users\testinium\.m2\repository\com\zaxxer\SparseBitSet\1.2\SparseBitSet-1.2.jar;C:\Users\testinium\.m2\repository\com\googlecode\json-simple\json-simple\1.1\json-simple-1.1.jar
04-06-2021 01:02:41.474 [java] [DEBUG] found java executable in C:\Program Files\Java\jdk-16.0.1\bin\java.exe
04-06-2021 01:02:41.474 [java] [DEBUG] running - C:\Program Files\Java\jdk-16.0.1\bin\java.exe [-Dfile.encoding=UTF-8 com.thoughtworks.gauge.GaugeRuntime --start]
04-06-2021 01:02:41.474 [java] [DEBUG] stdout/stderr is logged to logs\6104-java.exe.out
04-06-2021 01:02:41.992 [java] [ERROR] SLF4J: Failed to load class "org.slf4j.impl.StaticLoggerBinder".
04-06-2021 01:02:41.992 [java] [ERROR] SLF4J: Defaulting to no-operation (NOP) logger implementation
04-06-2021 01:02:41.992 [java] [ERROR] SLF4J: See http://www.slf4j.org/codes.html#StaticLoggerBinder for further details.
04-06-2021 01:02:43.501 [Gauge] [DEBUG] Attempting to connect to grpc server at port: 51703
04-06-2021 01:02:44.239 [Gauge] [DEBUG] Successfully made the connection with runner with port: 51703
04-06-2021 01:02:44.241 [Gauge] [DEBUG] Validation started.
04-06-2021 01:02:45.464 [Gauge] [DEBUG] Validation completed.
04-06-2021 01:02:45.761 [Gauge] [DEBUG] Run started
04-06-2021 01:02:45.772 [Gauge] [DEBUG] Starting Html Report plugin
04-06-2021 01:02:46.115 [Gauge] [DEBUG] Attempting to connect to grpc server at port: 51721
04-06-2021 01:02:46.135 [Gauge] [DEBUG] Successfully made the connection with plugin with port: 51721
04-06-2021 01:02:46.145 [Gauge] [DEBUG] Initialising suite data store.
04-06-2021 01:02:49.975 [java] [DEBUG] Scanning packages for steps
04-06-2021 01:02:49.975 [java] [DEBUG] Scanning packages for hooks
04-06-2021 01:03:48.343 [java] [ERROR] Jun 04, 2021 1:03:48 AM io.appium.java_client.remote.AppiumCommandExecutor$1 lambda$0
04-06-2021 01:03:48.375 [java] [ERROR] INFO: Detected dialect: W3C
04-06-2021 01:03:50.812 [java] [INFO] java.lang.NullPointerException: Cannot invoke "java.net.URL.getFile()" because the return value of "java.lang.ClassLoader.getResource(String)" is null
04-06-2021 01:03:53.248 [html-report] [DEBUG] Transformed SuiteResult to report structure
04-06-2021 01:03:59.054 [html-report] [INFO] Successfully generated html-report to => C:\Users\testinium\Desktop\Mobile_Testing_ByAppium\reports\html-report\index.html
04-06-2021 01:03:59.054 [html-report] [DEBUG] Done generating HTML report using theme from C:\Users\testinium\AppData\Roaming\gauge\plugins\html-report\4.0.12\themes\default
04-06-2021 01:03:59.061 [Gauge] [DEBUG] Sending kill message to Html Report plugin.
04-06-2021 01:03:59.776 [Gauge] [DEBUG] Runner with PID:6104 has exited
04-06-2021 01:03:59.776 [Gauge] [INFO] Specifications:	1 executed	0 passed	1 failed	0 skipped
04-06-2021 01:03:59.776 [Gauge] [INFO] Scenarios:	1 executed	0 passed	1 failed	0 skipped
04-06-2021 01:03:59.776 [Gauge] [INFO] 
Total time taken: 1m7.225s
04-06-2021 01:07:30.204 [Gauge] [DEBUG] Created gauge_screenshots_dir at C:\Users\testinium\Desktop\Mobile_Testing_ByAppium\.gauge\screenshots
04-06-2021 01:07:30.208 [Gauge] [DEBUG] Plugin java is already installed.
04-06-2021 01:07:30.210 [Gauge] [DEBUG] Plugin html-report is already installed.
04-06-2021 01:07:30.210 [Gauge] [DEBUG] Parsing started.
04-06-2021 01:07:30.211 [Gauge] [DEBUG] Started concepts parsing.
04-06-2021 01:07:30.219 [Gauge] [DEBUG] 12 concepts parsing completed.
04-06-2021 01:07:30.219 [Gauge] [DEBUG] Started specifications parsing.
04-06-2021 01:07:30.220 [Gauge] [DEBUG] 1 specifications parsing completed.
04-06-2021 01:07:30.220 [Gauge] [DEBUG] Parsing completed.
04-06-2021 01:07:30.245 [java] [DEBUG] ***** Printing Properties/Env Values *****
04-06-2021 01:07:30.245 [java] [DEBUG] PATH: C:\Windows\system32;C:\Windows;C:\Windows\System32\Wbem;C:\Windows\System32\WindowsPowerShell\v1.0\;C:\Windows\System32\OpenSSH\;C:\WINDOWS\system32;C:\WINDOWS;C:\WINDOWS\System32\Wbem;C:\WINDOWS\System32\WindowsPowerShell\v1.0\;C:\WINDOWS\System32\OpenSSH\;C:\Program Files\Git\cmd;C:\Program Files\nodejs\;C:\Program Files\Gauge\bin;C:\Program Files\Java\jdk-16.0.1;C:\Users\testinium\AppData\Local\Android\Sdk\build-tools;C:\Users\testinium\AppData\Local\Android\Sdk\tools;C:\Users\testinium\AppData\Local\Android\Sdk\platform-tools;C:\Program Files\Gauge\bin;C:\Program Files\apache-maven-3.8.1\bin;C:\Users\testinium\AppData\Local\Microsoft\WindowsApps;C:\Users\testinium\AppData\Roaming\npm;C:\Users\testinium\AppData\Roaming\gauge\plugins\screenshot\0.0.1
04-06-2021 01:07:30.245 [java] [DEBUG] JAVA_HOME: C:\Program Files\Java\jdk-16.0.1
04-06-2021 01:07:30.245 [java] [DEBUG] gauge_project_root: C:\Users\testinium\Desktop\Mobile_Testing_ByAppium
04-06-2021 01:07:30.245 [java] [DEBUG] gauge_parallel_streams_count: 8
04-06-2021 01:07:30.245 [java] [DEBUG] gauge_reports_dir: reports
04-06-2021 01:07:30.245 [java] [DEBUG] overwrite_reports: true
04-06-2021 01:07:30.245 [java] [DEBUG] logs_directory: logs
04-06-2021 01:07:30.245 [java] [DEBUG] enable_multithreading: false
04-06-2021 01:07:30.245 [java] [DEBUG] gauge_specs_dir: specs
04-06-2021 01:07:30.245 [java] [DEBUG] csv_delimiter: ,
04-06-2021 01:07:30.245 [java] [DEBUG] gauge_java_home: 
04-06-2021 01:07:30.245 [java] [DEBUG] gauge_custom_build_path: 
04-06-2021 01:07:30.245 [java] [DEBUG] gauge_additional_libs: libs/*
04-06-2021 01:07:30.245 [java] [DEBUG] gauge_jvm_args: 
04-06-2021 01:07:30.245 [java] [DEBUG] gauge_custom_compile_dir: 
04-06-2021 01:07:30.245 [java] [DEBUG] gauge_clear_state_level: scenario
04-06-2021 01:07:30.245 [java] [DEBUG] ***** END *****
04-06-2021 01:07:30.910 [Gauge] [DEBUG] Checking updates...
04-06-2021 01:07:30.912 [Gauge] [DEBUG] Downloading https://downloads.gauge.org/plugin/html-report?l=java&p=html-report,java,screenshot,spectacle&o=windows&a=amd64
04-06-2021 01:07:31.390 [Gauge] [DEBUG] Downloading https://downloads.gauge.org/plugin/java?l=java&p=html-report,java,screenshot,spectacle&o=windows&a=amd64
04-06-2021 01:07:31.564 [Gauge] [DEBUG] Downloading https://downloads.gauge.org/plugin/screenshot?l=java&p=html-report,java,screenshot,spectacle&o=windows&a=amd64
04-06-2021 01:07:31.762 [Gauge] [DEBUG] Downloading https://downloads.gauge.org/plugin/spectacle?l=java&p=html-report,java,screenshot,spectacle&o=windows&a=amd64
04-06-2021 01:07:34.124 [java] [ERROR] Installed version of gauge-java (0.7.15) does not match with dependency gauge-java (0.7.4) specified in pom.xml file
04-06-2021 01:07:34.124 [java] [DEBUG] classpath set to C:\Users\testinium\.jdks\openjdk-16.0.1!\java.base;C:\Users\testinium\.jdks\openjdk-16.0.1!\java.compiler;C:\Users\testinium\.jdks\openjdk-16.0.1!\java.datatransfer;C:\Users\testinium\.jdks\openjdk-16.0.1!\java.desktop;C:\Users\testinium\.jdks\openjdk-16.0.1!\java.instrument;C:\Users\testinium\.jdks\openjdk-16.0.1!\java.logging;C:\Users\testinium\.jdks\openjdk-16.0.1!\java.management;C:\Users\testinium\.jdks\openjdk-16.0.1!\java.management.rmi;C:\Users\testinium\.jdks\openjdk-16.0.1!\java.naming;C:\Users\testinium\.jdks\openjdk-16.0.1!\java.net.http;C:\Users\testinium\.jdks\openjdk-16.0.1!\java.prefs;C:\Users\testinium\.jdks\openjdk-16.0.1!\java.rmi;C:\Users\testinium\.jdks\openjdk-16.0.1!\java.scripting;C:\Users\testinium\.jdks\openjdk-16.0.1!\java.se;C:\Users\testinium\.jdks\openjdk-16.0.1!\java.security.jgss;C:\Users\testinium\.jdks\openjdk-16.0.1!\java.security.sasl;C:\Users\testinium\.jdks\openjdk-16.0.1!\java.smartcardio;C:\Users\testinium\.jdks\openjdk-16.0.1!\java.sql;C:\Users\testinium\.jdks\openjdk-16.0.1!\java.sql.rowset;C:\Users\testinium\.jdks\openjdk-16.0.1!\java.transaction.xa;C:\Users\testinium\.jdks\openjdk-16.0.1!\java.xml;C:\Users\testinium\.jdks\openjdk-16.0.1!\java.xml.crypto;C:\Users\testinium\.jdks\openjdk-16.0.1!\jdk.accessibility;C:\Users\testinium\.jdks\openjdk-16.0.1!\jdk.attach;C:\Users\testinium\.jdks\openjdk-16.0.1!\jdk.charsets;C:\Users\testinium\.jdks\openjdk-16.0.1!\jdk.compiler;C:\Users\testinium\.jdks\openjdk-16.0.1!\jdk.crypto.cryptoki;C:\Users\testinium\.jdks\openjdk-16.0.1!\jdk.crypto.ec;C:\Users\testinium\.jdks\openjdk-16.0.1!\jdk.crypto.mscapi;C:\Users\testinium\.jdks\openjdk-16.0.1!\jdk.dynalink;C:\Users\testinium\.jdks\openjdk-16.0.1!\jdk.editpad;C:\Users\testinium\.jdks\openjdk-16.0.1!\jdk.hotspot.agent;C:\Users\testinium\.jdks\openjdk-16.0.1!\jdk.httpserver;C:\Users\testinium\.jdks\openjdk-16.0.1!\jdk.incubator.foreign;C:\Users\testinium\.jdks\openjdk-16.0.1!\jdk.incubator.vector;C:\Users\testinium\.jdks\openjdk-16.0.1!\jdk.internal.ed;C:\Users\testinium\.jdks\openjdk-16.0.1!\jdk.internal.jvmstat;C:\Users\testinium\.jdks\openjdk-16.0.1!\jdk.internal.le;C:\Users\testinium\.jdks\openjdk-16.0.1!\jdk.internal.opt;C:\Users\testinium\.jdks\openjdk-16.0.1!\jdk.internal.vm.ci;C:\Users\testinium\.jdks\openjdk-16.0.1!\jdk.jartool;C:\Users\testinium\.jdks\openjdk-16.0.1!\jdk.javadoc;C:\Users\testinium\.jdks\openjdk-16.0.1!\jdk.jcmd;C:\Users\testinium\.jdks\openjdk-16.0.1!\jdk.jconsole;C:\Users\testinium\.jdks\openjdk-16.0.1!\jdk.jdeps;C:\Users\testinium\.jdks\openjdk-16.0.1!\jdk.jdi;C:\Users\testinium\.jdks\openjdk-16.0.1!\jdk.jdwp.agent;C:\Users\testinium\.jdks\openjdk-16.0.1!\jdk.jfr;C:\Users\testinium\.jdks\openjdk-16.0.1!\jdk.jlink;C:\Users\testinium\.jdks\openjdk-16.0.1!\jdk.jpackage;C:\Users\testinium\.jdks\openjdk-16.0.1!\jdk.jshell;C:\Users\testinium\.jdks\openjdk-16.0.1!\jdk.jsobject;C:\Users\testinium\.jdks\openjdk-16.0.1!\jdk.jstatd;C:\Users\testinium\.jdks\openjdk-16.0.1!\jdk.localedata;C:\Users\testinium\.jdks\openjdk-16.0.1!\jdk.management;C:\Users\testinium\.jdks\openjdk-16.0.1!\jdk.management.agent;C:\Users\testinium\.jdks\openjdk-16.0.1!\jdk.management.jfr;C:\Users\testinium\.jdks\openjdk-16.0.1!\jdk.naming.dns;C:\Users\testinium\.jdks\openjdk-16.0.1!\jdk.naming.rmi;C:\Users\testinium\.jdks\openjdk-16.0.1!\jdk.net;C:\Users\testinium\.jdks\openjdk-16.0.1!\jdk.nio.mapmode;C:\Users\testinium\.jdks\openjdk-16.0.1!\jdk.sctp;C:\Users\testinium\.jdks\openjdk-16.0.1!\jdk.security.auth;C:\Users\testinium\.jdks\openjdk-16.0.1!\jdk.security.jgss;C:\Users\testinium\.jdks\openjdk-16.0.1!\jdk.unsupported;C:\Users\testinium\.jdks\openjdk-16.0.1!\jdk.unsupported.desktop;C:\Users\testinium\.jdks\openjdk-16.0.1!\jdk.xml.dom;C:\Users\testinium\.jdks\openjdk-16.0.1!\jdk.zipfs;C:\Users\testinium\Desktop\Mobile_Testing_ByAppium\target\test-classes;C:\Users\testinium\.m2\repository\junit\junit\4.12\junit-4.12.jar;C:\Users\testinium\.m2\repository\org\hamcrest\hamcrest-core\1.3\hamcrest-core-1.3.jar;C:\Users\testinium\.m2\repository\com\thoughtworks\gauge\gauge-java\0.7.4\gauge-java-0.7.4.jar;C:\Users\testinium\.m2\repository\org\assertj\assertj-core\3.14.0\assertj-core-3.14.0.jar;C:\Users\testinium\.m2\repository\org\reflections\reflections\0.9.11\reflections-0.9.11.jar;C:\Users\testinium\.m2\repository\org\javassist\javassist\3.21.0-GA\javassist-3.21.0-GA.jar;C:\Users\testinium\.m2\repository\com\github\javaparser\javaparser-core\2.5.1\javaparser-core-2.5.1.jar;C:\Users\testinium\.m2\repository\commons-io\commons-io\2.6\commons-io-2.6.jar;C:\Users\testinium\.m2\repository\commons-lang\commons-lang\2.6\commons-lang-2.6.jar;C:\Users\testinium\.m2\repository\org\json\json\20190722\json-20190722.jar;C:\Users\testinium\.m2\repository\com\google\protobuf\protobuf-java\3.11.1\protobuf-java-3.11.1.jar;C:\Users\testinium\.m2\repository\com\google\guava\guava\28.2-jre\guava-28.2-jre.jar;C:\Users\testinium\.m2\repository\com\google\guava\failureaccess\1.0.1\failureaccess-1.0.1.jar;C:\Users\testinium\.m2\repository\com\google\guava\listenablefuture\9999.0-empty-to-avoid-conflict-with-guava\listenablefuture-9999.0-empty-to-avoid-conflict-with-guava.jar;C:\Users\testinium\.m2\repository\com\google\code\findbugs\jsr305\3.0.2\jsr305-3.0.2.jar;C:\Users\testinium\.m2\repository\org\checkerframework\checker-qual\2.10.0\checker-qual-2.10.0.jar;C:\Users\testinium\.m2\repository\com\google\errorprone\error_prone_annotations\2.3.4\error_prone_annotations-2.3.4.jar;C:\Users\testinium\.m2\repository\com\google\j2objc\j2objc-annotations\1.3\j2objc-annotations-1.3.jar;C:\Users\testinium\.m2\repository\io\grpc\grpc-netty-shaded\1.26.0\grpc-netty-shaded-1.26.0.jar;C:\Users\testinium\.m2\repository\io\grpc\grpc-core\1.26.0\grpc-core-1.26.0.jar;C:\Users\testinium\.m2\repository\com\google\android\annotations\4.1.1.4\annotations-4.1.1.4.jar;C:\Users\testinium\.m2\repository\io\perfmark\perfmark-api\0.19.0\perfmark-api-0.19.0.jar;C:\Users\testinium\.m2\repository\io\opencensus\opencensus-api\0.24.0\opencensus-api-0.24.0.jar;C:\Users\testinium\.m2\repository\io\opencensus\opencensus-contrib-grpc-metrics\0.24.0\opencensus-contrib-grpc-metrics-0.24.0.jar;C:\Users\testinium\.m2\repository\io\grpc\grpc-protobuf\1.26.0\grpc-protobuf-1.26.0.jar;C:\Users\testinium\.m2\repository\io\grpc\grpc-api\1.26.0\grpc-api-1.26.0.jar;C:\Users\testinium\.m2\repository\io\grpc\grpc-context\1.26.0\grpc-context-1.26.0.jar;C:\Users\testinium\.m2\repository\org\codehaus\mojo\animal-sniffer-annotations\1.17\animal-sniffer-annotations-1.17.jar;C:\Users\testinium\.m2\repository\com\google\api\grpc\proto-google-common-protos\1.12.0\proto-google-common-protos-1.12.0.jar;C:\Users\testinium\.m2\repository\io\grpc\grpc-protobuf-lite\1.26.0\grpc-protobuf-lite-1.26.0.jar;C:\Users\testinium\.m2\repository\io\grpc\grpc-stub\1.24.1\grpc-stub-1.24.1.jar;C:\Users\testinium\.m2\repository\javax\annotation\javax.annotation-api\1.3.2\javax.annotation-api-1.3.2.jar;C:\Users\testinium\.m2\repository\io\appium\java-client\7.3.0\java-client-7.3.0.jar;C:\Users\testinium\.m2\repository\org\seleniumhq\selenium\selenium-java\3.141.59\selenium-java-3.141.59.jar;C:\Users\testinium\.m2\repository\org\seleniumhq\selenium\selenium-chrome-driver\3.141.59\selenium-chrome-driver-3.141.59.jar;C:\Users\testinium\.m2\repository\org\seleniumhq\selenium\selenium-edge-driver\3.141.59\selenium-edge-driver-3.141.59.jar;C:\Users\testinium\.m2\repository\org\seleniumhq\selenium\selenium-firefox-driver\3.141.59\selenium-firefox-driver-3.141.59.jar;C:\Users\testinium\.m2\repository\org\seleniumhq\selenium\selenium-ie-driver\3.141.59\selenium-ie-driver-3.141.59.jar;C:\Users\testinium\.m2\repository\org\seleniumhq\selenium\selenium-opera-driver\3.141.59\selenium-opera-driver-3.141.59.jar;C:\Users\testinium\.m2\repository\org\seleniumhq\selenium\selenium-remote-driver\3.141.59\selenium-remote-driver-3.141.59.jar;C:\Users\testinium\.m2\repository\org\seleniumhq\selenium\selenium-safari-driver\3.141.59\selenium-safari-driver-3.141.59.jar;C:\Users\testinium\.m2\repository\net\bytebuddy\byte-buddy\1.8.15\byte-buddy-1.8.15.jar;C:\Users\testinium\.m2\repository\org\apache\commons\commons-exec\1.3\commons-exec-1.3.jar;C:\Users\testinium\.m2\repository\com\squareup\okhttp3\okhttp\3.11.0\okhttp-3.11.0.jar;C:\Users\testinium\.m2\repository\com\squareup\okio\okio\1.14.0\okio-1.14.0.jar;C:\Users\testinium\.m2\repository\org\seleniumhq\selenium\selenium-support\3.141.59\selenium-support-3.141.59.jar;C:\Users\testinium\.m2\repository\org\seleniumhq\selenium\selenium-api\3.141.59\selenium-api-3.141.59.jar;C:\Users\testinium\.m2\repository\com\google\code\gson\gson\2.8.5\gson-2.8.5.jar;C:\Users\testinium\.m2\repository\org\apache\httpcomponents\httpclient\4.5.9\httpclient-4.5.9.jar;C:\Users\testinium\.m2\repository\org\apache\httpcomponents\httpcore\4.4.11\httpcore-4.4.11.jar;C:\Users\testinium\.m2\repository\commons-logging\commons-logging\1.2\commons-logging-1.2.jar;C:\Users\testinium\.m2\repository\cglib\cglib\3.2.12\cglib-3.2.12.jar;C:\Users\testinium\.m2\repository\org\ow2\asm\asm\7.1\asm-7.1.jar;C:\Users\testinium\.m2\repository\commons-validator\commons-validator\1.6\commons-validator-1.6.jar;C:\Users\testinium\.m2\repository\commons-beanutils\commons-beanutils\1.9.2\commons-beanutils-1.9.2.jar;C:\Users\testinium\.m2\repository\commons-digester\commons-digester\1.8.1\commons-digester-1.8.1.jar;C:\Users\testinium\.m2\repository\commons-collections\commons-collections\3.2.2\commons-collections-3.2.2.jar;C:\Users\testinium\.m2\repository\org\apache\commons\commons-lang3\3.9\commons-lang3-3.9.jar;C:\Users\testinium\.m2\repository\org\springframework\spring-context\5.1.8.RELEASE\spring-context-5.1.8.RELEASE.jar;C:\Users\testinium\.m2\repository\org\springframework\spring-aop\5.1.8.RELEASE\spring-aop-5.1.8.RELEASE.jar;C:\Users\testinium\.m2\repository\org\springframework\spring-beans\5.1.8.RELEASE\spring-beans-5.1.8.RELEASE.jar;C:\Users\testinium\.m2\repository\org\springframework\spring-core\5.1.8.RELEASE\spring-core-5.1.8.RELEASE.jar;C:\Users\testinium\.m2\repository\org\springframework\spring-jcl\5.1.8.RELEASE\spring-jcl-5.1.8.RELEASE.jar;C:\Users\testinium\.m2\repository\org\springframework\spring-expression\5.1.8.RELEASE\spring-expression-5.1.8.RELEASE.jar;C:\Users\testinium\.m2\repository\org\aspectj\aspectjweaver\1.9.4\aspectjweaver-1.9.4.jar;C:\Users\testinium\.m2\repository\org\slf4j\slf4j-api\1.7.26\slf4j-api-1.7.26.jar;C:\Users\testinium\.m2\repository\org\testng\testng\6.14.3\testng-6.14.3.jar;C:\Users\testinium\.m2\repository\com\beust\jcommander\1.72\jcommander-1.72.jar;C:\Users\testinium\.m2\repository\org\apache-extras\beanshell\bsh\2.0b6\bsh-2.0b6.jar;C:\Users\testinium\.m2\repository\org\apache\poi\poi\4.1.2\poi-4.1.2.jar;C:\Users\testinium\.m2\repository\commons-codec\commons-codec\1.13\commons-codec-1.13.jar;C:\Users\testinium\.m2\repository\org\apache\commons\commons-collections4\4.4\commons-collections4-4.4.jar;C:\Users\testinium\.m2\repository\org\apache\commons\commons-math3\3.6.1\commons-math3-3.6.1.jar;C:\Users\testinium\.m2\repository\com\zaxxer\SparseBitSet\1.2\SparseBitSet-1.2.jar;C:\Users\testinium\.m2\repository\com\googlecode\json-simple\json-simple\1.1\json-simple-1.1.jar
04-06-2021 01:07:34.185 [java] [DEBUG] found java executable in C:\Program Files\Java\jdk-16.0.1\bin\java.exe
04-06-2021 01:07:34.185 [java] [DEBUG] running - C:\Program Files\Java\jdk-16.0.1\bin\java.exe [-Dfile.encoding=UTF-8 com.thoughtworks.gauge.GaugeRuntime --start]
04-06-2021 01:07:34.185 [java] [DEBUG] stdout/stderr is logged to logs\3624-java.exe.out
04-06-2021 01:07:34.671 [java] [ERROR] SLF4J: Failed to load class "org.slf4j.impl.StaticLoggerBinder".
04-06-2021 01:07:34.671 [java] [ERROR] SLF4J: Defaulting to no-operation (NOP) logger implementation
04-06-2021 01:07:34.671 [java] [ERROR] SLF4J: See http://www.slf4j.org/codes.html#StaticLoggerBinder for further details.
04-06-2021 01:07:35.872 [Gauge] [DEBUG] Attempting to connect to grpc server at port: 53580
04-06-2021 01:07:36.051 [Gauge] [DEBUG] Successfully made the connection with runner with port: 53580
04-06-2021 01:07:36.051 [Gauge] [DEBUG] Validation started.
04-06-2021 01:07:36.348 [Gauge] [DEBUG] Validation completed.
04-06-2021 01:07:36.349 [Gauge] [DEBUG] Run started
04-06-2021 01:07:36.350 [Gauge] [DEBUG] Starting Html Report plugin
04-06-2021 01:07:36.556 [Gauge] [DEBUG] Attempting to connect to grpc server at port: 53590
04-06-2021 01:07:36.590 [Gauge] [DEBUG] Successfully made the connection with plugin with port: 53590
04-06-2021 01:07:36.590 [Gauge] [DEBUG] Initialising suite data store.
04-06-2021 01:07:41.779 [java] [DEBUG] Scanning packages for steps
04-06-2021 01:07:41.821 [java] [DEBUG] Scanning packages for hooks
04-06-2021 01:08:35.073 [java] [ERROR] Jun 04, 2021 1:08:34 AM io.appium.java_client.remote.AppiumCommandExecutor$1 lambda$0
04-06-2021 01:08:35.073 [java] [ERROR] INFO: Detected dialect: W3C
04-06-2021 01:08:39.744 [java] [INFO] java.lang.NullPointerException: Cannot invoke "java.net.URL.getFile()" because the return value of "java.lang.ClassLoader.getResource(String)" is null
04-06-2021 01:08:41.662 [html-report] [DEBUG] Transformed SuiteResult to report structure
04-06-2021 01:08:44.226 [Gauge] [DEBUG] Sending kill message to Html Report plugin.
04-06-2021 01:08:44.249 [html-report] [INFO] Successfully generated html-report to => C:\Users\testinium\Desktop\Mobile_Testing_ByAppium\reports\html-report\index.html
04-06-2021 01:08:44.249 [html-report] [DEBUG] Done generating HTML report using theme from C:\Users\testinium\AppData\Roaming\gauge\plugins\html-report\4.0.12\themes\default
04-06-2021 01:08:45.084 [Gauge] [DEBUG] Runner with PID:3624 has exited
04-06-2021 01:08:45.084 [Gauge] [INFO] Specifications:	1 executed	0 passed	1 failed	0 skipped
04-06-2021 01:08:45.084 [Gauge] [INFO] Scenarios:	1 executed	0 passed	1 failed	0 skipped
04-06-2021 01:08:45.084 [Gauge] [INFO] 
Total time taken: 1m4.929s
04-06-2021 01:09:02.113 [Gauge] [DEBUG] Created gauge_screenshots_dir at C:\Users\testinium\Desktop\Mobile_Testing_ByAppium\.gauge\screenshots
04-06-2021 01:09:02.119 [Gauge] [DEBUG] Plugin java is already installed.
04-06-2021 01:09:02.121 [Gauge] [DEBUG] Plugin html-report is already installed.
04-06-2021 01:09:02.122 [Gauge] [DEBUG] Parsing started.
04-06-2021 01:09:02.122 [Gauge] [DEBUG] Started concepts parsing.
04-06-2021 01:09:02.146 [Gauge] [DEBUG] 12 concepts parsing completed.
04-06-2021 01:09:02.146 [Gauge] [DEBUG] Started specifications parsing.
04-06-2021 01:09:02.149 [Gauge] [DEBUG] 1 specifications parsing completed.
04-06-2021 01:09:02.150 [Gauge] [DEBUG] Parsing completed.
04-06-2021 01:09:02.190 [java] [DEBUG] ***** Printing Properties/Env Values *****
04-06-2021 01:09:02.190 [java] [DEBUG] PATH: C:\Windows\system32;C:\Windows;C:\Windows\System32\Wbem;C:\Windows\System32\WindowsPowerShell\v1.0\;C:\Windows\System32\OpenSSH\;C:\WINDOWS\system32;C:\WINDOWS;C:\WINDOWS\System32\Wbem;C:\WINDOWS\System32\WindowsPowerShell\v1.0\;C:\WINDOWS\System32\OpenSSH\;C:\Program Files\Git\cmd;C:\Program Files\nodejs\;C:\Program Files\Gauge\bin;C:\Program Files\Java\jdk-16.0.1;C:\Users\testinium\AppData\Local\Android\Sdk\build-tools;C:\Users\testinium\AppData\Local\Android\Sdk\tools;C:\Users\testinium\AppData\Local\Android\Sdk\platform-tools;C:\Program Files\Gauge\bin;C:\Program Files\apache-maven-3.8.1\bin;C:\Users\testinium\AppData\Local\Microsoft\WindowsApps;C:\Users\testinium\AppData\Roaming\npm;C:\Users\testinium\AppData\Roaming\gauge\plugins\screenshot\0.0.1
04-06-2021 01:09:02.190 [java] [DEBUG] JAVA_HOME: C:\Program Files\Java\jdk-16.0.1
04-06-2021 01:09:02.190 [java] [DEBUG] gauge_project_root: C:\Users\testinium\Desktop\Mobile_Testing_ByAppium
04-06-2021 01:09:02.190 [java] [DEBUG] gauge_parallel_streams_count: 8
04-06-2021 01:09:02.190 [java] [DEBUG] gauge_reports_dir: reports
04-06-2021 01:09:02.190 [java] [DEBUG] overwrite_reports: true
04-06-2021 01:09:02.190 [java] [DEBUG] logs_directory: logs
04-06-2021 01:09:02.190 [java] [DEBUG] enable_multithreading: false
04-06-2021 01:09:02.190 [java] [DEBUG] gauge_specs_dir: specs
04-06-2021 01:09:02.190 [java] [DEBUG] csv_delimiter: ,
04-06-2021 01:09:02.190 [java] [DEBUG] gauge_java_home: 
04-06-2021 01:09:02.190 [java] [DEBUG] gauge_custom_build_path: 
04-06-2021 01:09:02.190 [java] [DEBUG] gauge_additional_libs: libs/*
04-06-2021 01:09:02.190 [java] [DEBUG] gauge_jvm_args: 
04-06-2021 01:09:02.190 [java] [DEBUG] gauge_custom_compile_dir: 
04-06-2021 01:09:02.190 [java] [DEBUG] gauge_clear_state_level: scenario
04-06-2021 01:09:02.190 [java] [DEBUG] ***** END *****
04-06-2021 01:09:02.951 [Gauge] [DEBUG] Checking updates...
04-06-2021 01:09:02.954 [Gauge] [DEBUG] Downloading https://downloads.gauge.org/plugin/html-report?l=java&p=html-report,java,screenshot,spectacle&o=windows&a=amd64
04-06-2021 01:09:03.545 [Gauge] [DEBUG] Downloading https://downloads.gauge.org/plugin/java?l=java&p=html-report,java,screenshot,spectacle&o=windows&a=amd64
04-06-2021 01:09:03.741 [Gauge] [DEBUG] Downloading https://downloads.gauge.org/plugin/screenshot?l=java&p=html-report,java,screenshot,spectacle&o=windows&a=amd64
04-06-2021 01:09:03.957 [Gauge] [DEBUG] Downloading https://downloads.gauge.org/plugin/spectacle?l=java&p=html-report,java,screenshot,spectacle&o=windows&a=amd64
04-06-2021 01:09:05.706 [Gauge] [DEBUG] gauge run specs\ThyBookingTest.spec:8
04-06-2021 01:09:05.706 [Gauge] [DEBUG] failed : [false]
04-06-2021 01:09:05.706 [Gauge] [DEBUG] hide-suggestion : [true]
04-06-2021 01:09:05.706 [Gauge] [DEBUG] machine-readable : [true]
04-06-2021 01:09:05.706 [Gauge] [DEBUG] simple-console : [true]
04-06-2021 01:09:05.706 [Gauge] [DEBUG] skip-save : [true]
04-06-2021 01:09:05.707 [Gauge] [DEBUG] 'gauge_environment' set to 'default'
04-06-2021 01:09:05.712 [Gauge] [DEBUG] Created gauge_screenshots_dir at C:\Users\testinium\Desktop\Mobile_Testing_ByAppium\.gauge\screenshots
04-06-2021 01:09:05.715 [Gauge] [DEBUG] Plugin html-report is already installed.
04-06-2021 01:09:05.717 [Gauge] [DEBUG] Plugin java is already installed.
04-06-2021 01:09:05.718 [Gauge] [DEBUG] Parsing started.
04-06-2021 01:09:05.718 [Gauge] [DEBUG] Started concepts parsing.
04-06-2021 01:09:05.737 [Gauge] [DEBUG] 12 concepts parsing completed.
04-06-2021 01:09:05.737 [Gauge] [DEBUG] Started specifications parsing.
04-06-2021 01:09:05.739 [Gauge] [DEBUG] 1 specifications parsing completed.
04-06-2021 01:09:05.739 [Gauge] [DEBUG] Parsing completed.
04-06-2021 01:09:05.823 [java] [DEBUG] ***** Printing Properties/Env Values *****
04-06-2021 01:09:05.823 [java] [DEBUG] PATH: C:\Windows\system32;C:\Windows;C:\Windows\System32\Wbem;C:\Windows\System32\WindowsPowerShell\v1.0\;C:\Windows\System32\OpenSSH\;C:\WINDOWS\system32;C:\WINDOWS;C:\WINDOWS\System32\Wbem;C:\WINDOWS\System32\WindowsPowerShell\v1.0\;C:\WINDOWS\System32\OpenSSH\;C:\Program Files\Git\cmd;C:\Program Files\nodejs\;C:\Program Files\Gauge\bin;C:\Program Files\Java\jdk-16.0.1;C:\Users\testinium\AppData\Local\Android\Sdk\build-tools;C:\Users\testinium\AppData\Local\Android\Sdk\tools;C:\Users\testinium\AppData\Local\Android\Sdk\platform-tools;C:\Program Files\Gauge\bin;C:\Program Files\apache-maven-3.8.1\bin;C:\Users\testinium\AppData\Local\Microsoft\WindowsApps;C:\Users\testinium\AppData\Roaming\npm;C:\Users\testinium\AppData\Roaming\gauge\plugins\screenshot\0.0.1
04-06-2021 01:09:05.823 [java] [DEBUG] JAVA_HOME: C:\Program Files\Java\jdk-16.0.1
04-06-2021 01:09:05.823 [java] [DEBUG] gauge_project_root: C:\Users\testinium\Desktop\Mobile_Testing_ByAppium
04-06-2021 01:09:05.823 [java] [DEBUG] gauge_parallel_streams_count: 8
04-06-2021 01:09:05.823 [java] [DEBUG] gauge_reports_dir: reports
04-06-2021 01:09:05.823 [java] [DEBUG] overwrite_reports: true
04-06-2021 01:09:05.823 [java] [DEBUG] logs_directory: logs
04-06-2021 01:09:05.823 [java] [DEBUG] enable_multithreading: false
04-06-2021 01:09:05.823 [java] [DEBUG] gauge_specs_dir: specs
04-06-2021 01:09:05.823 [java] [DEBUG] csv_delimiter: ,
04-06-2021 01:09:05.823 [java] [DEBUG] gauge_java_home: 
04-06-2021 01:09:05.823 [java] [DEBUG] gauge_custom_build_path: 
04-06-2021 01:09:05.825 [java] [DEBUG] gauge_additional_libs: libs/*
04-06-2021 01:09:05.825 [java] [DEBUG] gauge_jvm_args: 
04-06-2021 01:09:05.825 [java] [DEBUG] gauge_custom_compile_dir: 
04-06-2021 01:09:05.825 [java] [DEBUG] gauge_clear_state_level: scenario
04-06-2021 01:09:05.825 [java] [DEBUG] ***** END *****
04-06-2021 01:09:06.197 [Gauge] [DEBUG] Checking updates...
04-06-2021 01:09:06.199 [Gauge] [DEBUG] Downloading https://downloads.gauge.org/plugin/html-report?l=java&p=html-report,java,screenshot,spectacle&o=windows&a=amd64
04-06-2021 01:09:06.950 [Gauge] [DEBUG] Downloading https://downloads.gauge.org/plugin/java?l=java&p=html-report,java,screenshot,spectacle&o=windows&a=amd64
04-06-2021 01:09:07.454 [Gauge] [DEBUG] Downloading https://downloads.gauge.org/plugin/screenshot?l=java&p=html-report,java,screenshot,spectacle&o=windows&a=amd64
04-06-2021 01:09:07.714 [Gauge] [DEBUG] Downloading https://downloads.gauge.org/plugin/spectacle?l=java&p=html-report,java,screenshot,spectacle&o=windows&a=amd64
04-06-2021 01:09:15.081 [Gauge] [DEBUG] gauge run specs\ThyBookingTest.spec:8
04-06-2021 01:09:15.082 [Gauge] [DEBUG] failed : [false]
04-06-2021 01:09:15.083 [Gauge] [DEBUG] hide-suggestion : [true]
04-06-2021 01:09:15.083 [Gauge] [DEBUG] machine-readable : [true]
04-06-2021 01:09:15.083 [Gauge] [DEBUG] simple-console : [true]
04-06-2021 01:09:15.083 [Gauge] [DEBUG] skip-save : [true]
04-06-2021 01:09:15.083 [Gauge] [DEBUG] 'gauge_environment' set to 'default'
04-06-2021 01:09:15.126 [Gauge] [DEBUG] Created gauge_screenshots_dir at C:\Users\testinium\Desktop\Mobile_Testing_ByAppium\.gauge\screenshots
04-06-2021 01:09:15.138 [Gauge] [DEBUG] Plugin java is already installed.
04-06-2021 01:09:15.163 [Gauge] [DEBUG] Plugin html-report is already installed.
04-06-2021 01:09:15.164 [Gauge] [DEBUG] Parsing started.
04-06-2021 01:09:15.164 [Gauge] [DEBUG] Started concepts parsing.
04-06-2021 01:09:15.424 [Gauge] [DEBUG] 12 concepts parsing completed.
04-06-2021 01:09:15.433 [Gauge] [DEBUG] Started specifications parsing.
04-06-2021 01:09:15.452 [Gauge] [DEBUG] 1 specifications parsing completed.
04-06-2021 01:09:15.452 [Gauge] [DEBUG] Parsing completed.
04-06-2021 01:09:15.928 [java] [DEBUG] ***** Printing Properties/Env Values *****
04-06-2021 01:09:15.928 [java] [DEBUG] PATH: C:\Windows\system32;C:\Windows;C:\Windows\System32\Wbem;C:\Windows\System32\WindowsPowerShell\v1.0\;C:\Windows\System32\OpenSSH\;C:\WINDOWS\system32;C:\WINDOWS;C:\WINDOWS\System32\Wbem;C:\WINDOWS\System32\WindowsPowerShell\v1.0\;C:\WINDOWS\System32\OpenSSH\;C:\Program Files\Git\cmd;C:\Program Files\nodejs\;C:\Program Files\Gauge\bin;C:\Program Files\Java\jdk-16.0.1;C:\Users\testinium\AppData\Local\Android\Sdk\build-tools;C:\Users\testinium\AppData\Local\Android\Sdk\tools;C:\Users\testinium\AppData\Local\Android\Sdk\platform-tools;C:\Program Files\Gauge\bin;C:\Program Files\apache-maven-3.8.1\bin;C:\Users\testinium\AppData\Local\Microsoft\WindowsApps;C:\Users\testinium\AppData\Roaming\npm;C:\Users\testinium\AppData\Roaming\gauge\plugins\screenshot\0.0.1
04-06-2021 01:09:15.928 [java] [DEBUG] JAVA_HOME: C:\Program Files\Java\jdk-16.0.1
04-06-2021 01:09:15.928 [java] [DEBUG] gauge_project_root: C:\Users\testinium\Desktop\Mobile_Testing_ByAppium
04-06-2021 01:09:15.928 [java] [DEBUG] gauge_parallel_streams_count: 8
04-06-2021 01:09:15.928 [java] [DEBUG] gauge_reports_dir: reports
04-06-2021 01:09:15.928 [java] [DEBUG] overwrite_reports: true
04-06-2021 01:09:15.928 [java] [DEBUG] logs_directory: logs
04-06-2021 01:09:15.928 [java] [DEBUG] enable_multithreading: false
04-06-2021 01:09:15.928 [java] [DEBUG] gauge_specs_dir: specs
04-06-2021 01:09:15.928 [java] [DEBUG] csv_delimiter: ,
04-06-2021 01:09:15.928 [java] [DEBUG] gauge_java_home: 
04-06-2021 01:09:15.928 [java] [DEBUG] gauge_custom_build_path: 
04-06-2021 01:09:15.928 [java] [DEBUG] gauge_additional_libs: libs/*
04-06-2021 01:09:15.928 [java] [DEBUG] gauge_jvm_args: 
04-06-2021 01:09:15.928 [java] [DEBUG] gauge_custom_compile_dir: 
04-06-2021 01:09:15.928 [java] [DEBUG] gauge_clear_state_level: scenario
04-06-2021 01:09:15.928 [java] [DEBUG] ***** END *****
04-06-2021 01:09:16.135 [Gauge] [DEBUG] Checking updates...
04-06-2021 01:09:16.143 [Gauge] [DEBUG] Downloading https://downloads.gauge.org/plugin/html-report?l=java&p=html-report,java,screenshot,spectacle&o=windows&a=amd64
04-06-2021 01:09:16.365 [java] [ERROR] Installed version of gauge-java (0.7.15) does not match with dependency gauge-java (0.7.4) specified in pom.xml file
04-06-2021 01:09:16.395 [java] [DEBUG] classpath set to C:\Users\testinium\.jdks\openjdk-16.0.1!\java.base;C:\Users\testinium\.jdks\openjdk-16.0.1!\java.compiler;C:\Users\testinium\.jdks\openjdk-16.0.1!\java.datatransfer;C:\Users\testinium\.jdks\openjdk-16.0.1!\java.desktop;C:\Users\testinium\.jdks\openjdk-16.0.1!\java.instrument;C:\Users\testinium\.jdks\openjdk-16.0.1!\java.logging;C:\Users\testinium\.jdks\openjdk-16.0.1!\java.management;C:\Users\testinium\.jdks\openjdk-16.0.1!\java.management.rmi;C:\Users\testinium\.jdks\openjdk-16.0.1!\java.naming;C:\Users\testinium\.jdks\openjdk-16.0.1!\java.net.http;C:\Users\testinium\.jdks\openjdk-16.0.1!\java.prefs;C:\Users\testinium\.jdks\openjdk-16.0.1!\java.rmi;C:\Users\testinium\.jdks\openjdk-16.0.1!\java.scripting;C:\Users\testinium\.jdks\openjdk-16.0.1!\java.se;C:\Users\testinium\.jdks\openjdk-16.0.1!\java.security.jgss;C:\Users\testinium\.jdks\openjdk-16.0.1!\java.security.sasl;C:\Users\testinium\.jdks\openjdk-16.0.1!\java.smartcardio;C:\Users\testinium\.jdks\openjdk-16.0.1!\java.sql;C:\Users\testinium\.jdks\openjdk-16.0.1!\java.sql.rowset;C:\Users\testinium\.jdks\openjdk-16.0.1!\java.transaction.xa;C:\Users\testinium\.jdks\openjdk-16.0.1!\java.xml;C:\Users\testinium\.jdks\openjdk-16.0.1!\java.xml.crypto;C:\Users\testinium\.jdks\openjdk-16.0.1!\jdk.accessibility;C:\Users\testinium\.jdks\openjdk-16.0.1!\jdk.attach;C:\Users\testinium\.jdks\openjdk-16.0.1!\jdk.charsets;C:\Users\testinium\.jdks\openjdk-16.0.1!\jdk.compiler;C:\Users\testinium\.jdks\openjdk-16.0.1!\jdk.crypto.cryptoki;C:\Users\testinium\.jdks\openjdk-16.0.1!\jdk.crypto.ec;C:\Users\testinium\.jdks\openjdk-16.0.1!\jdk.crypto.mscapi;C:\Users\testinium\.jdks\openjdk-16.0.1!\jdk.dynalink;C:\Users\testinium\.jdks\openjdk-16.0.1!\jdk.editpad;C:\Users\testinium\.jdks\openjdk-16.0.1!\jdk.hotspot.agent;C:\Users\testinium\.jdks\openjdk-16.0.1!\jdk.httpserver;C:\Users\testinium\.jdks\openjdk-16.0.1!\jdk.incubator.foreign;C:\Users\testinium\.jdks\openjdk-16.0.1!\jdk.incubator.vector;C:\Users\testinium\.jdks\openjdk-16.0.1!\jdk.internal.ed;C:\Users\testinium\.jdks\openjdk-16.0.1!\jdk.internal.jvmstat;C:\Users\testinium\.jdks\openjdk-16.0.1!\jdk.internal.le;C:\Users\testinium\.jdks\openjdk-16.0.1!\jdk.internal.opt;C:\Users\testinium\.jdks\openjdk-16.0.1!\jdk.internal.vm.ci;C:\Users\testinium\.jdks\openjdk-16.0.1!\jdk.jartool;C:\Users\testinium\.jdks\openjdk-16.0.1!\jdk.javadoc;C:\Users\testinium\.jdks\openjdk-16.0.1!\jdk.jcmd;C:\Users\testinium\.jdks\openjdk-16.0.1!\jdk.jconsole;C:\Users\testinium\.jdks\openjdk-16.0.1!\jdk.jdeps;C:\Users\testinium\.jdks\openjdk-16.0.1!\jdk.jdi;C:\Users\testinium\.jdks\openjdk-16.0.1!\jdk.jdwp.agent;C:\Users\testinium\.jdks\openjdk-16.0.1!\jdk.jfr;C:\Users\testinium\.jdks\openjdk-16.0.1!\jdk.jlink;C:\Users\testinium\.jdks\openjdk-16.0.1!\jdk.jpackage;C:\Users\testinium\.jdks\openjdk-16.0.1!\jdk.jshell;C:\Users\testinium\.jdks\openjdk-16.0.1!\jdk.jsobject;C:\Users\testinium\.jdks\openjdk-16.0.1!\jdk.jstatd;C:\Users\testinium\.jdks\openjdk-16.0.1!\jdk.localedata;C:\Users\testinium\.jdks\openjdk-16.0.1!\jdk.management;C:\Users\testinium\.jdks\openjdk-16.0.1!\jdk.management.agent;C:\Users\testinium\.jdks\openjdk-16.0.1!\jdk.management.jfr;C:\Users\testinium\.jdks\openjdk-16.0.1!\jdk.naming.dns;C:\Users\testinium\.jdks\openjdk-16.0.1!\jdk.naming.rmi;C:\Users\testinium\.jdks\openjdk-16.0.1!\jdk.net;C:\Users\testinium\.jdks\openjdk-16.0.1!\jdk.nio.mapmode;C:\Users\testinium\.jdks\openjdk-16.0.1!\jdk.sctp;C:\Users\testinium\.jdks\openjdk-16.0.1!\jdk.security.auth;C:\Users\testinium\.jdks\openjdk-16.0.1!\jdk.security.jgss;C:\Users\testinium\.jdks\openjdk-16.0.1!\jdk.unsupported;C:\Users\testinium\.jdks\openjdk-16.0.1!\jdk.unsupported.desktop;C:\Users\testinium\.jdks\openjdk-16.0.1!\jdk.xml.dom;C:\Users\testinium\.jdks\openjdk-16.0.1!\jdk.zipfs;C:\Users\testinium\Desktop\Mobile_Testing_ByAppium\target\test-classes;C:\Users\testinium\.m2\repository\junit\junit\4.12\junit-4.12.jar;C:\Users\testinium\.m2\repository\org\hamcrest\hamcrest-core\1.3\hamcrest-core-1.3.jar;C:\Users\testinium\.m2\repository\com\thoughtworks\gauge\gauge-java\0.7.4\gauge-java-0.7.4.jar;C:\Users\testinium\.m2\repository\org\assertj\assertj-core\3.14.0\assertj-core-3.14.0.jar;C:\Users\testinium\.m2\repository\org\reflections\reflections\0.9.11\reflections-0.9.11.jar;C:\Users\testinium\.m2\repository\org\javassist\javassist\3.21.0-GA\javassist-3.21.0-GA.jar;C:\Users\testinium\.m2\repository\com\github\javaparser\javaparser-core\2.5.1\javaparser-core-2.5.1.jar;C:\Users\testinium\.m2\repository\commons-io\commons-io\2.6\commons-io-2.6.jar;C:\Users\testinium\.m2\repository\commons-lang\commons-lang\2.6\commons-lang-2.6.jar;C:\Users\testinium\.m2\repository\org\json\json\20190722\json-20190722.jar;C:\Users\testinium\.m2\repository\com\google\protobuf\protobuf-java\3.11.1\protobuf-java-3.11.1.jar;C:\Users\testinium\.m2\repository\com\google\guava\guava\28.2-jre\guava-28.2-jre.jar;C:\Users\testinium\.m2\repository\com\google\guava\failureaccess\1.0.1\failureaccess-1.0.1.jar;C:\Users\testinium\.m2\repository\com\google\guava\listenablefuture\9999.0-empty-to-avoid-conflict-with-guava\listenablefuture-9999.0-empty-to-avoid-conflict-with-guava.jar;C:\Users\testinium\.m2\repository\com\google\code\findbugs\jsr305\3.0.2\jsr305-3.0.2.jar;C:\Users\testinium\.m2\repository\org\checkerframework\checker-qual\2.10.0\checker-qual-2.10.0.jar;C:\Users\testinium\.m2\repository\com\google\errorprone\error_prone_annotations\2.3.4\error_prone_annotations-2.3.4.jar;C:\Users\testinium\.m2\repository\com\google\j2objc\j2objc-annotations\1.3\j2objc-annotations-1.3.jar;C:\Users\testinium\.m2\repository\io\grpc\grpc-netty-shaded\1.26.0\grpc-netty-shaded-1.26.0.jar;C:\Users\testinium\.m2\repository\io\grpc\grpc-core\1.26.0\grpc-core-1.26.0.jar;C:\Users\testinium\.m2\repository\com\google\android\annotations\4.1.1.4\annotations-4.1.1.4.jar;C:\Users\testinium\.m2\repository\io\perfmark\perfmark-api\0.19.0\perfmark-api-0.19.0.jar;C:\Users\testinium\.m2\repository\io\opencensus\opencensus-api\0.24.0\opencensus-api-0.24.0.jar;C:\Users\testinium\.m2\repository\io\opencensus\opencensus-contrib-grpc-metrics\0.24.0\opencensus-contrib-grpc-metrics-0.24.0.jar;C:\Users\testinium\.m2\repository\io\grpc\grpc-protobuf\1.26.0\grpc-protobuf-1.26.0.jar;C:\Users\testinium\.m2\repository\io\grpc\grpc-api\1.26.0\grpc-api-1.26.0.jar;C:\Users\testinium\.m2\repository\io\grpc\grpc-context\1.26.0\grpc-context-1.26.0.jar;C:\Users\testinium\.m2\repository\org\codehaus\mojo\animal-sniffer-annotations\1.17\animal-sniffer-annotations-1.17.jar;C:\Users\testinium\.m2\repository\com\google\api\grpc\proto-google-common-protos\1.12.0\proto-google-common-protos-1.12.0.jar;C:\Users\testinium\.m2\repository\io\grpc\grpc-protobuf-lite\1.26.0\grpc-protobuf-lite-1.26.0.jar;C:\Users\testinium\.m2\repository\io\grpc\grpc-stub\1.24.1\grpc-stub-1.24.1.jar;C:\Users\testinium\.m2\repository\javax\annotation\javax.annotation-api\1.3.2\javax.annotation-api-1.3.2.jar;C:\Users\testinium\.m2\repository\io\appium\java-client\7.3.0\java-client-7.3.0.jar;C:\Users\testinium\.m2\repository\org\seleniumhq\selenium\selenium-java\3.141.59\selenium-java-3.141.59.jar;C:\Users\testinium\.m2\repository\org\seleniumhq\selenium\selenium-chrome-driver\3.141.59\selenium-chrome-driver-3.141.59.jar;C:\Users\testinium\.m2\repository\org\seleniumhq\selenium\selenium-edge-driver\3.141.59\selenium-edge-driver-3.141.59.jar;C:\Users\testinium\.m2\repository\org\seleniumhq\selenium\selenium-firefox-driver\3.141.59\selenium-firefox-driver-3.141.59.jar;C:\Users\testinium\.m2\repository\org\seleniumhq\selenium\selenium-ie-driver\3.141.59\selenium-ie-driver-3.141.59.jar;C:\Users\testinium\.m2\repository\org\seleniumhq\selenium\selenium-opera-driver\3.141.59\selenium-opera-driver-3.141.59.jar;C:\Users\testinium\.m2\repository\org\seleniumhq\selenium\selenium-remote-driver\3.141.59\selenium-remote-driver-3.141.59.jar;C:\Users\testinium\.m2\repository\org\seleniumhq\selenium\selenium-safari-driver\3.141.59\selenium-safari-driver-3.141.59.jar;C:\Users\testinium\.m2\repository\net\bytebuddy\byte-buddy\1.8.15\byte-buddy-1.8.15.jar;C:\Users\testinium\.m2\repository\org\apache\commons\commons-exec\1.3\commons-exec-1.3.jar;C:\Users\testinium\.m2\repository\com\squareup\okhttp3\okhttp\3.11.0\okhttp-3.11.0.jar;C:\Users\testinium\.m2\repository\com\squareup\okio\okio\1.14.0\okio-1.14.0.jar;C:\Users\testinium\.m2\repository\org\seleniumhq\selenium\selenium-support\3.141.59\selenium-support-3.141.59.jar;C:\Users\testinium\.m2\repository\org\seleniumhq\selenium\selenium-api\3.141.59\selenium-api-3.141.59.jar;C:\Users\testinium\.m2\repository\com\google\code\gson\gson\2.8.5\gson-2.8.5.jar;C:\Users\testinium\.m2\repository\org\apache\httpcomponents\httpclient\4.5.9\httpclient-4.5.9.jar;C:\Users\testinium\.m2\repository\org\apache\httpcomponents\httpcore\4.4.11\httpcore-4.4.11.jar;C:\Users\testinium\.m2\repository\commons-logging\commons-logging\1.2\commons-logging-1.2.jar;C:\Users\testinium\.m2\repository\cglib\cglib\3.2.12\cglib-3.2.12.jar;C:\Users\testinium\.m2\repository\org\ow2\asm\asm\7.1\asm-7.1.jar;C:\Users\testinium\.m2\repository\commons-validator\commons-validator\1.6\commons-validator-1.6.jar;C:\Users\testinium\.m2\repository\commons-beanutils\commons-beanutils\1.9.2\commons-beanutils-1.9.2.jar;C:\Users\testinium\.m2\repository\commons-digester\commons-digester\1.8.1\commons-digester-1.8.1.jar;C:\Users\testinium\.m2\repository\commons-collections\commons-collections\3.2.2\commons-collections-3.2.2.jar;C:\Users\testinium\.m2\repository\org\apache\commons\commons-lang3\3.9\commons-lang3-3.9.jar;C:\Users\testinium\.m2\repository\org\springframework\spring-context\5.1.8.RELEASE\spring-context-5.1.8.RELEASE.jar;C:\Users\testinium\.m2\repository\org\springframework\spring-aop\5.1.8.RELEASE\spring-aop-5.1.8.RELEASE.jar;C:\Users\testinium\.m2\repository\org\springframework\spring-beans\5.1.8.RELEASE\spring-beans-5.1.8.RELEASE.jar;C:\Users\testinium\.m2\repository\org\springframework\spring-core\5.1.8.RELEASE\spring-core-5.1.8.RELEASE.jar;C:\Users\testinium\.m2\repository\org\springframework\spring-jcl\5.1.8.RELEASE\spring-jcl-5.1.8.RELEASE.jar;C:\Users\testinium\.m2\repository\org\springframework\spring-expression\5.1.8.RELEASE\spring-expression-5.1.8.RELEASE.jar;C:\Users\testinium\.m2\repository\org\aspectj\aspectjweaver\1.9.4\aspectjweaver-1.9.4.jar;C:\Users\testinium\.m2\repository\org\slf4j\slf4j-api\1.7.26\slf4j-api-1.7.26.jar;C:\Users\testinium\.m2\repository\org\testng\testng\6.14.3\testng-6.14.3.jar;C:\Users\testinium\.m2\repository\com\beust\jcommander\1.72\jcommander-1.72.jar;C:\Users\testinium\.m2\repository\org\apache-extras\beanshell\bsh\2.0b6\bsh-2.0b6.jar;C:\Users\testinium\.m2\repository\org\apache\poi\poi\4.1.2\poi-4.1.2.jar;C:\Users\testinium\.m2\repository\commons-codec\commons-codec\1.13\commons-codec-1.13.jar;C:\Users\testinium\.m2\repository\org\apache\commons\commons-collections4\4.4\commons-collections4-4.4.jar;C:\Users\testinium\.m2\repository\org\apache\commons\commons-math3\3.6.1\commons-math3-3.6.1.jar;C:\Users\testinium\.m2\repository\com\zaxxer\SparseBitSet\1.2\SparseBitSet-1.2.jar;C:\Users\testinium\.m2\repository\com\googlecode\json-simple\json-simple\1.1\json-simple-1.1.jar
04-06-2021 01:09:16.647 [Gauge] [DEBUG] Downloading https://downloads.gauge.org/plugin/java?l=java&p=html-report,java,screenshot,spectacle&o=windows&a=amd64
04-06-2021 01:09:16.675 [java] [DEBUG] found java executable in C:\Program Files\Java\jdk-16.0.1\bin\java.exe
04-06-2021 01:09:16.676 [java] [DEBUG] running - C:\Program Files\Java\jdk-16.0.1\bin\java.exe [-Dfile.encoding=UTF-8 com.thoughtworks.gauge.GaugeRuntime --start]
04-06-2021 01:09:16.676 [java] [DEBUG] stdout/stderr is logged to logs\4932-java.exe.out
04-06-2021 01:09:16.939 [Gauge] [DEBUG] Downloading https://downloads.gauge.org/plugin/screenshot?l=java&p=html-report,java,screenshot,spectacle&o=windows&a=amd64
04-06-2021 01:09:17.434 [Gauge] [DEBUG] Downloading https://downloads.gauge.org/plugin/spectacle?l=java&p=html-report,java,screenshot,spectacle&o=windows&a=amd64
04-06-2021 01:09:18.616 [java] [ERROR] SLF4J: Failed to load class "org.slf4j.impl.StaticLoggerBinder".
04-06-2021 01:09:18.617 [java] [ERROR] SLF4J: Defaulting to no-operation (NOP) logger implementation
04-06-2021 01:09:18.617 [java] [ERROR] SLF4J: See http://www.slf4j.org/codes.html#StaticLoggerBinder for further details.
04-06-2021 01:09:22.375 [Gauge] [DEBUG] Attempting to connect to grpc server at port: 54316
04-06-2021 01:09:22.874 [Gauge] [DEBUG] gauge run specs\ThyBookingTest.spec:8
04-06-2021 01:09:22.874 [Gauge] [DEBUG] failed : [false]
04-06-2021 01:09:22.874 [Gauge] [DEBUG] hide-suggestion : [true]
04-06-2021 01:09:22.874 [Gauge] [DEBUG] machine-readable : [true]
04-06-2021 01:09:22.874 [Gauge] [DEBUG] simple-console : [true]
04-06-2021 01:09:22.874 [Gauge] [DEBUG] skip-save : [true]
04-06-2021 01:09:22.874 [Gauge] [DEBUG] 'gauge_environment' set to 'default'
04-06-2021 01:09:23.234 [Gauge] [DEBUG] Created gauge_screenshots_dir at C:\Users\testinium\Desktop\Mobile_Testing_ByAppium\.gauge\screenshots
04-06-2021 01:09:23.236 [Gauge] [DEBUG] Plugin html-report is already installed.
04-06-2021 01:09:23.236 [Gauge] [DEBUG] Plugin java is already installed.
04-06-2021 01:09:23.237 [Gauge] [DEBUG] Parsing started.
04-06-2021 01:09:23.237 [Gauge] [DEBUG] Started concepts parsing.
04-06-2021 01:09:23.264 [Gauge] [DEBUG] Successfully made the connection with runner with port: 54316
04-06-2021 01:09:23.264 [Gauge] [DEBUG] Validation started.
04-06-2021 01:09:23.281 [Gauge] [DEBUG] 12 concepts parsing completed.
04-06-2021 01:09:23.281 [Gauge] [DEBUG] Started specifications parsing.
04-06-2021 01:09:23.299 [Gauge] [DEBUG] 1 specifications parsing completed.
04-06-2021 01:09:23.299 [Gauge] [DEBUG] Parsing completed.
04-06-2021 01:09:23.472 [java] [ERROR] Installed version of gauge-java (0.7.15) does not match with dependency gauge-java (0.7.4) specified in pom.xml file
04-06-2021 01:09:23.474 [java] [DEBUG] classpath set to C:\Users\testinium\.jdks\openjdk-16.0.1!\java.base;C:\Users\testinium\.jdks\openjdk-16.0.1!\java.compiler;C:\Users\testinium\.jdks\openjdk-16.0.1!\java.datatransfer;C:\Users\testinium\.jdks\openjdk-16.0.1!\java.desktop;C:\Users\testinium\.jdks\openjdk-16.0.1!\java.instrument;C:\Users\testinium\.jdks\openjdk-16.0.1!\java.logging;C:\Users\testinium\.jdks\openjdk-16.0.1!\java.management;C:\Users\testinium\.jdks\openjdk-16.0.1!\java.management.rmi;C:\Users\testinium\.jdks\openjdk-16.0.1!\java.naming;C:\Users\testinium\.jdks\openjdk-16.0.1!\java.net.http;C:\Users\testinium\.jdks\openjdk-16.0.1!\java.prefs;C:\Users\testinium\.jdks\openjdk-16.0.1!\java.rmi;C:\Users\testinium\.jdks\openjdk-16.0.1!\java.scripting;C:\Users\testinium\.jdks\openjdk-16.0.1!\java.se;C:\Users\testinium\.jdks\openjdk-16.0.1!\java.security.jgss;C:\Users\testinium\.jdks\openjdk-16.0.1!\java.security.sasl;C:\Users\testinium\.jdks\openjdk-16.0.1!\java.smartcardio;C:\Users\testinium\.jdks\openjdk-16.0.1!\java.sql;C:\Users\testinium\.jdks\openjdk-16.0.1!\java.sql.rowset;C:\Users\testinium\.jdks\openjdk-16.0.1!\java.transaction.xa;C:\Users\testinium\.jdks\openjdk-16.0.1!\java.xml;C:\Users\testinium\.jdks\openjdk-16.0.1!\java.xml.crypto;C:\Users\testinium\.jdks\openjdk-16.0.1!\jdk.accessibility;C:\Users\testinium\.jdks\openjdk-16.0.1!\jdk.attach;C:\Users\testinium\.jdks\openjdk-16.0.1!\jdk.charsets;C:\Users\testinium\.jdks\openjdk-16.0.1!\jdk.compiler;C:\Users\testinium\.jdks\openjdk-16.0.1!\jdk.crypto.cryptoki;C:\Users\testinium\.jdks\openjdk-16.0.1!\jdk.crypto.ec;C:\Users\testinium\.jdks\openjdk-16.0.1!\jdk.crypto.mscapi;C:\Users\testinium\.jdks\openjdk-16.0.1!\jdk.dynalink;C:\Users\testinium\.jdks\openjdk-16.0.1!\jdk.editpad;C:\Users\testinium\.jdks\openjdk-16.0.1!\jdk.hotspot.agent;C:\Users\testinium\.jdks\openjdk-16.0.1!\jdk.httpserver;C:\Users\testinium\.jdks\openjdk-16.0.1!\jdk.incubator.foreign;C:\Users\testinium\.jdks\openjdk-16.0.1!\jdk.incubator.vector;C:\Users\testinium\.jdks\openjdk-16.0.1!\jdk.internal.ed;C:\Users\testinium\.jdks\openjdk-16.0.1!\jdk.internal.jvmstat;C:\Users\testinium\.jdks\openjdk-16.0.1!\jdk.internal.le;C:\Users\testinium\.jdks\openjdk-16.0.1!\jdk.internal.opt;C:\Users\testinium\.jdks\openjdk-16.0.1!\jdk.internal.vm.ci;C:\Users\testinium\.jdks\openjdk-16.0.1!\jdk.jartool;C:\Users\testinium\.jdks\openjdk-16.0.1!\jdk.javadoc;C:\Users\testinium\.jdks\openjdk-16.0.1!\jdk.jcmd;C:\Users\testinium\.jdks\openjdk-16.0.1!\jdk.jconsole;C:\Users\testinium\.jdks\openjdk-16.0.1!\jdk.jdeps;C:\Users\testinium\.jdks\openjdk-16.0.1!\jdk.jdi;C:\Users\testinium\.jdks\openjdk-16.0.1!\jdk.jdwp.agent;C:\Users\testinium\.jdks\openjdk-16.0.1!\jdk.jfr;C:\Users\testinium\.jdks\openjdk-16.0.1!\jdk.jlink;C:\Users\testinium\.jdks\openjdk-16.0.1!\jdk.jpackage;C:\Users\testinium\.jdks\openjdk-16.0.1!\jdk.jshell;C:\Users\testinium\.jdks\openjdk-16.0.1!\jdk.jsobject;C:\Users\testinium\.jdks\openjdk-16.0.1!\jdk.jstatd;C:\Users\testinium\.jdks\openjdk-16.0.1!\jdk.localedata;C:\Users\testinium\.jdks\openjdk-16.0.1!\jdk.management;C:\Users\testinium\.jdks\openjdk-16.0.1!\jdk.management.agent;C:\Users\testinium\.jdks\openjdk-16.0.1!\jdk.management.jfr;C:\Users\testinium\.jdks\openjdk-16.0.1!\jdk.naming.dns;C:\Users\testinium\.jdks\openjdk-16.0.1!\jdk.naming.rmi;C:\Users\testinium\.jdks\openjdk-16.0.1!\jdk.net;C:\Users\testinium\.jdks\openjdk-16.0.1!\jdk.nio.mapmode;C:\Users\testinium\.jdks\openjdk-16.0.1!\jdk.sctp;C:\Users\testinium\.jdks\openjdk-16.0.1!\jdk.security.auth;C:\Users\testinium\.jdks\openjdk-16.0.1!\jdk.security.jgss;C:\Users\testinium\.jdks\openjdk-16.0.1!\jdk.unsupported;C:\Users\testinium\.jdks\openjdk-16.0.1!\jdk.unsupported.desktop;C:\Users\testinium\.jdks\openjdk-16.0.1!\jdk.xml.dom;C:\Users\testinium\.jdks\openjdk-16.0.1!\jdk.zipfs;C:\Users\testinium\Desktop\Mobile_Testing_ByAppium\target\test-classes;C:\Users\testinium\.m2\repository\junit\junit\4.12\junit-4.12.jar;C:\Users\testinium\.m2\repository\org\hamcrest\hamcrest-core\1.3\hamcrest-core-1.3.jar;C:\Users\testinium\.m2\repository\com\thoughtworks\gauge\gauge-java\0.7.4\gauge-java-0.7.4.jar;C:\Users\testinium\.m2\repository\org\assertj\assertj-core\3.14.0\assertj-core-3.14.0.jar;C:\Users\testinium\.m2\repository\org\reflections\reflections\0.9.11\reflections-0.9.11.jar;C:\Users\testinium\.m2\repository\org\javassist\javassist\3.21.0-GA\javassist-3.21.0-GA.jar;C:\Users\testinium\.m2\repository\com\github\javaparser\javaparser-core\2.5.1\javaparser-core-2.5.1.jar;C:\Users\testinium\.m2\repository\commons-io\commons-io\2.6\commons-io-2.6.jar;C:\Users\testinium\.m2\repository\commons-lang\commons-lang\2.6\commons-lang-2.6.jar;C:\Users\testinium\.m2\repository\org\json\json\20190722\json-20190722.jar;C:\Users\testinium\.m2\repository\com\google\protobuf\protobuf-java\3.11.1\protobuf-java-3.11.1.jar;C:\Users\testinium\.m2\repository\com\google\guava\guava\28.2-jre\guava-28.2-jre.jar;C:\Users\testinium\.m2\repository\com\google\guava\failureaccess\1.0.1\failureaccess-1.0.1.jar;C:\Users\testinium\.m2\repository\com\google\guava\listenablefuture\9999.0-empty-to-avoid-conflict-with-guava\listenablefuture-9999.0-empty-to-avoid-conflict-with-guava.jar;C:\Users\testinium\.m2\repository\com\google\code\findbugs\jsr305\3.0.2\jsr305-3.0.2.jar;C:\Users\testinium\.m2\repository\org\checkerframework\checker-qual\2.10.0\checker-qual-2.10.0.jar;C:\Users\testinium\.m2\repository\com\google\errorprone\error_prone_annotations\2.3.4\error_prone_annotations-2.3.4.jar;C:\Users\testinium\.m2\repository\com\google\j2objc\j2objc-annotations\1.3\j2objc-annotations-1.3.jar;C:\Users\testinium\.m2\repository\io\grpc\grpc-netty-shaded\1.26.0\grpc-netty-shaded-1.26.0.jar;C:\Users\testinium\.m2\repository\io\grpc\grpc-core\1.26.0\grpc-core-1.26.0.jar;C:\Users\testinium\.m2\repository\com\google\android\annotations\4.1.1.4\annotations-4.1.1.4.jar;C:\Users\testinium\.m2\repository\io\perfmark\perfmark-api\0.19.0\perfmark-api-0.19.0.jar;C:\Users\testinium\.m2\repository\io\opencensus\opencensus-api\0.24.0\opencensus-api-0.24.0.jar;C:\Users\testinium\.m2\repository\io\opencensus\opencensus-contrib-grpc-metrics\0.24.0\opencensus-contrib-grpc-metrics-0.24.0.jar;C:\Users\testinium\.m2\repository\io\grpc\grpc-protobuf\1.26.0\grpc-protobuf-1.26.0.jar;C:\Users\testinium\.m2\repository\io\grpc\grpc-api\1.26.0\grpc-api-1.26.0.jar;C:\Users\testinium\.m2\repository\io\grpc\grpc-context\1.26.0\grpc-context-1.26.0.jar;C:\Users\testinium\.m2\repository\org\codehaus\mojo\animal-sniffer-annotations\1.17\animal-sniffer-annotations-1.17.jar;C:\Users\testinium\.m2\repository\com\google\api\grpc\proto-google-common-protos\1.12.0\proto-google-common-protos-1.12.0.jar;C:\Users\testinium\.m2\repository\io\grpc\grpc-protobuf-lite\1.26.0\grpc-protobuf-lite-1.26.0.jar;C:\Users\testinium\.m2\repository\io\grpc\grpc-stub\1.24.1\grpc-stub-1.24.1.jar;C:\Users\testinium\.m2\repository\javax\annotation\javax.annotation-api\1.3.2\javax.annotation-api-1.3.2.jar;C:\Users\testinium\.m2\repository\io\appium\java-client\7.3.0\java-client-7.3.0.jar;C:\Users\testinium\.m2\repository\org\seleniumhq\selenium\selenium-java\3.141.59\selenium-java-3.141.59.jar;C:\Users\testinium\.m2\repository\org\seleniumhq\selenium\selenium-chrome-driver\3.141.59\selenium-chrome-driver-3.141.59.jar;C:\Users\testinium\.m2\repository\org\seleniumhq\selenium\selenium-edge-driver\3.141.59\selenium-edge-driver-3.141.59.jar;C:\Users\testinium\.m2\repository\org\seleniumhq\selenium\selenium-firefox-driver\3.141.59\selenium-firefox-driver-3.141.59.jar;C:\Users\testinium\.m2\repository\org\seleniumhq\selenium\selenium-ie-driver\3.141.59\selenium-ie-driver-3.141.59.jar;C:\Users\testinium\.m2\repository\org\seleniumhq\selenium\selenium-opera-driver\3.141.59\selenium-opera-driver-3.141.59.jar;C:\Users\testinium\.m2\repository\org\seleniumhq\selenium\selenium-remote-driver\3.141.59\selenium-remote-driver-3.141.59.jar;C:\Users\testinium\.m2\repository\org\seleniumhq\selenium\selenium-safari-driver\3.141.59\selenium-safari-driver-3.141.59.jar;C:\Users\testinium\.m2\repository\net\bytebuddy\byte-buddy\1.8.15\byte-buddy-1.8.15.jar;C:\Users\testinium\.m2\repository\org\apache\commons\commons-exec\1.3\commons-exec-1.3.jar;C:\Users\testinium\.m2\repository\com\squareup\okhttp3\okhttp\3.11.0\okhttp-3.11.0.jar;C:\Users\testinium\.m2\repository\com\squareup\okio\okio\1.14.0\okio-1.14.0.jar;C:\Users\testinium\.m2\repository\org\seleniumhq\selenium\selenium-support\3.141.59\selenium-support-3.141.59.jar;C:\Users\testinium\.m2\repository\org\seleniumhq\selenium\selenium-api\3.141.59\selenium-api-3.141.59.jar;C:\Users\testinium\.m2\repository\com\google\code\gson\gson\2.8.5\gson-2.8.5.jar;C:\Users\testinium\.m2\repository\org\apache\httpcomponents\httpclient\4.5.9\httpclient-4.5.9.jar;C:\Users\testinium\.m2\repository\org\apache\httpcomponents\httpcore\4.4.11\httpcore-4.4.11.jar;C:\Users\testinium\.m2\repository\commons-logging\commons-logging\1.2\commons-logging-1.2.jar;C:\Users\testinium\.m2\repository\cglib\cglib\3.2.12\cglib-3.2.12.jar;C:\Users\testinium\.m2\repository\org\ow2\asm\asm\7.1\asm-7.1.jar;C:\Users\testinium\.m2\repository\commons-validator\commons-validator\1.6\commons-validator-1.6.jar;C:\Users\testinium\.m2\repository\commons-beanutils\commons-beanutils\1.9.2\commons-beanutils-1.9.2.jar;C:\Users\testinium\.m2\repository\commons-digester\commons-digester\1.8.1\commons-digester-1.8.1.jar;C:\Users\testinium\.m2\repository\commons-collections\commons-collections\3.2.2\commons-collections-3.2.2.jar;C:\Users\testinium\.m2\repository\org\apache\commons\commons-lang3\3.9\commons-lang3-3.9.jar;C:\Users\testinium\.m2\repository\org\springframework\spring-context\5.1.8.RELEASE\spring-context-5.1.8.RELEASE.jar;C:\Users\testinium\.m2\repository\org\springframework\spring-aop\5.1.8.RELEASE\spring-aop-5.1.8.RELEASE.jar;C:\Users\testinium\.m2\repository\org\springframework\spring-beans\5.1.8.RELEASE\spring-beans-5.1.8.RELEASE.jar;C:\Users\testinium\.m2\repository\org\springframework\spring-core\5.1.8.RELEASE\spring-core-5.1.8.RELEASE.jar;C:\Users\testinium\.m2\repository\org\springframework\spring-jcl\5.1.8.RELEASE\spring-jcl-5.1.8.RELEASE.jar;C:\Users\testinium\.m2\repository\org\springframework\spring-expression\5.1.8.RELEASE\spring-expression-5.1.8.RELEASE.jar;C:\Users\testinium\.m2\repository\org\aspectj\aspectjweaver\1.9.4\aspectjweaver-1.9.4.jar;C:\Users\testinium\.m2\repository\org\slf4j\slf4j-api\1.7.26\slf4j-api-1.7.26.jar;C:\Users\testinium\.m2\repository\org\testng\testng\6.14.3\testng-6.14.3.jar;C:\Users\testinium\.m2\repository\com\beust\jcommander\1.72\jcommander-1.72.jar;C:\Users\testinium\.m2\repository\org\apache-extras\beanshell\bsh\2.0b6\bsh-2.0b6.jar;C:\Users\testinium\.m2\repository\org\apache\poi\poi\4.1.2\poi-4.1.2.jar;C:\Users\testinium\.m2\repository\commons-codec\commons-codec\1.13\commons-codec-1.13.jar;C:\Users\testinium\.m2\repository\org\apache\commons\commons-collections4\4.4\commons-collections4-4.4.jar;C:\Users\testinium\.m2\repository\org\apache\commons\commons-math3\3.6.1\commons-math3-3.6.1.jar;C:\Users\testinium\.m2\repository\com\zaxxer\SparseBitSet\1.2\SparseBitSet-1.2.jar;C:\Users\testinium\.m2\repository\com\googlecode\json-simple\json-simple\1.1\json-simple-1.1.jar
04-06-2021 01:09:23.814 [java] [DEBUG] found java executable in C:\Program Files\Java\jdk-16.0.1\bin\java.exe
04-06-2021 01:09:23.814 [java] [DEBUG] running - C:\Program Files\Java\jdk-16.0.1\bin\java.exe [-Dfile.encoding=UTF-8 com.thoughtworks.gauge.GaugeRuntime --start]
04-06-2021 01:09:23.814 [java] [DEBUG] stdout/stderr is logged to logs\14928-java.exe.out
04-06-2021 01:09:23.856 [java] [DEBUG] ***** Printing Properties/Env Values *****
04-06-2021 01:09:23.856 [java] [DEBUG] PATH: C:\Windows\system32;C:\Windows;C:\Windows\System32\Wbem;C:\Windows\System32\WindowsPowerShell\v1.0\;C:\Windows\System32\OpenSSH\;C:\WINDOWS\system32;C:\WINDOWS;C:\WINDOWS\System32\Wbem;C:\WINDOWS\System32\WindowsPowerShell\v1.0\;C:\WINDOWS\System32\OpenSSH\;C:\Program Files\Git\cmd;C:\Program Files\nodejs\;C:\Program Files\Gauge\bin;C:\Program Files\Java\jdk-16.0.1;C:\Users\testinium\AppData\Local\Android\Sdk\build-tools;C:\Users\testinium\AppData\Local\Android\Sdk\tools;C:\Users\testinium\AppData\Local\Android\Sdk\platform-tools;C:\Program Files\Gauge\bin;C:\Program Files\apache-maven-3.8.1\bin;C:\Users\testinium\AppData\Local\Microsoft\WindowsApps;C:\Users\testinium\AppData\Roaming\npm;C:\Users\testinium\AppData\Roaming\gauge\plugins\screenshot\0.0.1
04-06-2021 01:09:23.856 [java] [DEBUG] JAVA_HOME: C:\Program Files\Java\jdk-16.0.1
04-06-2021 01:09:23.856 [java] [DEBUG] gauge_project_root: C:\Users\testinium\Desktop\Mobile_Testing_ByAppium
04-06-2021 01:09:23.856 [java] [DEBUG] gauge_parallel_streams_count: 8
04-06-2021 01:09:23.856 [java] [DEBUG] gauge_reports_dir: reports
04-06-2021 01:09:23.856 [java] [DEBUG] overwrite_reports: true
04-06-2021 01:09:23.856 [java] [DEBUG] logs_directory: logs
04-06-2021 01:09:23.856 [java] [DEBUG] enable_multithreading: false
04-06-2021 01:09:23.856 [java] [DEBUG] gauge_specs_dir: specs
04-06-2021 01:09:23.856 [java] [DEBUG] csv_delimiter: ,
04-06-2021 01:09:23.856 [java] [DEBUG] gauge_java_home: 
04-06-2021 01:09:23.856 [java] [DEBUG] gauge_custom_build_path: 
04-06-2021 01:09:23.856 [java] [DEBUG] gauge_additional_libs: libs/*
04-06-2021 01:09:23.856 [java] [DEBUG] gauge_jvm_args: 
04-06-2021 01:09:23.856 [java] [DEBUG] gauge_custom_compile_dir: 
04-06-2021 01:09:23.856 [java] [DEBUG] gauge_clear_state_level: scenario
04-06-2021 01:09:23.856 [java] [DEBUG] ***** END *****
04-06-2021 01:09:24.475 [Gauge] [DEBUG] Validation completed.
04-06-2021 01:09:25.191 [Gauge] [DEBUG] Checking updates...
04-06-2021 01:09:25.196 [Gauge] [DEBUG] Downloading https://downloads.gauge.org/plugin/html-report?l=java&p=html-report,java,screenshot,spectacle&o=windows&a=amd64
04-06-2021 01:09:26.293 [Gauge] [DEBUG] Run started
04-06-2021 01:09:26.315 [Gauge] [DEBUG] Starting Html Report plugin
04-06-2021 01:09:27.341 [java] [ERROR] SLF4J: Failed to load class "org.slf4j.impl.StaticLoggerBinder".
04-06-2021 01:09:27.341 [java] [ERROR] SLF4J: Defaulting to no-operation (NOP) logger implementation
04-06-2021 01:09:27.341 [java] [ERROR] SLF4J: See http://www.slf4j.org/codes.html#StaticLoggerBinder for further details.
04-06-2021 01:09:28.862 [Gauge] [DEBUG] Downloading https://downloads.gauge.org/plugin/java?l=java&p=html-report,java,screenshot,spectacle&o=windows&a=amd64
04-06-2021 01:09:29.264 [Gauge] [DEBUG] Downloading https://downloads.gauge.org/plugin/screenshot?l=java&p=html-report,java,screenshot,spectacle&o=windows&a=amd64
04-06-2021 01:09:29.889 [Gauge] [DEBUG] Downloading https://downloads.gauge.org/plugin/spectacle?l=java&p=html-report,java,screenshot,spectacle&o=windows&a=amd64
04-06-2021 01:09:30.976 [Gauge] [DEBUG] Attempting to connect to grpc server at port: 54373
04-06-2021 01:09:32.488 [Gauge] [DEBUG] Successfully made the connection with runner with port: 54373
04-06-2021 01:09:32.488 [Gauge] [DEBUG] Validation started.
04-06-2021 01:09:32.752 [Gauge] [DEBUG] gauge run specs\ThyBookingTest.spec:8
04-06-2021 01:09:32.752 [Gauge] [DEBUG] failed : [false]
04-06-2021 01:09:32.752 [Gauge] [DEBUG] hide-suggestion : [true]
04-06-2021 01:09:32.752 [Gauge] [DEBUG] machine-readable : [true]
04-06-2021 01:09:32.752 [Gauge] [DEBUG] simple-console : [true]
04-06-2021 01:09:32.752 [Gauge] [DEBUG] skip-save : [true]
04-06-2021 01:09:32.752 [Gauge] [DEBUG] 'gauge_environment' set to 'default'
04-06-2021 01:09:32.755 [Gauge] [DEBUG] Created gauge_screenshots_dir at C:\Users\testinium\Desktop\Mobile_Testing_ByAppium\.gauge\screenshots
04-06-2021 01:09:32.756 [Gauge] [DEBUG] Plugin java is already installed.
04-06-2021 01:09:32.757 [Gauge] [DEBUG] Plugin html-report is already installed.
04-06-2021 01:09:32.757 [Gauge] [DEBUG] Parsing started.
04-06-2021 01:09:32.757 [Gauge] [DEBUG] Started concepts parsing.
04-06-2021 01:09:32.763 [Gauge] [DEBUG] 12 concepts parsing completed.
04-06-2021 01:09:32.763 [Gauge] [DEBUG] Started specifications parsing.
04-06-2021 01:09:32.780 [Gauge] [DEBUG] 1 specifications parsing completed.
04-06-2021 01:09:32.780 [Gauge] [DEBUG] Parsing completed.
04-06-2021 01:09:33.357 [java] [DEBUG] ***** Printing Properties/Env Values *****
04-06-2021 01:09:33.357 [java] [DEBUG] PATH: C:\Windows\system32;C:\Windows;C:\Windows\System32\Wbem;C:\Windows\System32\WindowsPowerShell\v1.0\;C:\Windows\System32\OpenSSH\;C:\WINDOWS\system32;C:\WINDOWS;C:\WINDOWS\System32\Wbem;C:\WINDOWS\System32\WindowsPowerShell\v1.0\;C:\WINDOWS\System32\OpenSSH\;C:\Program Files\Git\cmd;C:\Program Files\nodejs\;C:\Program Files\Gauge\bin;C:\Program Files\Java\jdk-16.0.1;C:\Users\testinium\AppData\Local\Android\Sdk\build-tools;C:\Users\testinium\AppData\Local\Android\Sdk\tools;C:\Users\testinium\AppData\Local\Android\Sdk\platform-tools;C:\Program Files\Gauge\bin;C:\Program Files\apache-maven-3.8.1\bin;C:\Users\testinium\AppData\Local\Microsoft\WindowsApps;C:\Users\testinium\AppData\Roaming\npm;C:\Users\testinium\AppData\Roaming\gauge\plugins\screenshot\0.0.1
04-06-2021 01:09:33.357 [java] [DEBUG] JAVA_HOME: C:\Program Files\Java\jdk-16.0.1
04-06-2021 01:09:33.357 [java] [DEBUG] gauge_project_root: C:\Users\testinium\Desktop\Mobile_Testing_ByAppium
04-06-2021 01:09:33.357 [java] [DEBUG] gauge_parallel_streams_count: 8
04-06-2021 01:09:33.357 [java] [DEBUG] gauge_reports_dir: reports
04-06-2021 01:09:33.357 [java] [DEBUG] overwrite_reports: true
04-06-2021 01:09:33.357 [java] [DEBUG] logs_directory: logs
04-06-2021 01:09:33.357 [java] [DEBUG] enable_multithreading: false
04-06-2021 01:09:33.357 [java] [DEBUG] gauge_specs_dir: specs
04-06-2021 01:09:33.357 [java] [DEBUG] csv_delimiter: ,
04-06-2021 01:09:33.358 [java] [DEBUG] gauge_java_home: 
04-06-2021 01:09:33.358 [java] [DEBUG] gauge_custom_build_path: 
04-06-2021 01:09:33.358 [java] [DEBUG] gauge_additional_libs: libs/*
04-06-2021 01:09:33.358 [java] [DEBUG] gauge_jvm_args: 
04-06-2021 01:09:33.358 [java] [DEBUG] gauge_custom_compile_dir: 
04-06-2021 01:09:33.358 [java] [DEBUG] gauge_clear_state_level: scenario
04-06-2021 01:09:33.358 [java] [DEBUG] ***** END *****
04-06-2021 01:09:33.725 [java] [ERROR] Installed version of gauge-java (0.7.15) does not match with dependency gauge-java (0.7.4) specified in pom.xml file
04-06-2021 01:09:33.726 [java] [DEBUG] classpath set to C:\Users\testinium\.jdks\openjdk-16.0.1!\java.base;C:\Users\testinium\.jdks\openjdk-16.0.1!\java.compiler;C:\Users\testinium\.jdks\openjdk-16.0.1!\java.datatransfer;C:\Users\testinium\.jdks\openjdk-16.0.1!\java.desktop;C:\Users\testinium\.jdks\openjdk-16.0.1!\java.instrument;C:\Users\testinium\.jdks\openjdk-16.0.1!\java.logging;C:\Users\testinium\.jdks\openjdk-16.0.1!\java.management;C:\Users\testinium\.jdks\openjdk-16.0.1!\java.management.rmi;C:\Users\testinium\.jdks\openjdk-16.0.1!\java.naming;C:\Users\testinium\.jdks\openjdk-16.0.1!\java.net.http;C:\Users\testinium\.jdks\openjdk-16.0.1!\java.prefs;C:\Users\testinium\.jdks\openjdk-16.0.1!\java.rmi;C:\Users\testinium\.jdks\openjdk-16.0.1!\java.scripting;C:\Users\testinium\.jdks\openjdk-16.0.1!\java.se;C:\Users\testinium\.jdks\openjdk-16.0.1!\java.security.jgss;C:\Users\testinium\.jdks\openjdk-16.0.1!\java.security.sasl;C:\Users\testinium\.jdks\openjdk-16.0.1!\java.smartcardio;C:\Users\testinium\.jdks\openjdk-16.0.1!\java.sql;C:\Users\testinium\.jdks\openjdk-16.0.1!\java.sql.rowset;C:\Users\testinium\.jdks\openjdk-16.0.1!\java.transaction.xa;C:\Users\testinium\.jdks\openjdk-16.0.1!\java.xml;C:\Users\testinium\.jdks\openjdk-16.0.1!\java.xml.crypto;C:\Users\testinium\.jdks\openjdk-16.0.1!\jdk.accessibility;C:\Users\testinium\.jdks\openjdk-16.0.1!\jdk.attach;C:\Users\testinium\.jdks\openjdk-16.0.1!\jdk.charsets;C:\Users\testinium\.jdks\openjdk-16.0.1!\jdk.compiler;C:\Users\testinium\.jdks\openjdk-16.0.1!\jdk.crypto.cryptoki;C:\Users\testinium\.jdks\openjdk-16.0.1!\jdk.crypto.ec;C:\Users\testinium\.jdks\openjdk-16.0.1!\jdk.crypto.mscapi;C:\Users\testinium\.jdks\openjdk-16.0.1!\jdk.dynalink;C:\Users\testinium\.jdks\openjdk-16.0.1!\jdk.editpad;C:\Users\testinium\.jdks\openjdk-16.0.1!\jdk.hotspot.agent;C:\Users\testinium\.jdks\openjdk-16.0.1!\jdk.httpserver;C:\Users\testinium\.jdks\openjdk-16.0.1!\jdk.incubator.foreign;C:\Users\testinium\.jdks\openjdk-16.0.1!\jdk.incubator.vector;C:\Users\testinium\.jdks\openjdk-16.0.1!\jdk.internal.ed;C:\Users\testinium\.jdks\openjdk-16.0.1!\jdk.internal.jvmstat;C:\Users\testinium\.jdks\openjdk-16.0.1!\jdk.internal.le;C:\Users\testinium\.jdks\openjdk-16.0.1!\jdk.internal.opt;C:\Users\testinium\.jdks\openjdk-16.0.1!\jdk.internal.vm.ci;C:\Users\testinium\.jdks\openjdk-16.0.1!\jdk.jartool;C:\Users\testinium\.jdks\openjdk-16.0.1!\jdk.javadoc;C:\Users\testinium\.jdks\openjdk-16.0.1!\jdk.jcmd;C:\Users\testinium\.jdks\openjdk-16.0.1!\jdk.jconsole;C:\Users\testinium\.jdks\openjdk-16.0.1!\jdk.jdeps;C:\Users\testinium\.jdks\openjdk-16.0.1!\jdk.jdi;C:\Users\testinium\.jdks\openjdk-16.0.1!\jdk.jdwp.agent;C:\Users\testinium\.jdks\openjdk-16.0.1!\jdk.jfr;C:\Users\testinium\.jdks\openjdk-16.0.1!\jdk.jlink;C:\Users\testinium\.jdks\openjdk-16.0.1!\jdk.jpackage;C:\Users\testinium\.jdks\openjdk-16.0.1!\jdk.jshell;C:\Users\testinium\.jdks\openjdk-16.0.1!\jdk.jsobject;C:\Users\testinium\.jdks\openjdk-16.0.1!\jdk.jstatd;C:\Users\testinium\.jdks\openjdk-16.0.1!\jdk.localedata;C:\Users\testinium\.jdks\openjdk-16.0.1!\jdk.management;C:\Users\testinium\.jdks\openjdk-16.0.1!\jdk.management.agent;C:\Users\testinium\.jdks\openjdk-16.0.1!\jdk.management.jfr;C:\Users\testinium\.jdks\openjdk-16.0.1!\jdk.naming.dns;C:\Users\testinium\.jdks\openjdk-16.0.1!\jdk.naming.rmi;C:\Users\testinium\.jdks\openjdk-16.0.1!\jdk.net;C:\Users\testinium\.jdks\openjdk-16.0.1!\jdk.nio.mapmode;C:\Users\testinium\.jdks\openjdk-16.0.1!\jdk.sctp;C:\Users\testinium\.jdks\openjdk-16.0.1!\jdk.security.auth;C:\Users\testinium\.jdks\openjdk-16.0.1!\jdk.security.jgss;C:\Users\testinium\.jdks\openjdk-16.0.1!\jdk.unsupported;C:\Users\testinium\.jdks\openjdk-16.0.1!\jdk.unsupported.desktop;C:\Users\testinium\.jdks\openjdk-16.0.1!\jdk.xml.dom;C:\Users\testinium\.jdks\openjdk-16.0.1!\jdk.zipfs;C:\Users\testinium\Desktop\Mobile_Testing_ByAppium\target\test-classes;C:\Users\testinium\.m2\repository\junit\junit\4.12\junit-4.12.jar;C:\Users\testinium\.m2\repository\org\hamcrest\hamcrest-core\1.3\hamcrest-core-1.3.jar;C:\Users\testinium\.m2\repository\com\thoughtworks\gauge\gauge-java\0.7.4\gauge-java-0.7.4.jar;C:\Users\testinium\.m2\repository\org\assertj\assertj-core\3.14.0\assertj-core-3.14.0.jar;C:\Users\testinium\.m2\repository\org\reflections\reflections\0.9.11\reflections-0.9.11.jar;C:\Users\testinium\.m2\repository\org\javassist\javassist\3.21.0-GA\javassist-3.21.0-GA.jar;C:\Users\testinium\.m2\repository\com\github\javaparser\javaparser-core\2.5.1\javaparser-core-2.5.1.jar;C:\Users\testinium\.m2\repository\commons-io\commons-io\2.6\commons-io-2.6.jar;C:\Users\testinium\.m2\repository\commons-lang\commons-lang\2.6\commons-lang-2.6.jar;C:\Users\testinium\.m2\repository\org\json\json\20190722\json-20190722.jar;C:\Users\testinium\.m2\repository\com\google\protobuf\protobuf-java\3.11.1\protobuf-java-3.11.1.jar;C:\Users\testinium\.m2\repository\com\google\guava\guava\28.2-jre\guava-28.2-jre.jar;C:\Users\testinium\.m2\repository\com\google\guava\failureaccess\1.0.1\failureaccess-1.0.1.jar;C:\Users\testinium\.m2\repository\com\google\guava\listenablefuture\9999.0-empty-to-avoid-conflict-with-guava\listenablefuture-9999.0-empty-to-avoid-conflict-with-guava.jar;C:\Users\testinium\.m2\repository\com\google\code\findbugs\jsr305\3.0.2\jsr305-3.0.2.jar;C:\Users\testinium\.m2\repository\org\checkerframework\checker-qual\2.10.0\checker-qual-2.10.0.jar;C:\Users\testinium\.m2\repository\com\google\errorprone\error_prone_annotations\2.3.4\error_prone_annotations-2.3.4.jar;C:\Users\testinium\.m2\repository\com\google\j2objc\j2objc-annotations\1.3\j2objc-annotations-1.3.jar;C:\Users\testinium\.m2\repository\io\grpc\grpc-netty-shaded\1.26.0\grpc-netty-shaded-1.26.0.jar;C:\Users\testinium\.m2\repository\io\grpc\grpc-core\1.26.0\grpc-core-1.26.0.jar;C:\Users\testinium\.m2\repository\com\google\android\annotations\4.1.1.4\annotations-4.1.1.4.jar;C:\Users\testinium\.m2\repository\io\perfmark\perfmark-api\0.19.0\perfmark-api-0.19.0.jar;C:\Users\testinium\.m2\repository\io\opencensus\opencensus-api\0.24.0\opencensus-api-0.24.0.jar;C:\Users\testinium\.m2\repository\io\opencensus\opencensus-contrib-grpc-metrics\0.24.0\opencensus-contrib-grpc-metrics-0.24.0.jar;C:\Users\testinium\.m2\repository\io\grpc\grpc-protobuf\1.26.0\grpc-protobuf-1.26.0.jar;C:\Users\testinium\.m2\repository\io\grpc\grpc-api\1.26.0\grpc-api-1.26.0.jar;C:\Users\testinium\.m2\repository\io\grpc\grpc-context\1.26.0\grpc-context-1.26.0.jar;C:\Users\testinium\.m2\repository\org\codehaus\mojo\animal-sniffer-annotations\1.17\animal-sniffer-annotations-1.17.jar;C:\Users\testinium\.m2\repository\com\google\api\grpc\proto-google-common-protos\1.12.0\proto-google-common-protos-1.12.0.jar;C:\Users\testinium\.m2\repository\io\grpc\grpc-protobuf-lite\1.26.0\grpc-protobuf-lite-1.26.0.jar;C:\Users\testinium\.m2\repository\io\grpc\grpc-stub\1.24.1\grpc-stub-1.24.1.jar;C:\Users\testinium\.m2\repository\javax\annotation\javax.annotation-api\1.3.2\javax.annotation-api-1.3.2.jar;C:\Users\testinium\.m2\repository\io\appium\java-client\7.3.0\java-client-7.3.0.jar;C:\Users\testinium\.m2\repository\org\seleniumhq\selenium\selenium-java\3.141.59\selenium-java-3.141.59.jar;C:\Users\testinium\.m2\repository\org\seleniumhq\selenium\selenium-chrome-driver\3.141.59\selenium-chrome-driver-3.141.59.jar;C:\Users\testinium\.m2\repository\org\seleniumhq\selenium\selenium-edge-driver\3.141.59\selenium-edge-driver-3.141.59.jar;C:\Users\testinium\.m2\repository\org\seleniumhq\selenium\selenium-firefox-driver\3.141.59\selenium-firefox-driver-3.141.59.jar;C:\Users\testinium\.m2\repository\org\seleniumhq\selenium\selenium-ie-driver\3.141.59\selenium-ie-driver-3.141.59.jar;C:\Users\testinium\.m2\repository\org\seleniumhq\selenium\selenium-opera-driver\3.141.59\selenium-opera-driver-3.141.59.jar;C:\Users\testinium\.m2\repository\org\seleniumhq\selenium\selenium-remote-driver\3.141.59\selenium-remote-driver-3.141.59.jar;C:\Users\testinium\.m2\repository\org\seleniumhq\selenium\selenium-safari-driver\3.141.59\selenium-safari-driver-3.141.59.jar;C:\Users\testinium\.m2\repository\net\bytebuddy\byte-buddy\1.8.15\byte-buddy-1.8.15.jar;C:\Users\testinium\.m2\repository\org\apache\commons\commons-exec\1.3\commons-exec-1.3.jar;C:\Users\testinium\.m2\repository\com\squareup\okhttp3\okhttp\3.11.0\okhttp-3.11.0.jar;C:\Users\testinium\.m2\repository\com\squareup\okio\okio\1.14.0\okio-1.14.0.jar;C:\Users\testinium\.m2\repository\org\seleniumhq\selenium\selenium-support\3.141.59\selenium-support-3.141.59.jar;C:\Users\testinium\.m2\repository\org\seleniumhq\selenium\selenium-api\3.141.59\selenium-api-3.141.59.jar;C:\Users\testinium\.m2\repository\com\google\code\gson\gson\2.8.5\gson-2.8.5.jar;C:\Users\testinium\.m2\repository\org\apache\httpcomponents\httpclient\4.5.9\httpclient-4.5.9.jar;C:\Users\testinium\.m2\repository\org\apache\httpcomponents\httpcore\4.4.11\httpcore-4.4.11.jar;C:\Users\testinium\.m2\repository\commons-logging\commons-logging\1.2\commons-logging-1.2.jar;C:\Users\testinium\.m2\repository\cglib\cglib\3.2.12\cglib-3.2.12.jar;C:\Users\testinium\.m2\repository\org\ow2\asm\asm\7.1\asm-7.1.jar;C:\Users\testinium\.m2\repository\commons-validator\commons-validator\1.6\commons-validator-1.6.jar;C:\Users\testinium\.m2\repository\commons-beanutils\commons-beanutils\1.9.2\commons-beanutils-1.9.2.jar;C:\Users\testinium\.m2\repository\commons-digester\commons-digester\1.8.1\commons-digester-1.8.1.jar;C:\Users\testinium\.m2\repository\commons-collections\commons-collections\3.2.2\commons-collections-3.2.2.jar;C:\Users\testinium\.m2\repository\org\apache\commons\commons-lang3\3.9\commons-lang3-3.9.jar;C:\Users\testinium\.m2\repository\org\springframework\spring-context\5.1.8.RELEASE\spring-context-5.1.8.RELEASE.jar;C:\Users\testinium\.m2\repository\org\springframework\spring-aop\5.1.8.RELEASE\spring-aop-5.1.8.RELEASE.jar;C:\Users\testinium\.m2\repository\org\springframework\spring-beans\5.1.8.RELEASE\spring-beans-5.1.8.RELEASE.jar;C:\Users\testinium\.m2\repository\org\springframework\spring-core\5.1.8.RELEASE\spring-core-5.1.8.RELEASE.jar;C:\Users\testinium\.m2\repository\org\springframework\spring-jcl\5.1.8.RELEASE\spring-jcl-5.1.8.RELEASE.jar;C:\Users\testinium\.m2\repository\org\springframework\spring-expression\5.1.8.RELEASE\spring-expression-5.1.8.RELEASE.jar;C:\Users\testinium\.m2\repository\org\aspectj\aspectjweaver\1.9.4\aspectjweaver-1.9.4.jar;C:\Users\testinium\.m2\repository\org\slf4j\slf4j-api\1.7.26\slf4j-api-1.7.26.jar;C:\Users\testinium\.m2\repository\org\testng\testng\6.14.3\testng-6.14.3.jar;C:\Users\testinium\.m2\repository\com\beust\jcommander\1.72\jcommander-1.72.jar;C:\Users\testinium\.m2\repository\org\apache-extras\beanshell\bsh\2.0b6\bsh-2.0b6.jar;C:\Users\testinium\.m2\repository\org\apache\poi\poi\4.1.2\poi-4.1.2.jar;C:\Users\testinium\.m2\repository\commons-codec\commons-codec\1.13\commons-codec-1.13.jar;C:\Users\testinium\.m2\repository\org\apache\commons\commons-collections4\4.4\commons-collections4-4.4.jar;C:\Users\testinium\.m2\repository\org\apache\commons\commons-math3\3.6.1\commons-math3-3.6.1.jar;C:\Users\testinium\.m2\repository\com\zaxxer\SparseBitSet\1.2\SparseBitSet-1.2.jar;C:\Users\testinium\.m2\repository\com\googlecode\json-simple\json-simple\1.1\json-simple-1.1.jar
04-06-2021 01:09:33.749 [Gauge] [DEBUG] Validation completed.
04-06-2021 01:09:33.822 [Gauge] [DEBUG] Run started
04-06-2021 01:09:34.018 [Gauge] [DEBUG] Starting Html Report plugin
04-06-2021 01:09:34.108 [java] [DEBUG] found java executable in C:\Program Files\Java\jdk-16.0.1\bin\java.exe
04-06-2021 01:09:34.108 [java] [DEBUG] running - C:\Program Files\Java\jdk-16.0.1\bin\java.exe [-Dfile.encoding=UTF-8 com.thoughtworks.gauge.GaugeRuntime --start]
04-06-2021 01:09:34.108 [java] [DEBUG] stdout/stderr is logged to logs\7316-java.exe.out
04-06-2021 01:09:35.515 [Gauge] [DEBUG] Attempting to connect to grpc server at port: 54406
04-06-2021 01:09:35.630 [Gauge] [DEBUG] Successfully made the connection with plugin with port: 54406
04-06-2021 01:09:35.680 [Gauge] [DEBUG] Initialising suite data store.
04-06-2021 01:09:36.184 [Gauge] [DEBUG] Checking updates...
04-06-2021 01:09:36.186 [Gauge] [DEBUG] Downloading https://downloads.gauge.org/plugin/html-report?l=java&p=html-report,java,screenshot,spectacle&o=windows&a=amd64
04-06-2021 01:09:36.927 [Gauge] [DEBUG] Attempting to connect to grpc server at port: 54421
04-06-2021 01:09:37.009 [Gauge] [DEBUG] Successfully made the connection with plugin with port: 54421
04-06-2021 01:09:37.009 [Gauge] [DEBUG] Initialising suite data store.
04-06-2021 01:09:41.518 [Gauge] [DEBUG] Downloading https://downloads.gauge.org/plugin/java?l=java&p=html-report,java,screenshot,spectacle&o=windows&a=amd64
04-06-2021 01:09:42.223 [java] [ERROR] SLF4J: Failed to load class "org.slf4j.impl.StaticLoggerBinder".
04-06-2021 01:09:42.223 [java] [ERROR] SLF4J: Defaulting to no-operation (NOP) logger implementation
04-06-2021 01:09:42.223 [java] [ERROR] SLF4J: See http://www.slf4j.org/codes.html#StaticLoggerBinder for further details.
04-06-2021 01:09:43.054 [Gauge] [DEBUG] Downloading https://downloads.gauge.org/plugin/screenshot?l=java&p=html-report,java,screenshot,spectacle&o=windows&a=amd64
04-06-2021 01:09:43.782 [Gauge] [DEBUG] Downloading https://downloads.gauge.org/plugin/spectacle?l=java&p=html-report,java,screenshot,spectacle&o=windows&a=amd64
04-06-2021 01:09:47.066 [Gauge] [CRITICAL] Failed to start gauge API: Timed out connecting to java
04-06-2021 01:09:54.800 [Gauge] [CRITICAL] Failed to start gauge API: Timed out connecting to java
04-06-2021 01:10:03.436 [Gauge] [CRITICAL] Failed to start gauge API: Timed out connecting to java
04-06-2021 01:10:04.324 [java] [DEBUG] Scanning packages for steps
04-06-2021 01:10:04.782 [java] [DEBUG] Scanning packages for hooks
04-06-2021 01:10:04.429 [java] [DEBUG] Scanning packages for steps
04-06-2021 01:10:07.755 [java] [DEBUG] Scanning packages for hooks
04-06-2021 01:12:23.312 [html-report] [DEBUG] Transformed SuiteResult to report structure
04-06-2021 01:12:23.549 [html-report] [DEBUG] Transformed SuiteResult to report structure
04-06-2021 01:12:34.951 [html-report] [INFO] Successfully generated html-report to => C:\Users\testinium\Desktop\Mobile_Testing_ByAppium\reports\html-report\index.html
04-06-2021 01:12:35.020 [Gauge] [DEBUG] Sending kill message to Html Report plugin.
04-06-2021 01:12:35.055 [html-report] [INFO] Successfully generated html-report to => C:\Users\testinium\Desktop\Mobile_Testing_ByAppium\reports\html-report\index.html
04-06-2021 01:12:34.951 [Gauge] [DEBUG] Sending kill message to Html Report plugin.
04-06-2021 01:12:35.442 [html-report] [DEBUG] Done generating HTML report using theme from C:\Users\testinium\AppData\Roaming\gauge\plugins\html-report\4.0.12\themes\default
04-06-2021 01:12:36.327 [html-report] [DEBUG] Done generating HTML report using theme from C:\Users\testinium\AppData\Roaming\gauge\plugins\html-report\4.0.12\themes\default
04-06-2021 01:12:37.008 [Gauge] [DEBUG] Runner with PID:14928 has exited
04-06-2021 01:12:37.012 [Gauge] [INFO] Specifications:	1 executed	0 passed	1 failed	0 skipped
04-06-2021 01:12:37.012 [Gauge] [INFO] Scenarios:	1 executed	0 passed	1 failed	0 skipped
04-06-2021 01:12:37.012 [Gauge] [INFO] 
Total time taken: 2m47.175s
04-06-2021 01:12:37.085 [Gauge] [DEBUG] Runner with PID:4932 has exited
04-06-2021 01:12:37.085 [Gauge] [INFO] Specifications:	1 executed	0 passed	1 failed	0 skipped
04-06-2021 01:12:37.085 [Gauge] [INFO] Scenarios:	1 executed	0 passed	1 failed	0 skipped
04-06-2021 01:12:37.086 [Gauge] [INFO] 
Total time taken: 2m55.153s
04-06-2021 01:16:42.506 [Gauge] [DEBUG] Created gauge_screenshots_dir at C:\Users\testinium\Desktop\Mobile_Testing_ByAppium\.gauge\screenshots
04-06-2021 01:16:42.510 [Gauge] [DEBUG] Plugin java is already installed.
04-06-2021 01:16:42.511 [Gauge] [DEBUG] Plugin html-report is already installed.
04-06-2021 01:16:42.512 [Gauge] [DEBUG] Parsing started.
04-06-2021 01:16:42.512 [Gauge] [DEBUG] Started concepts parsing.
04-06-2021 01:16:42.521 [Gauge] [DEBUG] 12 concepts parsing completed.
04-06-2021 01:16:42.521 [Gauge] [DEBUG] Started specifications parsing.
04-06-2021 01:16:42.522 [Gauge] [DEBUG] 1 specifications parsing completed.
04-06-2021 01:16:42.522 [Gauge] [DEBUG] Parsing completed.
04-06-2021 01:16:42.553 [java] [DEBUG] ***** Printing Properties/Env Values *****
04-06-2021 01:16:42.554 [java] [DEBUG] PATH: C:\Windows\system32;C:\Windows;C:\Windows\System32\Wbem;C:\Windows\System32\WindowsPowerShell\v1.0\;C:\Windows\System32\OpenSSH\;C:\WINDOWS\system32;C:\WINDOWS;C:\WINDOWS\System32\Wbem;C:\WINDOWS\System32\WindowsPowerShell\v1.0\;C:\WINDOWS\System32\OpenSSH\;C:\Program Files\Git\cmd;C:\Program Files\nodejs\;C:\Program Files\Gauge\bin;C:\Program Files\Java\jdk-16.0.1;C:\Users\testinium\AppData\Local\Android\Sdk\build-tools;C:\Users\testinium\AppData\Local\Android\Sdk\tools;C:\Users\testinium\AppData\Local\Android\Sdk\platform-tools;C:\Program Files\Gauge\bin;C:\Program Files\apache-maven-3.8.1\bin;C:\Users\testinium\AppData\Local\Microsoft\WindowsApps;C:\Users\testinium\AppData\Roaming\npm;C:\Users\testinium\AppData\Roaming\gauge\plugins\screenshot\0.0.1
04-06-2021 01:16:42.554 [java] [DEBUG] JAVA_HOME: C:\Program Files\Java\jdk-16.0.1
04-06-2021 01:16:42.554 [java] [DEBUG] gauge_project_root: C:\Users\testinium\Desktop\Mobile_Testing_ByAppium
04-06-2021 01:16:42.554 [java] [DEBUG] gauge_parallel_streams_count: 8
04-06-2021 01:16:42.554 [java] [DEBUG] gauge_reports_dir: reports
04-06-2021 01:16:42.554 [java] [DEBUG] overwrite_reports: true
04-06-2021 01:16:42.554 [java] [DEBUG] logs_directory: logs
04-06-2021 01:16:42.554 [java] [DEBUG] enable_multithreading: false
04-06-2021 01:16:42.554 [java] [DEBUG] gauge_specs_dir: specs
04-06-2021 01:16:42.554 [java] [DEBUG] csv_delimiter: ,
04-06-2021 01:16:42.554 [java] [DEBUG] gauge_java_home: 
04-06-2021 01:16:42.554 [java] [DEBUG] gauge_custom_build_path: 
04-06-2021 01:16:42.554 [java] [DEBUG] gauge_additional_libs: libs/*
04-06-2021 01:16:42.554 [java] [DEBUG] gauge_jvm_args: 
04-06-2021 01:16:42.554 [java] [DEBUG] gauge_custom_compile_dir: 
04-06-2021 01:16:42.554 [java] [DEBUG] gauge_clear_state_level: scenario
04-06-2021 01:16:42.554 [java] [DEBUG] ***** END *****
04-06-2021 01:16:42.979 [Gauge] [DEBUG] Checking updates...
04-06-2021 01:16:42.981 [Gauge] [DEBUG] Downloading https://downloads.gauge.org/plugin/html-report?l=java&p=html-report,java,screenshot,spectacle&o=windows&a=amd64
04-06-2021 01:16:43.459 [Gauge] [DEBUG] Downloading https://downloads.gauge.org/plugin/java?l=java&p=html-report,java,screenshot,spectacle&o=windows&a=amd64
04-06-2021 01:16:43.623 [Gauge] [DEBUG] Downloading https://downloads.gauge.org/plugin/screenshot?l=java&p=html-report,java,screenshot,spectacle&o=windows&a=amd64
04-06-2021 01:16:43.813 [Gauge] [DEBUG] Downloading https://downloads.gauge.org/plugin/spectacle?l=java&p=html-report,java,screenshot,spectacle&o=windows&a=amd64
04-06-2021 01:16:46.363 [java] [ERROR] Installed version of gauge-java (0.7.15) does not match with dependency gauge-java (0.7.4) specified in pom.xml file
04-06-2021 01:16:46.363 [java] [DEBUG] classpath set to C:\Users\testinium\.jdks\openjdk-16.0.1!\java.base;C:\Users\testinium\.jdks\openjdk-16.0.1!\java.compiler;C:\Users\testinium\.jdks\openjdk-16.0.1!\java.datatransfer;C:\Users\testinium\.jdks\openjdk-16.0.1!\java.desktop;C:\Users\testinium\.jdks\openjdk-16.0.1!\java.instrument;C:\Users\testinium\.jdks\openjdk-16.0.1!\java.logging;C:\Users\testinium\.jdks\openjdk-16.0.1!\java.management;C:\Users\testinium\.jdks\openjdk-16.0.1!\java.management.rmi;C:\Users\testinium\.jdks\openjdk-16.0.1!\java.naming;C:\Users\testinium\.jdks\openjdk-16.0.1!\java.net.http;C:\Users\testinium\.jdks\openjdk-16.0.1!\java.prefs;C:\Users\testinium\.jdks\openjdk-16.0.1!\java.rmi;C:\Users\testinium\.jdks\openjdk-16.0.1!\java.scripting;C:\Users\testinium\.jdks\openjdk-16.0.1!\java.se;C:\Users\testinium\.jdks\openjdk-16.0.1!\java.security.jgss;C:\Users\testinium\.jdks\openjdk-16.0.1!\java.security.sasl;C:\Users\testinium\.jdks\openjdk-16.0.1!\java.smartcardio;C:\Users\testinium\.jdks\openjdk-16.0.1!\java.sql;C:\Users\testinium\.jdks\openjdk-16.0.1!\java.sql.rowset;C:\Users\testinium\.jdks\openjdk-16.0.1!\java.transaction.xa;C:\Users\testinium\.jdks\openjdk-16.0.1!\java.xml;C:\Users\testinium\.jdks\openjdk-16.0.1!\java.xml.crypto;C:\Users\testinium\.jdks\openjdk-16.0.1!\jdk.accessibility;C:\Users\testinium\.jdks\openjdk-16.0.1!\jdk.attach;C:\Users\testinium\.jdks\openjdk-16.0.1!\jdk.charsets;C:\Users\testinium\.jdks\openjdk-16.0.1!\jdk.compiler;C:\Users\testinium\.jdks\openjdk-16.0.1!\jdk.crypto.cryptoki;C:\Users\testinium\.jdks\openjdk-16.0.1!\jdk.crypto.ec;C:\Users\testinium\.jdks\openjdk-16.0.1!\jdk.crypto.mscapi;C:\Users\testinium\.jdks\openjdk-16.0.1!\jdk.dynalink;C:\Users\testinium\.jdks\openjdk-16.0.1!\jdk.editpad;C:\Users\testinium\.jdks\openjdk-16.0.1!\jdk.hotspot.agent;C:\Users\testinium\.jdks\openjdk-16.0.1!\jdk.httpserver;C:\Users\testinium\.jdks\openjdk-16.0.1!\jdk.incubator.foreign;C:\Users\testinium\.jdks\openjdk-16.0.1!\jdk.incubator.vector;C:\Users\testinium\.jdks\openjdk-16.0.1!\jdk.internal.ed;C:\Users\testinium\.jdks\openjdk-16.0.1!\jdk.internal.jvmstat;C:\Users\testinium\.jdks\openjdk-16.0.1!\jdk.internal.le;C:\Users\testinium\.jdks\openjdk-16.0.1!\jdk.internal.opt;C:\Users\testinium\.jdks\openjdk-16.0.1!\jdk.internal.vm.ci;C:\Users\testinium\.jdks\openjdk-16.0.1!\jdk.jartool;C:\Users\testinium\.jdks\openjdk-16.0.1!\jdk.javadoc;C:\Users\testinium\.jdks\openjdk-16.0.1!\jdk.jcmd;C:\Users\testinium\.jdks\openjdk-16.0.1!\jdk.jconsole;C:\Users\testinium\.jdks\openjdk-16.0.1!\jdk.jdeps;C:\Users\testinium\.jdks\openjdk-16.0.1!\jdk.jdi;C:\Users\testinium\.jdks\openjdk-16.0.1!\jdk.jdwp.agent;C:\Users\testinium\.jdks\openjdk-16.0.1!\jdk.jfr;C:\Users\testinium\.jdks\openjdk-16.0.1!\jdk.jlink;C:\Users\testinium\.jdks\openjdk-16.0.1!\jdk.jpackage;C:\Users\testinium\.jdks\openjdk-16.0.1!\jdk.jshell;C:\Users\testinium\.jdks\openjdk-16.0.1!\jdk.jsobject;C:\Users\testinium\.jdks\openjdk-16.0.1!\jdk.jstatd;C:\Users\testinium\.jdks\openjdk-16.0.1!\jdk.localedata;C:\Users\testinium\.jdks\openjdk-16.0.1!\jdk.management;C:\Users\testinium\.jdks\openjdk-16.0.1!\jdk.management.agent;C:\Users\testinium\.jdks\openjdk-16.0.1!\jdk.management.jfr;C:\Users\testinium\.jdks\openjdk-16.0.1!\jdk.naming.dns;C:\Users\testinium\.jdks\openjdk-16.0.1!\jdk.naming.rmi;C:\Users\testinium\.jdks\openjdk-16.0.1!\jdk.net;C:\Users\testinium\.jdks\openjdk-16.0.1!\jdk.nio.mapmode;C:\Users\testinium\.jdks\openjdk-16.0.1!\jdk.sctp;C:\Users\testinium\.jdks\openjdk-16.0.1!\jdk.security.auth;C:\Users\testinium\.jdks\openjdk-16.0.1!\jdk.security.jgss;C:\Users\testinium\.jdks\openjdk-16.0.1!\jdk.unsupported;C:\Users\testinium\.jdks\openjdk-16.0.1!\jdk.unsupported.desktop;C:\Users\testinium\.jdks\openjdk-16.0.1!\jdk.xml.dom;C:\Users\testinium\.jdks\openjdk-16.0.1!\jdk.zipfs;C:\Users\testinium\Desktop\Mobile_Testing_ByAppium\target\test-classes;C:\Users\testinium\.m2\repository\junit\junit\4.12\junit-4.12.jar;C:\Users\testinium\.m2\repository\org\hamcrest\hamcrest-core\1.3\hamcrest-core-1.3.jar;C:\Users\testinium\.m2\repository\com\thoughtworks\gauge\gauge-java\0.7.4\gauge-java-0.7.4.jar;C:\Users\testinium\.m2\repository\org\assertj\assertj-core\3.14.0\assertj-core-3.14.0.jar;C:\Users\testinium\.m2\repository\org\reflections\reflections\0.9.11\reflections-0.9.11.jar;C:\Users\testinium\.m2\repository\org\javassist\javassist\3.21.0-GA\javassist-3.21.0-GA.jar;C:\Users\testinium\.m2\repository\com\github\javaparser\javaparser-core\2.5.1\javaparser-core-2.5.1.jar;C:\Users\testinium\.m2\repository\commons-io\commons-io\2.6\commons-io-2.6.jar;C:\Users\testinium\.m2\repository\commons-lang\commons-lang\2.6\commons-lang-2.6.jar;C:\Users\testinium\.m2\repository\org\json\json\20190722\json-20190722.jar;C:\Users\testinium\.m2\repository\com\google\protobuf\protobuf-java\3.11.1\protobuf-java-3.11.1.jar;C:\Users\testinium\.m2\repository\com\google\guava\guava\28.2-jre\guava-28.2-jre.jar;C:\Users\testinium\.m2\repository\com\google\guava\failureaccess\1.0.1\failureaccess-1.0.1.jar;C:\Users\testinium\.m2\repository\com\google\guava\listenablefuture\9999.0-empty-to-avoid-conflict-with-guava\listenablefuture-9999.0-empty-to-avoid-conflict-with-guava.jar;C:\Users\testinium\.m2\repository\com\google\code\findbugs\jsr305\3.0.2\jsr305-3.0.2.jar;C:\Users\testinium\.m2\repository\org\checkerframework\checker-qual\2.10.0\checker-qual-2.10.0.jar;C:\Users\testinium\.m2\repository\com\google\errorprone\error_prone_annotations\2.3.4\error_prone_annotations-2.3.4.jar;C:\Users\testinium\.m2\repository\com\google\j2objc\j2objc-annotations\1.3\j2objc-annotations-1.3.jar;C:\Users\testinium\.m2\repository\io\grpc\grpc-netty-shaded\1.26.0\grpc-netty-shaded-1.26.0.jar;C:\Users\testinium\.m2\repository\io\grpc\grpc-core\1.26.0\grpc-core-1.26.0.jar;C:\Users\testinium\.m2\repository\com\google\android\annotations\4.1.1.4\annotations-4.1.1.4.jar;C:\Users\testinium\.m2\repository\io\perfmark\perfmark-api\0.19.0\perfmark-api-0.19.0.jar;C:\Users\testinium\.m2\repository\io\opencensus\opencensus-api\0.24.0\opencensus-api-0.24.0.jar;C:\Users\testinium\.m2\repository\io\opencensus\opencensus-contrib-grpc-metrics\0.24.0\opencensus-contrib-grpc-metrics-0.24.0.jar;C:\Users\testinium\.m2\repository\io\grpc\grpc-protobuf\1.26.0\grpc-protobuf-1.26.0.jar;C:\Users\testinium\.m2\repository\io\grpc\grpc-api\1.26.0\grpc-api-1.26.0.jar;C:\Users\testinium\.m2\repository\io\grpc\grpc-context\1.26.0\grpc-context-1.26.0.jar;C:\Users\testinium\.m2\repository\org\codehaus\mojo\animal-sniffer-annotations\1.17\animal-sniffer-annotations-1.17.jar;C:\Users\testinium\.m2\repository\com\google\api\grpc\proto-google-common-protos\1.12.0\proto-google-common-protos-1.12.0.jar;C:\Users\testinium\.m2\repository\io\grpc\grpc-protobuf-lite\1.26.0\grpc-protobuf-lite-1.26.0.jar;C:\Users\testinium\.m2\repository\io\grpc\grpc-stub\1.24.1\grpc-stub-1.24.1.jar;C:\Users\testinium\.m2\repository\javax\annotation\javax.annotation-api\1.3.2\javax.annotation-api-1.3.2.jar;C:\Users\testinium\.m2\repository\io\appium\java-client\7.3.0\java-client-7.3.0.jar;C:\Users\testinium\.m2\repository\org\seleniumhq\selenium\selenium-java\3.141.59\selenium-java-3.141.59.jar;C:\Users\testinium\.m2\repository\org\seleniumhq\selenium\selenium-chrome-driver\3.141.59\selenium-chrome-driver-3.141.59.jar;C:\Users\testinium\.m2\repository\org\seleniumhq\selenium\selenium-edge-driver\3.141.59\selenium-edge-driver-3.141.59.jar;C:\Users\testinium\.m2\repository\org\seleniumhq\selenium\selenium-firefox-driver\3.141.59\selenium-firefox-driver-3.141.59.jar;C:\Users\testinium\.m2\repository\org\seleniumhq\selenium\selenium-ie-driver\3.141.59\selenium-ie-driver-3.141.59.jar;C:\Users\testinium\.m2\repository\org\seleniumhq\selenium\selenium-opera-driver\3.141.59\selenium-opera-driver-3.141.59.jar;C:\Users\testinium\.m2\repository\org\seleniumhq\selenium\selenium-remote-driver\3.141.59\selenium-remote-driver-3.141.59.jar;C:\Users\testinium\.m2\repository\org\seleniumhq\selenium\selenium-safari-driver\3.141.59\selenium-safari-driver-3.141.59.jar;C:\Users\testinium\.m2\repository\net\bytebuddy\byte-buddy\1.8.15\byte-buddy-1.8.15.jar;C:\Users\testinium\.m2\repository\org\apache\commons\commons-exec\1.3\commons-exec-1.3.jar;C:\Users\testinium\.m2\repository\com\squareup\okhttp3\okhttp\3.11.0\okhttp-3.11.0.jar;C:\Users\testinium\.m2\repository\com\squareup\okio\okio\1.14.0\okio-1.14.0.jar;C:\Users\testinium\.m2\repository\org\seleniumhq\selenium\selenium-support\3.141.59\selenium-support-3.141.59.jar;C:\Users\testinium\.m2\repository\org\seleniumhq\selenium\selenium-api\3.141.59\selenium-api-3.141.59.jar;C:\Users\testinium\.m2\repository\com\google\code\gson\gson\2.8.5\gson-2.8.5.jar;C:\Users\testinium\.m2\repository\org\apache\httpcomponents\httpclient\4.5.9\httpclient-4.5.9.jar;C:\Users\testinium\.m2\repository\org\apache\httpcomponents\httpcore\4.4.11\httpcore-4.4.11.jar;C:\Users\testinium\.m2\repository\commons-logging\commons-logging\1.2\commons-logging-1.2.jar;C:\Users\testinium\.m2\repository\cglib\cglib\3.2.12\cglib-3.2.12.jar;C:\Users\testinium\.m2\repository\org\ow2\asm\asm\7.1\asm-7.1.jar;C:\Users\testinium\.m2\repository\commons-validator\commons-validator\1.6\commons-validator-1.6.jar;C:\Users\testinium\.m2\repository\commons-beanutils\commons-beanutils\1.9.2\commons-beanutils-1.9.2.jar;C:\Users\testinium\.m2\repository\commons-digester\commons-digester\1.8.1\commons-digester-1.8.1.jar;C:\Users\testinium\.m2\repository\commons-collections\commons-collections\3.2.2\commons-collections-3.2.2.jar;C:\Users\testinium\.m2\repository\org\apache\commons\commons-lang3\3.9\commons-lang3-3.9.jar;C:\Users\testinium\.m2\repository\org\springframework\spring-context\5.1.8.RELEASE\spring-context-5.1.8.RELEASE.jar;C:\Users\testinium\.m2\repository\org\springframework\spring-aop\5.1.8.RELEASE\spring-aop-5.1.8.RELEASE.jar;C:\Users\testinium\.m2\repository\org\springframework\spring-beans\5.1.8.RELEASE\spring-beans-5.1.8.RELEASE.jar;C:\Users\testinium\.m2\repository\org\springframework\spring-core\5.1.8.RELEASE\spring-core-5.1.8.RELEASE.jar;C:\Users\testinium\.m2\repository\org\springframework\spring-jcl\5.1.8.RELEASE\spring-jcl-5.1.8.RELEASE.jar;C:\Users\testinium\.m2\repository\org\springframework\spring-expression\5.1.8.RELEASE\spring-expression-5.1.8.RELEASE.jar;C:\Users\testinium\.m2\repository\org\aspectj\aspectjweaver\1.9.4\aspectjweaver-1.9.4.jar;C:\Users\testinium\.m2\repository\org\slf4j\slf4j-api\1.7.26\slf4j-api-1.7.26.jar;C:\Users\testinium\.m2\repository\org\testng\testng\6.14.3\testng-6.14.3.jar;C:\Users\testinium\.m2\repository\com\beust\jcommander\1.72\jcommander-1.72.jar;C:\Users\testinium\.m2\repository\org\apache-extras\beanshell\bsh\2.0b6\bsh-2.0b6.jar;C:\Users\testinium\.m2\repository\org\apache\poi\poi\4.1.2\poi-4.1.2.jar;C:\Users\testinium\.m2\repository\commons-codec\commons-codec\1.13\commons-codec-1.13.jar;C:\Users\testinium\.m2\repository\org\apache\commons\commons-collections4\4.4\commons-collections4-4.4.jar;C:\Users\testinium\.m2\repository\org\apache\commons\commons-math3\3.6.1\commons-math3-3.6.1.jar;C:\Users\testinium\.m2\repository\com\zaxxer\SparseBitSet\1.2\SparseBitSet-1.2.jar;C:\Users\testinium\.m2\repository\com\googlecode\json-simple\json-simple\1.1\json-simple-1.1.jar
04-06-2021 01:16:46.524 [java] [DEBUG] found java executable in C:\Program Files\Java\jdk-16.0.1\bin\java.exe
04-06-2021 01:16:46.524 [java] [DEBUG] running - C:\Program Files\Java\jdk-16.0.1\bin\java.exe [-Dfile.encoding=UTF-8 com.thoughtworks.gauge.GaugeRuntime --start]
04-06-2021 01:16:46.524 [java] [DEBUG] stdout/stderr is logged to logs\4072-java.exe.out
04-06-2021 01:16:47.023 [java] [ERROR] SLF4J: Failed to load class "org.slf4j.impl.StaticLoggerBinder".
04-06-2021 01:16:47.023 [java] [ERROR] SLF4J: Defaulting to no-operation (NOP) logger implementation
04-06-2021 01:16:47.023 [java] [ERROR] SLF4J: See http://www.slf4j.org/codes.html#StaticLoggerBinder for further details.
04-06-2021 01:16:48.316 [Gauge] [DEBUG] Attempting to connect to grpc server at port: 57335
04-06-2021 01:16:48.991 [Gauge] [DEBUG] Successfully made the connection with runner with port: 57335
04-06-2021 01:16:49.002 [Gauge] [DEBUG] Validation started.
04-06-2021 01:16:49.637 [Gauge] [DEBUG] Validation completed.
04-06-2021 01:16:50.003 [Gauge] [DEBUG] Run started
04-06-2021 01:16:50.058 [Gauge] [DEBUG] Starting Html Report plugin
04-06-2021 01:16:50.307 [Gauge] [DEBUG] Attempting to connect to grpc server at port: 57352
04-06-2021 01:16:50.322 [Gauge] [DEBUG] Successfully made the connection with plugin with port: 57352
04-06-2021 01:16:50.326 [Gauge] [DEBUG] Initialising suite data store.
04-06-2021 01:16:58.305 [java] [DEBUG] Scanning packages for steps
04-06-2021 01:16:58.336 [java] [DEBUG] Scanning packages for hooks
04-06-2021 01:17:09.574 [html-report] [DEBUG] Transformed SuiteResult to report structure
04-06-2021 01:17:12.858 [html-report] [INFO] Successfully generated html-report to => C:\Users\testinium\Desktop\Mobile_Testing_ByAppium\reports\html-report\index.html
04-06-2021 01:17:12.859 [html-report] [DEBUG] Done generating HTML report using theme from C:\Users\testinium\AppData\Roaming\gauge\plugins\html-report\4.0.12\themes\default
04-06-2021 01:17:12.859 [Gauge] [DEBUG] Sending kill message to Html Report plugin.
04-06-2021 01:17:13.744 [Gauge] [DEBUG] Runner with PID:4072 has exited
04-06-2021 01:17:13.744 [Gauge] [INFO] Specifications:	1 executed	0 passed	1 failed	0 skipped
04-06-2021 01:17:13.745 [Gauge] [INFO] Scenarios:	1 executed	0 passed	1 failed	0 skipped
04-06-2021 01:17:13.745 [Gauge] [INFO] 
Total time taken: 19.255s
04-06-2021 01:18:31.608 [Gauge] [DEBUG] Created gauge_screenshots_dir at C:\Users\testinium\Desktop\Mobile_Testing_ByAppium\.gauge\screenshots
04-06-2021 01:18:31.614 [Gauge] [DEBUG] Plugin java is already installed.
04-06-2021 01:18:31.617 [Gauge] [DEBUG] Plugin html-report is already installed.
04-06-2021 01:18:31.619 [Gauge] [DEBUG] Parsing started.
04-06-2021 01:18:31.619 [Gauge] [DEBUG] Started concepts parsing.
04-06-2021 01:18:31.630 [Gauge] [DEBUG] 12 concepts parsing completed.
04-06-2021 01:18:31.630 [Gauge] [DEBUG] Started specifications parsing.
04-06-2021 01:18:31.632 [Gauge] [DEBUG] 1 specifications parsing completed.
04-06-2021 01:18:31.632 [Gauge] [DEBUG] Parsing completed.
04-06-2021 01:18:32.055 [Gauge] [DEBUG] Checking updates...
04-06-2021 01:18:32.059 [Gauge] [DEBUG] Downloading https://downloads.gauge.org/plugin/html-report?l=java&p=html-report,java,screenshot,spectacle&o=windows&a=amd64
04-06-2021 01:18:32.510 [Gauge] [DEBUG] Downloading https://downloads.gauge.org/plugin/java?l=java&p=html-report,java,screenshot,spectacle&o=windows&a=amd64
04-06-2021 01:18:32.668 [Gauge] [DEBUG] Downloading https://downloads.gauge.org/plugin/screenshot?l=java&p=html-report,java,screenshot,spectacle&o=windows&a=amd64
04-06-2021 01:18:32.876 [Gauge] [DEBUG] Downloading https://downloads.gauge.org/plugin/spectacle?l=java&p=html-report,java,screenshot,spectacle&o=windows&a=amd64
04-06-2021 01:18:32.966 [java] [DEBUG] ***** Printing Properties/Env Values *****
04-06-2021 01:18:32.966 [java] [DEBUG] PATH: C:\Windows\system32;C:\Windows;C:\Windows\System32\Wbem;C:\Windows\System32\WindowsPowerShell\v1.0\;C:\Windows\System32\OpenSSH\;C:\WINDOWS\system32;C:\WINDOWS;C:\WINDOWS\System32\Wbem;C:\WINDOWS\System32\WindowsPowerShell\v1.0\;C:\WINDOWS\System32\OpenSSH\;C:\Program Files\Git\cmd;C:\Program Files\nodejs\;C:\Program Files\Gauge\bin;C:\Program Files\Java\jdk-16.0.1;C:\Users\testinium\AppData\Local\Android\Sdk\build-tools;C:\Users\testinium\AppData\Local\Android\Sdk\tools;C:\Users\testinium\AppData\Local\Android\Sdk\platform-tools;C:\Program Files\Gauge\bin;C:\Program Files\apache-maven-3.8.1\bin;C:\Users\testinium\AppData\Local\Microsoft\WindowsApps;C:\Users\testinium\AppData\Roaming\npm;C:\Users\testinium\AppData\Roaming\gauge\plugins\screenshot\0.0.1
04-06-2021 01:18:32.966 [java] [DEBUG] JAVA_HOME: C:\Program Files\Java\jdk-16.0.1
04-06-2021 01:18:32.966 [java] [DEBUG] gauge_project_root: C:\Users\testinium\Desktop\Mobile_Testing_ByAppium
04-06-2021 01:18:32.966 [java] [DEBUG] gauge_parallel_streams_count: 8
04-06-2021 01:18:32.966 [java] [DEBUG] gauge_reports_dir: reports
04-06-2021 01:18:32.966 [java] [DEBUG] overwrite_reports: true
04-06-2021 01:18:32.967 [java] [DEBUG] logs_directory: logs
04-06-2021 01:18:32.967 [java] [DEBUG] enable_multithreading: false
04-06-2021 01:18:32.967 [java] [DEBUG] gauge_specs_dir: specs
04-06-2021 01:18:32.967 [java] [DEBUG] csv_delimiter: ,
04-06-2021 01:18:32.967 [java] [DEBUG] gauge_java_home: 
04-06-2021 01:18:32.967 [java] [DEBUG] gauge_custom_build_path: 
04-06-2021 01:18:32.967 [java] [DEBUG] gauge_additional_libs: libs/*
04-06-2021 01:18:32.967 [java] [DEBUG] gauge_jvm_args: 
04-06-2021 01:18:32.967 [java] [DEBUG] gauge_custom_compile_dir: 
04-06-2021 01:18:32.967 [java] [DEBUG] gauge_clear_state_level: scenario
04-06-2021 01:18:32.967 [java] [DEBUG] ***** END *****
04-06-2021 01:18:38.118 [java] [ERROR] Installed version of gauge-java (0.7.15) does not match with dependency gauge-java (0.7.4) specified in pom.xml file
04-06-2021 01:18:38.119 [java] [DEBUG] classpath set to C:\Users\testinium\.jdks\openjdk-16.0.1!\java.base;C:\Users\testinium\.jdks\openjdk-16.0.1!\java.compiler;C:\Users\testinium\.jdks\openjdk-16.0.1!\java.datatransfer;C:\Users\testinium\.jdks\openjdk-16.0.1!\java.desktop;C:\Users\testinium\.jdks\openjdk-16.0.1!\java.instrument;C:\Users\testinium\.jdks\openjdk-16.0.1!\java.logging;C:\Users\testinium\.jdks\openjdk-16.0.1!\java.management;C:\Users\testinium\.jdks\openjdk-16.0.1!\java.management.rmi;C:\Users\testinium\.jdks\openjdk-16.0.1!\java.naming;C:\Users\testinium\.jdks\openjdk-16.0.1!\java.net.http;C:\Users\testinium\.jdks\openjdk-16.0.1!\java.prefs;C:\Users\testinium\.jdks\openjdk-16.0.1!\java.rmi;C:\Users\testinium\.jdks\openjdk-16.0.1!\java.scripting;C:\Users\testinium\.jdks\openjdk-16.0.1!\java.se;C:\Users\testinium\.jdks\openjdk-16.0.1!\java.security.jgss;C:\Users\testinium\.jdks\openjdk-16.0.1!\java.security.sasl;C:\Users\testinium\.jdks\openjdk-16.0.1!\java.smartcardio;C:\Users\testinium\.jdks\openjdk-16.0.1!\java.sql;C:\Users\testinium\.jdks\openjdk-16.0.1!\java.sql.rowset;C:\Users\testinium\.jdks\openjdk-16.0.1!\java.transaction.xa;C:\Users\testinium\.jdks\openjdk-16.0.1!\java.xml;C:\Users\testinium\.jdks\openjdk-16.0.1!\java.xml.crypto;C:\Users\testinium\.jdks\openjdk-16.0.1!\jdk.accessibility;C:\Users\testinium\.jdks\openjdk-16.0.1!\jdk.attach;C:\Users\testinium\.jdks\openjdk-16.0.1!\jdk.charsets;C:\Users\testinium\.jdks\openjdk-16.0.1!\jdk.compiler;C:\Users\testinium\.jdks\openjdk-16.0.1!\jdk.crypto.cryptoki;C:\Users\testinium\.jdks\openjdk-16.0.1!\jdk.crypto.ec;C:\Users\testinium\.jdks\openjdk-16.0.1!\jdk.crypto.mscapi;C:\Users\testinium\.jdks\openjdk-16.0.1!\jdk.dynalink;C:\Users\testinium\.jdks\openjdk-16.0.1!\jdk.editpad;C:\Users\testinium\.jdks\openjdk-16.0.1!\jdk.hotspot.agent;C:\Users\testinium\.jdks\openjdk-16.0.1!\jdk.httpserver;C:\Users\testinium\.jdks\openjdk-16.0.1!\jdk.incubator.foreign;C:\Users\testinium\.jdks\openjdk-16.0.1!\jdk.incubator.vector;C:\Users\testinium\.jdks\openjdk-16.0.1!\jdk.internal.ed;C:\Users\testinium\.jdks\openjdk-16.0.1!\jdk.internal.jvmstat;C:\Users\testinium\.jdks\openjdk-16.0.1!\jdk.internal.le;C:\Users\testinium\.jdks\openjdk-16.0.1!\jdk.internal.opt;C:\Users\testinium\.jdks\openjdk-16.0.1!\jdk.internal.vm.ci;C:\Users\testinium\.jdks\openjdk-16.0.1!\jdk.jartool;C:\Users\testinium\.jdks\openjdk-16.0.1!\jdk.javadoc;C:\Users\testinium\.jdks\openjdk-16.0.1!\jdk.jcmd;C:\Users\testinium\.jdks\openjdk-16.0.1!\jdk.jconsole;C:\Users\testinium\.jdks\openjdk-16.0.1!\jdk.jdeps;C:\Users\testinium\.jdks\openjdk-16.0.1!\jdk.jdi;C:\Users\testinium\.jdks\openjdk-16.0.1!\jdk.jdwp.agent;C:\Users\testinium\.jdks\openjdk-16.0.1!\jdk.jfr;C:\Users\testinium\.jdks\openjdk-16.0.1!\jdk.jlink;C:\Users\testinium\.jdks\openjdk-16.0.1!\jdk.jpackage;C:\Users\testinium\.jdks\openjdk-16.0.1!\jdk.jshell;C:\Users\testinium\.jdks\openjdk-16.0.1!\jdk.jsobject;C:\Users\testinium\.jdks\openjdk-16.0.1!\jdk.jstatd;C:\Users\testinium\.jdks\openjdk-16.0.1!\jdk.localedata;C:\Users\testinium\.jdks\openjdk-16.0.1!\jdk.management;C:\Users\testinium\.jdks\openjdk-16.0.1!\jdk.management.agent;C:\Users\testinium\.jdks\openjdk-16.0.1!\jdk.management.jfr;C:\Users\testinium\.jdks\openjdk-16.0.1!\jdk.naming.dns;C:\Users\testinium\.jdks\openjdk-16.0.1!\jdk.naming.rmi;C:\Users\testinium\.jdks\openjdk-16.0.1!\jdk.net;C:\Users\testinium\.jdks\openjdk-16.0.1!\jdk.nio.mapmode;C:\Users\testinium\.jdks\openjdk-16.0.1!\jdk.sctp;C:\Users\testinium\.jdks\openjdk-16.0.1!\jdk.security.auth;C:\Users\testinium\.jdks\openjdk-16.0.1!\jdk.security.jgss;C:\Users\testinium\.jdks\openjdk-16.0.1!\jdk.unsupported;C:\Users\testinium\.jdks\openjdk-16.0.1!\jdk.unsupported.desktop;C:\Users\testinium\.jdks\openjdk-16.0.1!\jdk.xml.dom;C:\Users\testinium\.jdks\openjdk-16.0.1!\jdk.zipfs;C:\Users\testinium\Desktop\Mobile_Testing_ByAppium\target\test-classes;C:\Users\testinium\.m2\repository\junit\junit\4.12\junit-4.12.jar;C:\Users\testinium\.m2\repository\org\hamcrest\hamcrest-core\1.3\hamcrest-core-1.3.jar;C:\Users\testinium\.m2\repository\com\thoughtworks\gauge\gauge-java\0.7.4\gauge-java-0.7.4.jar;C:\Users\testinium\.m2\repository\org\assertj\assertj-core\3.14.0\assertj-core-3.14.0.jar;C:\Users\testinium\.m2\repository\org\reflections\reflections\0.9.11\reflections-0.9.11.jar;C:\Users\testinium\.m2\repository\org\javassist\javassist\3.21.0-GA\javassist-3.21.0-GA.jar;C:\Users\testinium\.m2\repository\com\github\javaparser\javaparser-core\2.5.1\javaparser-core-2.5.1.jar;C:\Users\testinium\.m2\repository\commons-io\commons-io\2.6\commons-io-2.6.jar;C:\Users\testinium\.m2\repository\commons-lang\commons-lang\2.6\commons-lang-2.6.jar;C:\Users\testinium\.m2\repository\org\json\json\20190722\json-20190722.jar;C:\Users\testinium\.m2\repository\com\google\protobuf\protobuf-java\3.11.1\protobuf-java-3.11.1.jar;C:\Users\testinium\.m2\repository\com\google\guava\guava\28.2-jre\guava-28.2-jre.jar;C:\Users\testinium\.m2\repository\com\google\guava\failureaccess\1.0.1\failureaccess-1.0.1.jar;C:\Users\testinium\.m2\repository\com\google\guava\listenablefuture\9999.0-empty-to-avoid-conflict-with-guava\listenablefuture-9999.0-empty-to-avoid-conflict-with-guava.jar;C:\Users\testinium\.m2\repository\com\google\code\findbugs\jsr305\3.0.2\jsr305-3.0.2.jar;C:\Users\testinium\.m2\repository\org\checkerframework\checker-qual\2.10.0\checker-qual-2.10.0.jar;C:\Users\testinium\.m2\repository\com\google\errorprone\error_prone_annotations\2.3.4\error_prone_annotations-2.3.4.jar;C:\Users\testinium\.m2\repository\com\google\j2objc\j2objc-annotations\1.3\j2objc-annotations-1.3.jar;C:\Users\testinium\.m2\repository\io\grpc\grpc-netty-shaded\1.26.0\grpc-netty-shaded-1.26.0.jar;C:\Users\testinium\.m2\repository\io\grpc\grpc-core\1.26.0\grpc-core-1.26.0.jar;C:\Users\testinium\.m2\repository\com\google\android\annotations\4.1.1.4\annotations-4.1.1.4.jar;C:\Users\testinium\.m2\repository\io\perfmark\perfmark-api\0.19.0\perfmark-api-0.19.0.jar;C:\Users\testinium\.m2\repository\io\opencensus\opencensus-api\0.24.0\opencensus-api-0.24.0.jar;C:\Users\testinium\.m2\repository\io\opencensus\opencensus-contrib-grpc-metrics\0.24.0\opencensus-contrib-grpc-metrics-0.24.0.jar;C:\Users\testinium\.m2\repository\io\grpc\grpc-protobuf\1.26.0\grpc-protobuf-1.26.0.jar;C:\Users\testinium\.m2\repository\io\grpc\grpc-api\1.26.0\grpc-api-1.26.0.jar;C:\Users\testinium\.m2\repository\io\grpc\grpc-context\1.26.0\grpc-context-1.26.0.jar;C:\Users\testinium\.m2\repository\org\codehaus\mojo\animal-sniffer-annotations\1.17\animal-sniffer-annotations-1.17.jar;C:\Users\testinium\.m2\repository\com\google\api\grpc\proto-google-common-protos\1.12.0\proto-google-common-protos-1.12.0.jar;C:\Users\testinium\.m2\repository\io\grpc\grpc-protobuf-lite\1.26.0\grpc-protobuf-lite-1.26.0.jar;C:\Users\testinium\.m2\repository\io\grpc\grpc-stub\1.24.1\grpc-stub-1.24.1.jar;C:\Users\testinium\.m2\repository\javax\annotation\javax.annotation-api\1.3.2\javax.annotation-api-1.3.2.jar;C:\Users\testinium\.m2\repository\io\appium\java-client\7.3.0\java-client-7.3.0.jar;C:\Users\testinium\.m2\repository\org\seleniumhq\selenium\selenium-java\3.141.59\selenium-java-3.141.59.jar;C:\Users\testinium\.m2\repository\org\seleniumhq\selenium\selenium-chrome-driver\3.141.59\selenium-chrome-driver-3.141.59.jar;C:\Users\testinium\.m2\repository\org\seleniumhq\selenium\selenium-edge-driver\3.141.59\selenium-edge-driver-3.141.59.jar;C:\Users\testinium\.m2\repository\org\seleniumhq\selenium\selenium-firefox-driver\3.141.59\selenium-firefox-driver-3.141.59.jar;C:\Users\testinium\.m2\repository\org\seleniumhq\selenium\selenium-ie-driver\3.141.59\selenium-ie-driver-3.141.59.jar;C:\Users\testinium\.m2\repository\org\seleniumhq\selenium\selenium-opera-driver\3.141.59\selenium-opera-driver-3.141.59.jar;C:\Users\testinium\.m2\repository\org\seleniumhq\selenium\selenium-remote-driver\3.141.59\selenium-remote-driver-3.141.59.jar;C:\Users\testinium\.m2\repository\org\seleniumhq\selenium\selenium-safari-driver\3.141.59\selenium-safari-driver-3.141.59.jar;C:\Users\testinium\.m2\repository\net\bytebuddy\byte-buddy\1.8.15\byte-buddy-1.8.15.jar;C:\Users\testinium\.m2\repository\org\apache\commons\commons-exec\1.3\commons-exec-1.3.jar;C:\Users\testinium\.m2\repository\com\squareup\okhttp3\okhttp\3.11.0\okhttp-3.11.0.jar;C:\Users\testinium\.m2\repository\com\squareup\okio\okio\1.14.0\okio-1.14.0.jar;C:\Users\testinium\.m2\repository\org\seleniumhq\selenium\selenium-support\3.141.59\selenium-support-3.141.59.jar;C:\Users\testinium\.m2\repository\org\seleniumhq\selenium\selenium-api\3.141.59\selenium-api-3.141.59.jar;C:\Users\testinium\.m2\repository\com\google\code\gson\gson\2.8.5\gson-2.8.5.jar;C:\Users\testinium\.m2\repository\org\apache\httpcomponents\httpclient\4.5.9\httpclient-4.5.9.jar;C:\Users\testinium\.m2\repository\org\apache\httpcomponents\httpcore\4.4.11\httpcore-4.4.11.jar;C:\Users\testinium\.m2\repository\commons-logging\commons-logging\1.2\commons-logging-1.2.jar;C:\Users\testinium\.m2\repository\cglib\cglib\3.2.12\cglib-3.2.12.jar;C:\Users\testinium\.m2\repository\org\ow2\asm\asm\7.1\asm-7.1.jar;C:\Users\testinium\.m2\repository\commons-validator\commons-validator\1.6\commons-validator-1.6.jar;C:\Users\testinium\.m2\repository\commons-beanutils\commons-beanutils\1.9.2\commons-beanutils-1.9.2.jar;C:\Users\testinium\.m2\repository\commons-digester\commons-digester\1.8.1\commons-digester-1.8.1.jar;C:\Users\testinium\.m2\repository\commons-collections\commons-collections\3.2.2\commons-collections-3.2.2.jar;C:\Users\testinium\.m2\repository\org\apache\commons\commons-lang3\3.9\commons-lang3-3.9.jar;C:\Users\testinium\.m2\repository\org\springframework\spring-context\5.1.8.RELEASE\spring-context-5.1.8.RELEASE.jar;C:\Users\testinium\.m2\repository\org\springframework\spring-aop\5.1.8.RELEASE\spring-aop-5.1.8.RELEASE.jar;C:\Users\testinium\.m2\repository\org\springframework\spring-beans\5.1.8.RELEASE\spring-beans-5.1.8.RELEASE.jar;C:\Users\testinium\.m2\repository\org\springframework\spring-core\5.1.8.RELEASE\spring-core-5.1.8.RELEASE.jar;C:\Users\testinium\.m2\repository\org\springframework\spring-jcl\5.1.8.RELEASE\spring-jcl-5.1.8.RELEASE.jar;C:\Users\testinium\.m2\repository\org\springframework\spring-expression\5.1.8.RELEASE\spring-expression-5.1.8.RELEASE.jar;C:\Users\testinium\.m2\repository\org\aspectj\aspectjweaver\1.9.4\aspectjweaver-1.9.4.jar;C:\Users\testinium\.m2\repository\org\slf4j\slf4j-api\1.7.26\slf4j-api-1.7.26.jar;C:\Users\testinium\.m2\repository\org\testng\testng\6.14.3\testng-6.14.3.jar;C:\Users\testinium\.m2\repository\com\beust\jcommander\1.72\jcommander-1.72.jar;C:\Users\testinium\.m2\repository\org\apache-extras\beanshell\bsh\2.0b6\bsh-2.0b6.jar;C:\Users\testinium\.m2\repository\org\apache\poi\poi\4.1.2\poi-4.1.2.jar;C:\Users\testinium\.m2\repository\commons-codec\commons-codec\1.13\commons-codec-1.13.jar;C:\Users\testinium\.m2\repository\org\apache\commons\commons-collections4\4.4\commons-collections4-4.4.jar;C:\Users\testinium\.m2\repository\org\apache\commons\commons-math3\3.6.1\commons-math3-3.6.1.jar;C:\Users\testinium\.m2\repository\com\zaxxer\SparseBitSet\1.2\SparseBitSet-1.2.jar;C:\Users\testinium\.m2\repository\com\googlecode\json-simple\json-simple\1.1\json-simple-1.1.jar
04-06-2021 01:18:38.233 [java] [DEBUG] found java executable in C:\Program Files\Java\jdk-16.0.1\bin\java.exe
04-06-2021 01:18:38.233 [java] [DEBUG] running - C:\Program Files\Java\jdk-16.0.1\bin\java.exe [-Dfile.encoding=UTF-8 com.thoughtworks.gauge.GaugeRuntime --start]
04-06-2021 01:18:38.233 [java] [DEBUG] stdout/stderr is logged to logs\9924-java.exe.out
04-06-2021 01:18:38.775 [java] [ERROR] SLF4J: Failed to load class "org.slf4j.impl.StaticLoggerBinder".
04-06-2021 01:18:38.775 [java] [ERROR] SLF4J: Defaulting to no-operation (NOP) logger implementation
04-06-2021 01:18:38.775 [java] [ERROR] SLF4J: See http://www.slf4j.org/codes.html#StaticLoggerBinder for further details.
04-06-2021 01:18:40.355 [Gauge] [DEBUG] Attempting to connect to grpc server at port: 58028
04-06-2021 01:18:41.246 [Gauge] [DEBUG] Successfully made the connection with runner with port: 58028
04-06-2021 01:18:41.252 [Gauge] [DEBUG] Validation started.
04-06-2021 01:18:42.320 [Gauge] [DEBUG] Validation completed.
04-06-2021 01:18:42.652 [Gauge] [DEBUG] Run started
04-06-2021 01:18:42.671 [Gauge] [DEBUG] Starting Html Report plugin
04-06-2021 01:18:45.317 [Gauge] [DEBUG] Attempting to connect to grpc server at port: 58073
04-06-2021 01:18:45.332 [Gauge] [DEBUG] Successfully made the connection with plugin with port: 58073
04-06-2021 01:18:45.336 [Gauge] [DEBUG] Initialising suite data store.
04-06-2021 01:18:52.122 [java] [DEBUG] Scanning packages for steps
04-06-2021 01:18:52.155 [java] [DEBUG] Scanning packages for hooks
04-06-2021 01:19:37.851 [java] [ERROR] Jun 04, 2021 1:19:37 AM io.appium.java_client.remote.AppiumCommandExecutor$1 lambda$0
04-06-2021 01:19:37.851 [java] [ERROR] INFO: Detected dialect: W3C
04-06-2021 01:19:42.312 [java] [INFO] java.lang.NullPointerException: Cannot invoke "java.net.URL.getFile()" because the return value of "java.lang.ClassLoader.getResource(String)" is null
04-06-2021 01:19:46.394 [html-report] [DEBUG] Transformed SuiteResult to report structure
04-06-2021 01:19:49.347 [html-report] [INFO] Successfully generated html-report to => C:\Users\testinium\Desktop\Mobile_Testing_ByAppium\reports\html-report\index.html
04-06-2021 01:19:49.347 [html-report] [DEBUG] Done generating HTML report using theme from C:\Users\testinium\AppData\Roaming\gauge\plugins\html-report\4.0.12\themes\default
04-06-2021 01:19:49.360 [Gauge] [DEBUG] Sending kill message to Html Report plugin.
04-06-2021 01:19:50.392 [Gauge] [DEBUG] Runner with PID:9924 has exited
04-06-2021 01:19:50.392 [Gauge] [INFO] Specifications:	1 executed	0 passed	1 failed	0 skipped
04-06-2021 01:19:50.392 [Gauge] [INFO] Scenarios:	1 executed	0 passed	1 failed	0 skipped
04-06-2021 01:19:50.393 [Gauge] [INFO] 
Total time taken: 1m3.401s
04-06-2021 01:22:41.756 [Gauge] [DEBUG] Created gauge_screenshots_dir at C:\Users\testinium\Desktop\Mobile_Testing_ByAppium\.gauge\screenshots
04-06-2021 01:22:41.760 [Gauge] [DEBUG] Plugin java is already installed.
04-06-2021 01:22:41.761 [Gauge] [DEBUG] Plugin html-report is already installed.
04-06-2021 01:22:41.762 [Gauge] [DEBUG] Parsing started.
04-06-2021 01:22:41.762 [Gauge] [DEBUG] Started concepts parsing.
04-06-2021 01:22:41.772 [Gauge] [DEBUG] 12 concepts parsing completed.
04-06-2021 01:22:41.773 [Gauge] [DEBUG] Started specifications parsing.
04-06-2021 01:22:41.774 [Gauge] [DEBUG] 1 specifications parsing completed.
04-06-2021 01:22:41.774 [Gauge] [DEBUG] Parsing completed.
04-06-2021 01:22:41.812 [java] [DEBUG] ***** Printing Properties/Env Values *****
04-06-2021 01:22:41.812 [java] [DEBUG] PATH: C:\Windows\system32;C:\Windows;C:\Windows\System32\Wbem;C:\Windows\System32\WindowsPowerShell\v1.0\;C:\Windows\System32\OpenSSH\;C:\WINDOWS\system32;C:\WINDOWS;C:\WINDOWS\System32\Wbem;C:\WINDOWS\System32\WindowsPowerShell\v1.0\;C:\WINDOWS\System32\OpenSSH\;C:\Program Files\Git\cmd;C:\Program Files\nodejs\;C:\Program Files\Gauge\bin;C:\Program Files\Java\jdk-16.0.1;C:\Users\testinium\AppData\Local\Android\Sdk\build-tools;C:\Users\testinium\AppData\Local\Android\Sdk\tools;C:\Users\testinium\AppData\Local\Android\Sdk\platform-tools;C:\Program Files\Gauge\bin;C:\Program Files\apache-maven-3.8.1\bin;C:\Users\testinium\AppData\Local\Microsoft\WindowsApps;C:\Users\testinium\AppData\Roaming\npm;C:\Users\testinium\AppData\Roaming\gauge\plugins\screenshot\0.0.1
04-06-2021 01:22:41.812 [java] [DEBUG] JAVA_HOME: C:\Program Files\Java\jdk-16.0.1
04-06-2021 01:22:41.812 [java] [DEBUG] gauge_project_root: C:\Users\testinium\Desktop\Mobile_Testing_ByAppium
04-06-2021 01:22:41.812 [java] [DEBUG] gauge_parallel_streams_count: 8
04-06-2021 01:22:41.812 [java] [DEBUG] gauge_reports_dir: reports
04-06-2021 01:22:41.812 [java] [DEBUG] overwrite_reports: true
04-06-2021 01:22:41.812 [java] [DEBUG] logs_directory: logs
04-06-2021 01:22:41.812 [java] [DEBUG] enable_multithreading: false
04-06-2021 01:22:41.812 [java] [DEBUG] gauge_specs_dir: specs
04-06-2021 01:22:41.812 [java] [DEBUG] csv_delimiter: ,
04-06-2021 01:22:41.812 [java] [DEBUG] gauge_java_home: 
04-06-2021 01:22:41.812 [java] [DEBUG] gauge_custom_build_path: 
04-06-2021 01:22:41.812 [java] [DEBUG] gauge_additional_libs: libs/*
04-06-2021 01:22:41.812 [java] [DEBUG] gauge_jvm_args: 
04-06-2021 01:22:41.812 [java] [DEBUG] gauge_custom_compile_dir: 
04-06-2021 01:22:41.812 [java] [DEBUG] gauge_clear_state_level: scenario
04-06-2021 01:22:41.812 [java] [DEBUG] ***** END *****
04-06-2021 01:22:42.161 [Gauge] [DEBUG] Checking updates...
04-06-2021 01:22:42.164 [Gauge] [DEBUG] Downloading https://downloads.gauge.org/plugin/html-report?l=java&p=html-report,java,screenshot,spectacle&o=windows&a=amd64
04-06-2021 01:22:42.645 [Gauge] [DEBUG] Downloading https://downloads.gauge.org/plugin/java?l=java&p=html-report,java,screenshot,spectacle&o=windows&a=amd64
04-06-2021 01:22:42.829 [Gauge] [DEBUG] Downloading https://downloads.gauge.org/plugin/screenshot?l=java&p=html-report,java,screenshot,spectacle&o=windows&a=amd64
04-06-2021 01:22:43.030 [Gauge] [DEBUG] Downloading https://downloads.gauge.org/plugin/spectacle?l=java&p=html-report,java,screenshot,spectacle&o=windows&a=amd64
04-06-2021 01:22:45.156 [java] [ERROR] Installed version of gauge-java (0.7.15) does not match with dependency gauge-java (0.7.4) specified in pom.xml file
04-06-2021 01:22:45.156 [java] [DEBUG] classpath set to C:\Users\testinium\.jdks\openjdk-16.0.1!\java.base;C:\Users\testinium\.jdks\openjdk-16.0.1!\java.compiler;C:\Users\testinium\.jdks\openjdk-16.0.1!\java.datatransfer;C:\Users\testinium\.jdks\openjdk-16.0.1!\java.desktop;C:\Users\testinium\.jdks\openjdk-16.0.1!\java.instrument;C:\Users\testinium\.jdks\openjdk-16.0.1!\java.logging;C:\Users\testinium\.jdks\openjdk-16.0.1!\java.management;C:\Users\testinium\.jdks\openjdk-16.0.1!\java.management.rmi;C:\Users\testinium\.jdks\openjdk-16.0.1!\java.naming;C:\Users\testinium\.jdks\openjdk-16.0.1!\java.net.http;C:\Users\testinium\.jdks\openjdk-16.0.1!\java.prefs;C:\Users\testinium\.jdks\openjdk-16.0.1!\java.rmi;C:\Users\testinium\.jdks\openjdk-16.0.1!\java.scripting;C:\Users\testinium\.jdks\openjdk-16.0.1!\java.se;C:\Users\testinium\.jdks\openjdk-16.0.1!\java.security.jgss;C:\Users\testinium\.jdks\openjdk-16.0.1!\java.security.sasl;C:\Users\testinium\.jdks\openjdk-16.0.1!\java.smartcardio;C:\Users\testinium\.jdks\openjdk-16.0.1!\java.sql;C:\Users\testinium\.jdks\openjdk-16.0.1!\java.sql.rowset;C:\Users\testinium\.jdks\openjdk-16.0.1!\java.transaction.xa;C:\Users\testinium\.jdks\openjdk-16.0.1!\java.xml;C:\Users\testinium\.jdks\openjdk-16.0.1!\java.xml.crypto;C:\Users\testinium\.jdks\openjdk-16.0.1!\jdk.accessibility;C:\Users\testinium\.jdks\openjdk-16.0.1!\jdk.attach;C:\Users\testinium\.jdks\openjdk-16.0.1!\jdk.charsets;C:\Users\testinium\.jdks\openjdk-16.0.1!\jdk.compiler;C:\Users\testinium\.jdks\openjdk-16.0.1!\jdk.crypto.cryptoki;C:\Users\testinium\.jdks\openjdk-16.0.1!\jdk.crypto.ec;C:\Users\testinium\.jdks\openjdk-16.0.1!\jdk.crypto.mscapi;C:\Users\testinium\.jdks\openjdk-16.0.1!\jdk.dynalink;C:\Users\testinium\.jdks\openjdk-16.0.1!\jdk.editpad;C:\Users\testinium\.jdks\openjdk-16.0.1!\jdk.hotspot.agent;C:\Users\testinium\.jdks\openjdk-16.0.1!\jdk.httpserver;C:\Users\testinium\.jdks\openjdk-16.0.1!\jdk.incubator.foreign;C:\Users\testinium\.jdks\openjdk-16.0.1!\jdk.incubator.vector;C:\Users\testinium\.jdks\openjdk-16.0.1!\jdk.internal.ed;C:\Users\testinium\.jdks\openjdk-16.0.1!\jdk.internal.jvmstat;C:\Users\testinium\.jdks\openjdk-16.0.1!\jdk.internal.le;C:\Users\testinium\.jdks\openjdk-16.0.1!\jdk.internal.opt;C:\Users\testinium\.jdks\openjdk-16.0.1!\jdk.internal.vm.ci;C:\Users\testinium\.jdks\openjdk-16.0.1!\jdk.jartool;C:\Users\testinium\.jdks\openjdk-16.0.1!\jdk.javadoc;C:\Users\testinium\.jdks\openjdk-16.0.1!\jdk.jcmd;C:\Users\testinium\.jdks\openjdk-16.0.1!\jdk.jconsole;C:\Users\testinium\.jdks\openjdk-16.0.1!\jdk.jdeps;C:\Users\testinium\.jdks\openjdk-16.0.1!\jdk.jdi;C:\Users\testinium\.jdks\openjdk-16.0.1!\jdk.jdwp.agent;C:\Users\testinium\.jdks\openjdk-16.0.1!\jdk.jfr;C:\Users\testinium\.jdks\openjdk-16.0.1!\jdk.jlink;C:\Users\testinium\.jdks\openjdk-16.0.1!\jdk.jpackage;C:\Users\testinium\.jdks\openjdk-16.0.1!\jdk.jshell;C:\Users\testinium\.jdks\openjdk-16.0.1!\jdk.jsobject;C:\Users\testinium\.jdks\openjdk-16.0.1!\jdk.jstatd;C:\Users\testinium\.jdks\openjdk-16.0.1!\jdk.localedata;C:\Users\testinium\.jdks\openjdk-16.0.1!\jdk.management;C:\Users\testinium\.jdks\openjdk-16.0.1!\jdk.management.agent;C:\Users\testinium\.jdks\openjdk-16.0.1!\jdk.management.jfr;C:\Users\testinium\.jdks\openjdk-16.0.1!\jdk.naming.dns;C:\Users\testinium\.jdks\openjdk-16.0.1!\jdk.naming.rmi;C:\Users\testinium\.jdks\openjdk-16.0.1!\jdk.net;C:\Users\testinium\.jdks\openjdk-16.0.1!\jdk.nio.mapmode;C:\Users\testinium\.jdks\openjdk-16.0.1!\jdk.sctp;C:\Users\testinium\.jdks\openjdk-16.0.1!\jdk.security.auth;C:\Users\testinium\.jdks\openjdk-16.0.1!\jdk.security.jgss;C:\Users\testinium\.jdks\openjdk-16.0.1!\jdk.unsupported;C:\Users\testinium\.jdks\openjdk-16.0.1!\jdk.unsupported.desktop;C:\Users\testinium\.jdks\openjdk-16.0.1!\jdk.xml.dom;C:\Users\testinium\.jdks\openjdk-16.0.1!\jdk.zipfs;C:\Users\testinium\Desktop\Mobile_Testing_ByAppium\target\test-classes;C:\Users\testinium\.m2\repository\junit\junit\4.12\junit-4.12.jar;C:\Users\testinium\.m2\repository\org\hamcrest\hamcrest-core\1.3\hamcrest-core-1.3.jar;C:\Users\testinium\.m2\repository\com\thoughtworks\gauge\gauge-java\0.7.4\gauge-java-0.7.4.jar;C:\Users\testinium\.m2\repository\org\assertj\assertj-core\3.14.0\assertj-core-3.14.0.jar;C:\Users\testinium\.m2\repository\org\reflections\reflections\0.9.11\reflections-0.9.11.jar;C:\Users\testinium\.m2\repository\org\javassist\javassist\3.21.0-GA\javassist-3.21.0-GA.jar;C:\Users\testinium\.m2\repository\com\github\javaparser\javaparser-core\2.5.1\javaparser-core-2.5.1.jar;C:\Users\testinium\.m2\repository\commons-io\commons-io\2.6\commons-io-2.6.jar;C:\Users\testinium\.m2\repository\commons-lang\commons-lang\2.6\commons-lang-2.6.jar;C:\Users\testinium\.m2\repository\org\json\json\20190722\json-20190722.jar;C:\Users\testinium\.m2\repository\com\google\protobuf\protobuf-java\3.11.1\protobuf-java-3.11.1.jar;C:\Users\testinium\.m2\repository\com\google\guava\guava\28.2-jre\guava-28.2-jre.jar;C:\Users\testinium\.m2\repository\com\google\guava\failureaccess\1.0.1\failureaccess-1.0.1.jar;C:\Users\testinium\.m2\repository\com\google\guava\listenablefuture\9999.0-empty-to-avoid-conflict-with-guava\listenablefuture-9999.0-empty-to-avoid-conflict-with-guava.jar;C:\Users\testinium\.m2\repository\com\google\code\findbugs\jsr305\3.0.2\jsr305-3.0.2.jar;C:\Users\testinium\.m2\repository\org\checkerframework\checker-qual\2.10.0\checker-qual-2.10.0.jar;C:\Users\testinium\.m2\repository\com\google\errorprone\error_prone_annotations\2.3.4\error_prone_annotations-2.3.4.jar;C:\Users\testinium\.m2\repository\com\google\j2objc\j2objc-annotations\1.3\j2objc-annotations-1.3.jar;C:\Users\testinium\.m2\repository\io\grpc\grpc-netty-shaded\1.26.0\grpc-netty-shaded-1.26.0.jar;C:\Users\testinium\.m2\repository\io\grpc\grpc-core\1.26.0\grpc-core-1.26.0.jar;C:\Users\testinium\.m2\repository\com\google\android\annotations\4.1.1.4\annotations-4.1.1.4.jar;C:\Users\testinium\.m2\repository\io\perfmark\perfmark-api\0.19.0\perfmark-api-0.19.0.jar;C:\Users\testinium\.m2\repository\io\opencensus\opencensus-api\0.24.0\opencensus-api-0.24.0.jar;C:\Users\testinium\.m2\repository\io\opencensus\opencensus-contrib-grpc-metrics\0.24.0\opencensus-contrib-grpc-metrics-0.24.0.jar;C:\Users\testinium\.m2\repository\io\grpc\grpc-protobuf\1.26.0\grpc-protobuf-1.26.0.jar;C:\Users\testinium\.m2\repository\io\grpc\grpc-api\1.26.0\grpc-api-1.26.0.jar;C:\Users\testinium\.m2\repository\io\grpc\grpc-context\1.26.0\grpc-context-1.26.0.jar;C:\Users\testinium\.m2\repository\org\codehaus\mojo\animal-sniffer-annotations\1.17\animal-sniffer-annotations-1.17.jar;C:\Users\testinium\.m2\repository\com\google\api\grpc\proto-google-common-protos\1.12.0\proto-google-common-protos-1.12.0.jar;C:\Users\testinium\.m2\repository\io\grpc\grpc-protobuf-lite\1.26.0\grpc-protobuf-lite-1.26.0.jar;C:\Users\testinium\.m2\repository\io\grpc\grpc-stub\1.24.1\grpc-stub-1.24.1.jar;C:\Users\testinium\.m2\repository\javax\annotation\javax.annotation-api\1.3.2\javax.annotation-api-1.3.2.jar;C:\Users\testinium\.m2\repository\io\appium\java-client\7.3.0\java-client-7.3.0.jar;C:\Users\testinium\.m2\repository\org\seleniumhq\selenium\selenium-java\3.141.59\selenium-java-3.141.59.jar;C:\Users\testinium\.m2\repository\org\seleniumhq\selenium\selenium-chrome-driver\3.141.59\selenium-chrome-driver-3.141.59.jar;C:\Users\testinium\.m2\repository\org\seleniumhq\selenium\selenium-edge-driver\3.141.59\selenium-edge-driver-3.141.59.jar;C:\Users\testinium\.m2\repository\org\seleniumhq\selenium\selenium-firefox-driver\3.141.59\selenium-firefox-driver-3.141.59.jar;C:\Users\testinium\.m2\repository\org\seleniumhq\selenium\selenium-ie-driver\3.141.59\selenium-ie-driver-3.141.59.jar;C:\Users\testinium\.m2\repository\org\seleniumhq\selenium\selenium-opera-driver\3.141.59\selenium-opera-driver-3.141.59.jar;C:\Users\testinium\.m2\repository\org\seleniumhq\selenium\selenium-remote-driver\3.141.59\selenium-remote-driver-3.141.59.jar;C:\Users\testinium\.m2\repository\org\seleniumhq\selenium\selenium-safari-driver\3.141.59\selenium-safari-driver-3.141.59.jar;C:\Users\testinium\.m2\repository\net\bytebuddy\byte-buddy\1.8.15\byte-buddy-1.8.15.jar;C:\Users\testinium\.m2\repository\org\apache\commons\commons-exec\1.3\commons-exec-1.3.jar;C:\Users\testinium\.m2\repository\com\squareup\okhttp3\okhttp\3.11.0\okhttp-3.11.0.jar;C:\Users\testinium\.m2\repository\com\squareup\okio\okio\1.14.0\okio-1.14.0.jar;C:\Users\testinium\.m2\repository\org\seleniumhq\selenium\selenium-support\3.141.59\selenium-support-3.141.59.jar;C:\Users\testinium\.m2\repository\org\seleniumhq\selenium\selenium-api\3.141.59\selenium-api-3.141.59.jar;C:\Users\testinium\.m2\repository\com\google\code\gson\gson\2.8.5\gson-2.8.5.jar;C:\Users\testinium\.m2\repository\org\apache\httpcomponents\httpclient\4.5.9\httpclient-4.5.9.jar;C:\Users\testinium\.m2\repository\org\apache\httpcomponents\httpcore\4.4.11\httpcore-4.4.11.jar;C:\Users\testinium\.m2\repository\commons-logging\commons-logging\1.2\commons-logging-1.2.jar;C:\Users\testinium\.m2\repository\cglib\cglib\3.2.12\cglib-3.2.12.jar;C:\Users\testinium\.m2\repository\org\ow2\asm\asm\7.1\asm-7.1.jar;C:\Users\testinium\.m2\repository\commons-validator\commons-validator\1.6\commons-validator-1.6.jar;C:\Users\testinium\.m2\repository\commons-beanutils\commons-beanutils\1.9.2\commons-beanutils-1.9.2.jar;C:\Users\testinium\.m2\repository\commons-digester\commons-digester\1.8.1\commons-digester-1.8.1.jar;C:\Users\testinium\.m2\repository\commons-collections\commons-collections\3.2.2\commons-collections-3.2.2.jar;C:\Users\testinium\.m2\repository\org\apache\commons\commons-lang3\3.9\commons-lang3-3.9.jar;C:\Users\testinium\.m2\repository\org\springframework\spring-context\5.1.8.RELEASE\spring-context-5.1.8.RELEASE.jar;C:\Users\testinium\.m2\repository\org\springframework\spring-aop\5.1.8.RELEASE\spring-aop-5.1.8.RELEASE.jar;C:\Users\testinium\.m2\repository\org\springframework\spring-beans\5.1.8.RELEASE\spring-beans-5.1.8.RELEASE.jar;C:\Users\testinium\.m2\repository\org\springframework\spring-core\5.1.8.RELEASE\spring-core-5.1.8.RELEASE.jar;C:\Users\testinium\.m2\repository\org\springframework\spring-jcl\5.1.8.RELEASE\spring-jcl-5.1.8.RELEASE.jar;C:\Users\testinium\.m2\repository\org\springframework\spring-expression\5.1.8.RELEASE\spring-expression-5.1.8.RELEASE.jar;C:\Users\testinium\.m2\repository\org\aspectj\aspectjweaver\1.9.4\aspectjweaver-1.9.4.jar;C:\Users\testinium\.m2\repository\org\slf4j\slf4j-api\1.7.26\slf4j-api-1.7.26.jar;C:\Users\testinium\.m2\repository\org\testng\testng\6.14.3\testng-6.14.3.jar;C:\Users\testinium\.m2\repository\com\beust\jcommander\1.72\jcommander-1.72.jar;C:\Users\testinium\.m2\repository\org\apache-extras\beanshell\bsh\2.0b6\bsh-2.0b6.jar;C:\Users\testinium\.m2\repository\org\apache\poi\poi\4.1.2\poi-4.1.2.jar;C:\Users\testinium\.m2\repository\commons-codec\commons-codec\1.13\commons-codec-1.13.jar;C:\Users\testinium\.m2\repository\org\apache\commons\commons-collections4\4.4\commons-collections4-4.4.jar;C:\Users\testinium\.m2\repository\org\apache\commons\commons-math3\3.6.1\commons-math3-3.6.1.jar;C:\Users\testinium\.m2\repository\com\zaxxer\SparseBitSet\1.2\SparseBitSet-1.2.jar;C:\Users\testinium\.m2\repository\com\googlecode\json-simple\json-simple\1.1\json-simple-1.1.jar
04-06-2021 01:22:45.205 [java] [DEBUG] found java executable in C:\Program Files\Java\jdk-16.0.1\bin\java.exe
04-06-2021 01:22:45.205 [java] [DEBUG] running - C:\Program Files\Java\jdk-16.0.1\bin\java.exe [-Dfile.encoding=UTF-8 com.thoughtworks.gauge.GaugeRuntime --start]
04-06-2021 01:22:45.205 [java] [DEBUG] stdout/stderr is logged to logs\9976-java.exe.out
04-06-2021 01:22:45.706 [java] [ERROR] SLF4J: Failed to load class "org.slf4j.impl.StaticLoggerBinder".
04-06-2021 01:22:45.707 [java] [ERROR] SLF4J: Defaulting to no-operation (NOP) logger implementation
04-06-2021 01:22:45.707 [java] [ERROR] SLF4J: See http://www.slf4j.org/codes.html#StaticLoggerBinder for further details.
04-06-2021 01:22:47.459 [Gauge] [DEBUG] Attempting to connect to grpc server at port: 59649
04-06-2021 01:22:47.992 [Gauge] [DEBUG] Successfully made the connection with runner with port: 59649
04-06-2021 01:22:48.005 [Gauge] [DEBUG] Validation started.
04-06-2021 01:22:49.550 [Gauge] [DEBUG] Validation completed.
04-06-2021 01:22:49.815 [Gauge] [DEBUG] Run started
04-06-2021 01:22:49.883 [Gauge] [DEBUG] Starting Html Report plugin
04-06-2021 01:22:50.205 [Gauge] [DEBUG] Attempting to connect to grpc server at port: 59673
04-06-2021 01:22:50.223 [Gauge] [DEBUG] Successfully made the connection with plugin with port: 59673
04-06-2021 01:22:50.227 [Gauge] [DEBUG] Initialising suite data store.
04-06-2021 01:22:54.339 [java] [DEBUG] Scanning packages for steps
04-06-2021 01:22:54.339 [java] [DEBUG] Scanning packages for hooks
04-06-2021 01:23:31.190 [java] [ERROR] Jun 04, 2021 1:23:31 AM io.appium.java_client.remote.AppiumCommandExecutor$1 lambda$0
04-06-2021 01:23:31.190 [java] [ERROR] INFO: Detected dialect: W3C
04-06-2021 01:23:35.564 [java] [INFO] java.lang.NullPointerException: Cannot invoke "java.net.URL.getFile()" because the return value of "java.lang.ClassLoader.getResource(String)" is null
04-06-2021 01:23:39.070 [html-report] [DEBUG] Transformed SuiteResult to report structure
04-06-2021 01:23:41.706 [Gauge] [DEBUG] Sending kill message to Html Report plugin.
04-06-2021 01:23:41.715 [html-report] [INFO] Successfully generated html-report to => C:\Users\testinium\Desktop\Mobile_Testing_ByAppium\reports\html-report\index.html
04-06-2021 01:23:41.715 [html-report] [DEBUG] Done generating HTML report using theme from C:\Users\testinium\AppData\Roaming\gauge\plugins\html-report\4.0.12\themes\default
04-06-2021 01:23:42.483 [Gauge] [DEBUG] Runner with PID:9976 has exited
04-06-2021 01:23:42.483 [Gauge] [INFO] Specifications:	1 executed	0 passed	1 failed	0 skipped
04-06-2021 01:23:42.483 [Gauge] [INFO] Scenarios:	1 executed	0 passed	1 failed	0 skipped
04-06-2021 01:23:42.483 [Gauge] [INFO] 
Total time taken: 49.061s
04-06-2021 01:24:48.899 [Gauge] [DEBUG] Created gauge_screenshots_dir at C:\Users\testinium\Desktop\Mobile_Testing_ByAppium\.gauge\screenshots
04-06-2021 01:24:48.905 [Gauge] [DEBUG] Plugin java is already installed.
04-06-2021 01:24:48.909 [Gauge] [DEBUG] Plugin html-report is already installed.
04-06-2021 01:24:48.929 [Gauge] [DEBUG] Parsing started.
04-06-2021 01:24:48.929 [Gauge] [DEBUG] Started concepts parsing.
04-06-2021 01:24:48.956 [Gauge] [DEBUG] 12 concepts parsing completed.
04-06-2021 01:24:48.957 [Gauge] [DEBUG] Started specifications parsing.
04-06-2021 01:24:48.963 [Gauge] [DEBUG] 1 specifications parsing completed.
04-06-2021 01:24:48.963 [Gauge] [DEBUG] Parsing completed.
04-06-2021 01:24:49.004 [java] [DEBUG] ***** Printing Properties/Env Values *****
04-06-2021 01:24:49.004 [java] [DEBUG] PATH: C:\Windows\system32;C:\Windows;C:\Windows\System32\Wbem;C:\Windows\System32\WindowsPowerShell\v1.0\;C:\Windows\System32\OpenSSH\;C:\WINDOWS\system32;C:\WINDOWS;C:\WINDOWS\System32\Wbem;C:\WINDOWS\System32\WindowsPowerShell\v1.0\;C:\WINDOWS\System32\OpenSSH\;C:\Program Files\Git\cmd;C:\Program Files\nodejs\;C:\Program Files\Gauge\bin;C:\Program Files\Java\jdk-16.0.1;C:\Users\testinium\AppData\Local\Android\Sdk\build-tools;C:\Users\testinium\AppData\Local\Android\Sdk\tools;C:\Users\testinium\AppData\Local\Android\Sdk\platform-tools;C:\Program Files\Gauge\bin;C:\Program Files\apache-maven-3.8.1\bin;C:\Users\testinium\AppData\Local\Microsoft\WindowsApps;C:\Users\testinium\AppData\Roaming\npm;C:\Users\testinium\AppData\Roaming\gauge\plugins\screenshot\0.0.1
04-06-2021 01:24:49.004 [java] [DEBUG] JAVA_HOME: C:\Program Files\Java\jdk-16.0.1
04-06-2021 01:24:49.004 [java] [DEBUG] gauge_project_root: C:\Users\testinium\Desktop\Mobile_Testing_ByAppium
04-06-2021 01:24:49.004 [java] [DEBUG] gauge_parallel_streams_count: 8
04-06-2021 01:24:49.004 [java] [DEBUG] gauge_reports_dir: reports
04-06-2021 01:24:49.004 [java] [DEBUG] overwrite_reports: true
04-06-2021 01:24:49.004 [java] [DEBUG] logs_directory: logs
04-06-2021 01:24:49.004 [java] [DEBUG] enable_multithreading: false
04-06-2021 01:24:49.004 [java] [DEBUG] gauge_specs_dir: specs
04-06-2021 01:24:49.004 [java] [DEBUG] csv_delimiter: ,
04-06-2021 01:24:49.004 [java] [DEBUG] gauge_java_home: 
04-06-2021 01:24:49.004 [java] [DEBUG] gauge_custom_build_path: 
04-06-2021 01:24:49.004 [java] [DEBUG] gauge_additional_libs: libs/*
04-06-2021 01:24:49.004 [java] [DEBUG] gauge_jvm_args: 
04-06-2021 01:24:49.004 [java] [DEBUG] gauge_custom_compile_dir: 
04-06-2021 01:24:49.004 [java] [DEBUG] gauge_clear_state_level: scenario
04-06-2021 01:24:49.004 [java] [DEBUG] ***** END *****
04-06-2021 01:24:49.408 [Gauge] [DEBUG] Checking updates...
04-06-2021 01:24:49.412 [Gauge] [DEBUG] Downloading https://downloads.gauge.org/plugin/html-report?l=java&p=html-report,java,screenshot,spectacle&o=windows&a=amd64
04-06-2021 01:24:50.043 [Gauge] [DEBUG] Downloading https://downloads.gauge.org/plugin/java?l=java&p=html-report,java,screenshot,spectacle&o=windows&a=amd64
04-06-2021 01:24:50.271 [Gauge] [DEBUG] Downloading https://downloads.gauge.org/plugin/screenshot?l=java&p=html-report,java,screenshot,spectacle&o=windows&a=amd64
04-06-2021 01:24:50.555 [Gauge] [DEBUG] Downloading https://downloads.gauge.org/plugin/spectacle?l=java&p=html-report,java,screenshot,spectacle&o=windows&a=amd64
04-06-2021 01:24:54.486 [java] [ERROR] Installed version of gauge-java (0.7.15) does not match with dependency gauge-java (0.7.4) specified in pom.xml file
04-06-2021 01:24:54.487 [java] [DEBUG] classpath set to C:\Users\testinium\.jdks\openjdk-16.0.1!\java.base;C:\Users\testinium\.jdks\openjdk-16.0.1!\java.compiler;C:\Users\testinium\.jdks\openjdk-16.0.1!\java.datatransfer;C:\Users\testinium\.jdks\openjdk-16.0.1!\java.desktop;C:\Users\testinium\.jdks\openjdk-16.0.1!\java.instrument;C:\Users\testinium\.jdks\openjdk-16.0.1!\java.logging;C:\Users\testinium\.jdks\openjdk-16.0.1!\java.management;C:\Users\testinium\.jdks\openjdk-16.0.1!\java.management.rmi;C:\Users\testinium\.jdks\openjdk-16.0.1!\java.naming;C:\Users\testinium\.jdks\openjdk-16.0.1!\java.net.http;C:\Users\testinium\.jdks\openjdk-16.0.1!\java.prefs;C:\Users\testinium\.jdks\openjdk-16.0.1!\java.rmi;C:\Users\testinium\.jdks\openjdk-16.0.1!\java.scripting;C:\Users\testinium\.jdks\openjdk-16.0.1!\java.se;C:\Users\testinium\.jdks\openjdk-16.0.1!\java.security.jgss;C:\Users\testinium\.jdks\openjdk-16.0.1!\java.security.sasl;C:\Users\testinium\.jdks\openjdk-16.0.1!\java.smartcardio;C:\Users\testinium\.jdks\openjdk-16.0.1!\java.sql;C:\Users\testinium\.jdks\openjdk-16.0.1!\java.sql.rowset;C:\Users\testinium\.jdks\openjdk-16.0.1!\java.transaction.xa;C:\Users\testinium\.jdks\openjdk-16.0.1!\java.xml;C:\Users\testinium\.jdks\openjdk-16.0.1!\java.xml.crypto;C:\Users\testinium\.jdks\openjdk-16.0.1!\jdk.accessibility;C:\Users\testinium\.jdks\openjdk-16.0.1!\jdk.attach;C:\Users\testinium\.jdks\openjdk-16.0.1!\jdk.charsets;C:\Users\testinium\.jdks\openjdk-16.0.1!\jdk.compiler;C:\Users\testinium\.jdks\openjdk-16.0.1!\jdk.crypto.cryptoki;C:\Users\testinium\.jdks\openjdk-16.0.1!\jdk.crypto.ec;C:\Users\testinium\.jdks\openjdk-16.0.1!\jdk.crypto.mscapi;C:\Users\testinium\.jdks\openjdk-16.0.1!\jdk.dynalink;C:\Users\testinium\.jdks\openjdk-16.0.1!\jdk.editpad;C:\Users\testinium\.jdks\openjdk-16.0.1!\jdk.hotspot.agent;C:\Users\testinium\.jdks\openjdk-16.0.1!\jdk.httpserver;C:\Users\testinium\.jdks\openjdk-16.0.1!\jdk.incubator.foreign;C:\Users\testinium\.jdks\openjdk-16.0.1!\jdk.incubator.vector;C:\Users\testinium\.jdks\openjdk-16.0.1!\jdk.internal.ed;C:\Users\testinium\.jdks\openjdk-16.0.1!\jdk.internal.jvmstat;C:\Users\testinium\.jdks\openjdk-16.0.1!\jdk.internal.le;C:\Users\testinium\.jdks\openjdk-16.0.1!\jdk.internal.opt;C:\Users\testinium\.jdks\openjdk-16.0.1!\jdk.internal.vm.ci;C:\Users\testinium\.jdks\openjdk-16.0.1!\jdk.jartool;C:\Users\testinium\.jdks\openjdk-16.0.1!\jdk.javadoc;C:\Users\testinium\.jdks\openjdk-16.0.1!\jdk.jcmd;C:\Users\testinium\.jdks\openjdk-16.0.1!\jdk.jconsole;C:\Users\testinium\.jdks\openjdk-16.0.1!\jdk.jdeps;C:\Users\testinium\.jdks\openjdk-16.0.1!\jdk.jdi;C:\Users\testinium\.jdks\openjdk-16.0.1!\jdk.jdwp.agent;C:\Users\testinium\.jdks\openjdk-16.0.1!\jdk.jfr;C:\Users\testinium\.jdks\openjdk-16.0.1!\jdk.jlink;C:\Users\testinium\.jdks\openjdk-16.0.1!\jdk.jpackage;C:\Users\testinium\.jdks\openjdk-16.0.1!\jdk.jshell;C:\Users\testinium\.jdks\openjdk-16.0.1!\jdk.jsobject;C:\Users\testinium\.jdks\openjdk-16.0.1!\jdk.jstatd;C:\Users\testinium\.jdks\openjdk-16.0.1!\jdk.localedata;C:\Users\testinium\.jdks\openjdk-16.0.1!\jdk.management;C:\Users\testinium\.jdks\openjdk-16.0.1!\jdk.management.agent;C:\Users\testinium\.jdks\openjdk-16.0.1!\jdk.management.jfr;C:\Users\testinium\.jdks\openjdk-16.0.1!\jdk.naming.dns;C:\Users\testinium\.jdks\openjdk-16.0.1!\jdk.naming.rmi;C:\Users\testinium\.jdks\openjdk-16.0.1!\jdk.net;C:\Users\testinium\.jdks\openjdk-16.0.1!\jdk.nio.mapmode;C:\Users\testinium\.jdks\openjdk-16.0.1!\jdk.sctp;C:\Users\testinium\.jdks\openjdk-16.0.1!\jdk.security.auth;C:\Users\testinium\.jdks\openjdk-16.0.1!\jdk.security.jgss;C:\Users\testinium\.jdks\openjdk-16.0.1!\jdk.unsupported;C:\Users\testinium\.jdks\openjdk-16.0.1!\jdk.unsupported.desktop;C:\Users\testinium\.jdks\openjdk-16.0.1!\jdk.xml.dom;C:\Users\testinium\.jdks\openjdk-16.0.1!\jdk.zipfs;C:\Users\testinium\Desktop\Mobile_Testing_ByAppium\target\test-classes;C:\Users\testinium\.m2\repository\junit\junit\4.12\junit-4.12.jar;C:\Users\testinium\.m2\repository\org\hamcrest\hamcrest-core\1.3\hamcrest-core-1.3.jar;C:\Users\testinium\.m2\repository\com\thoughtworks\gauge\gauge-java\0.7.4\gauge-java-0.7.4.jar;C:\Users\testinium\.m2\repository\org\assertj\assertj-core\3.14.0\assertj-core-3.14.0.jar;C:\Users\testinium\.m2\repository\org\reflections\reflections\0.9.11\reflections-0.9.11.jar;C:\Users\testinium\.m2\repository\org\javassist\javassist\3.21.0-GA\javassist-3.21.0-GA.jar;C:\Users\testinium\.m2\repository\com\github\javaparser\javaparser-core\2.5.1\javaparser-core-2.5.1.jar;C:\Users\testinium\.m2\repository\commons-io\commons-io\2.6\commons-io-2.6.jar;C:\Users\testinium\.m2\repository\commons-lang\commons-lang\2.6\commons-lang-2.6.jar;C:\Users\testinium\.m2\repository\org\json\json\20190722\json-20190722.jar;C:\Users\testinium\.m2\repository\com\google\protobuf\protobuf-java\3.11.1\protobuf-java-3.11.1.jar;C:\Users\testinium\.m2\repository\com\google\guava\guava\28.2-jre\guava-28.2-jre.jar;C:\Users\testinium\.m2\repository\com\google\guava\failureaccess\1.0.1\failureaccess-1.0.1.jar;C:\Users\testinium\.m2\repository\com\google\guava\listenablefuture\9999.0-empty-to-avoid-conflict-with-guava\listenablefuture-9999.0-empty-to-avoid-conflict-with-guava.jar;C:\Users\testinium\.m2\repository\com\google\code\findbugs\jsr305\3.0.2\jsr305-3.0.2.jar;C:\Users\testinium\.m2\repository\org\checkerframework\checker-qual\2.10.0\checker-qual-2.10.0.jar;C:\Users\testinium\.m2\repository\com\google\errorprone\error_prone_annotations\2.3.4\error_prone_annotations-2.3.4.jar;C:\Users\testinium\.m2\repository\com\google\j2objc\j2objc-annotations\1.3\j2objc-annotations-1.3.jar;C:\Users\testinium\.m2\repository\io\grpc\grpc-netty-shaded\1.26.0\grpc-netty-shaded-1.26.0.jar;C:\Users\testinium\.m2\repository\io\grpc\grpc-core\1.26.0\grpc-core-1.26.0.jar;C:\Users\testinium\.m2\repository\com\google\android\annotations\4.1.1.4\annotations-4.1.1.4.jar;C:\Users\testinium\.m2\repository\io\perfmark\perfmark-api\0.19.0\perfmark-api-0.19.0.jar;C:\Users\testinium\.m2\repository\io\opencensus\opencensus-api\0.24.0\opencensus-api-0.24.0.jar;C:\Users\testinium\.m2\repository\io\opencensus\opencensus-contrib-grpc-metrics\0.24.0\opencensus-contrib-grpc-metrics-0.24.0.jar;C:\Users\testinium\.m2\repository\io\grpc\grpc-protobuf\1.26.0\grpc-protobuf-1.26.0.jar;C:\Users\testinium\.m2\repository\io\grpc\grpc-api\1.26.0\grpc-api-1.26.0.jar;C:\Users\testinium\.m2\repository\io\grpc\grpc-context\1.26.0\grpc-context-1.26.0.jar;C:\Users\testinium\.m2\repository\org\codehaus\mojo\animal-sniffer-annotations\1.17\animal-sniffer-annotations-1.17.jar;C:\Users\testinium\.m2\repository\com\google\api\grpc\proto-google-common-protos\1.12.0\proto-google-common-protos-1.12.0.jar;C:\Users\testinium\.m2\repository\io\grpc\grpc-protobuf-lite\1.26.0\grpc-protobuf-lite-1.26.0.jar;C:\Users\testinium\.m2\repository\io\grpc\grpc-stub\1.24.1\grpc-stub-1.24.1.jar;C:\Users\testinium\.m2\repository\javax\annotation\javax.annotation-api\1.3.2\javax.annotation-api-1.3.2.jar;C:\Users\testinium\.m2\repository\io\appium\java-client\7.3.0\java-client-7.3.0.jar;C:\Users\testinium\.m2\repository\org\seleniumhq\selenium\selenium-java\3.141.59\selenium-java-3.141.59.jar;C:\Users\testinium\.m2\repository\org\seleniumhq\selenium\selenium-chrome-driver\3.141.59\selenium-chrome-driver-3.141.59.jar;C:\Users\testinium\.m2\repository\org\seleniumhq\selenium\selenium-edge-driver\3.141.59\selenium-edge-driver-3.141.59.jar;C:\Users\testinium\.m2\repository\org\seleniumhq\selenium\selenium-firefox-driver\3.141.59\selenium-firefox-driver-3.141.59.jar;C:\Users\testinium\.m2\repository\org\seleniumhq\selenium\selenium-ie-driver\3.141.59\selenium-ie-driver-3.141.59.jar;C:\Users\testinium\.m2\repository\org\seleniumhq\selenium\selenium-opera-driver\3.141.59\selenium-opera-driver-3.141.59.jar;C:\Users\testinium\.m2\repository\org\seleniumhq\selenium\selenium-remote-driver\3.141.59\selenium-remote-driver-3.141.59.jar;C:\Users\testinium\.m2\repository\org\seleniumhq\selenium\selenium-safari-driver\3.141.59\selenium-safari-driver-3.141.59.jar;C:\Users\testinium\.m2\repository\net\bytebuddy\byte-buddy\1.8.15\byte-buddy-1.8.15.jar;C:\Users\testinium\.m2\repository\org\apache\commons\commons-exec\1.3\commons-exec-1.3.jar;C:\Users\testinium\.m2\repository\com\squareup\okhttp3\okhttp\3.11.0\okhttp-3.11.0.jar;C:\Users\testinium\.m2\repository\com\squareup\okio\okio\1.14.0\okio-1.14.0.jar;C:\Users\testinium\.m2\repository\org\seleniumhq\selenium\selenium-support\3.141.59\selenium-support-3.141.59.jar;C:\Users\testinium\.m2\repository\org\seleniumhq\selenium\selenium-api\3.141.59\selenium-api-3.141.59.jar;C:\Users\testinium\.m2\repository\com\google\code\gson\gson\2.8.5\gson-2.8.5.jar;C:\Users\testinium\.m2\repository\org\apache\httpcomponents\httpclient\4.5.9\httpclient-4.5.9.jar;C:\Users\testinium\.m2\repository\org\apache\httpcomponents\httpcore\4.4.11\httpcore-4.4.11.jar;C:\Users\testinium\.m2\repository\commons-logging\commons-logging\1.2\commons-logging-1.2.jar;C:\Users\testinium\.m2\repository\cglib\cglib\3.2.12\cglib-3.2.12.jar;C:\Users\testinium\.m2\repository\org\ow2\asm\asm\7.1\asm-7.1.jar;C:\Users\testinium\.m2\repository\commons-validator\commons-validator\1.6\commons-validator-1.6.jar;C:\Users\testinium\.m2\repository\commons-beanutils\commons-beanutils\1.9.2\commons-beanutils-1.9.2.jar;C:\Users\testinium\.m2\repository\commons-digester\commons-digester\1.8.1\commons-digester-1.8.1.jar;C:\Users\testinium\.m2\repository\commons-collections\commons-collections\3.2.2\commons-collections-3.2.2.jar;C:\Users\testinium\.m2\repository\org\apache\commons\commons-lang3\3.9\commons-lang3-3.9.jar;C:\Users\testinium\.m2\repository\org\springframework\spring-context\5.1.8.RELEASE\spring-context-5.1.8.RELEASE.jar;C:\Users\testinium\.m2\repository\org\springframework\spring-aop\5.1.8.RELEASE\spring-aop-5.1.8.RELEASE.jar;C:\Users\testinium\.m2\repository\org\springframework\spring-beans\5.1.8.RELEASE\spring-beans-5.1.8.RELEASE.jar;C:\Users\testinium\.m2\repository\org\springframework\spring-core\5.1.8.RELEASE\spring-core-5.1.8.RELEASE.jar;C:\Users\testinium\.m2\repository\org\springframework\spring-jcl\5.1.8.RELEASE\spring-jcl-5.1.8.RELEASE.jar;C:\Users\testinium\.m2\repository\org\springframework\spring-expression\5.1.8.RELEASE\spring-expression-5.1.8.RELEASE.jar;C:\Users\testinium\.m2\repository\org\aspectj\aspectjweaver\1.9.4\aspectjweaver-1.9.4.jar;C:\Users\testinium\.m2\repository\org\slf4j\slf4j-api\1.7.26\slf4j-api-1.7.26.jar;C:\Users\testinium\.m2\repository\org\testng\testng\6.14.3\testng-6.14.3.jar;C:\Users\testinium\.m2\repository\com\beust\jcommander\1.72\jcommander-1.72.jar;C:\Users\testinium\.m2\repository\org\apache-extras\beanshell\bsh\2.0b6\bsh-2.0b6.jar;C:\Users\testinium\.m2\repository\org\apache\poi\poi\4.1.2\poi-4.1.2.jar;C:\Users\testinium\.m2\repository\commons-codec\commons-codec\1.13\commons-codec-1.13.jar;C:\Users\testinium\.m2\repository\org\apache\commons\commons-collections4\4.4\commons-collections4-4.4.jar;C:\Users\testinium\.m2\repository\org\apache\commons\commons-math3\3.6.1\commons-math3-3.6.1.jar;C:\Users\testinium\.m2\repository\com\zaxxer\SparseBitSet\1.2\SparseBitSet-1.2.jar;C:\Users\testinium\.m2\repository\com\googlecode\json-simple\json-simple\1.1\json-simple-1.1.jar
04-06-2021 01:24:54.531 [java] [DEBUG] found java executable in C:\Program Files\Java\jdk-16.0.1\bin\java.exe
04-06-2021 01:24:54.531 [java] [DEBUG] running - C:\Program Files\Java\jdk-16.0.1\bin\java.exe [-Dfile.encoding=UTF-8 com.thoughtworks.gauge.GaugeRuntime --start]
04-06-2021 01:24:54.531 [java] [DEBUG] stdout/stderr is logged to logs\14048-java.exe.out
04-06-2021 01:24:55.156 [java] [ERROR] SLF4J: Failed to load class "org.slf4j.impl.StaticLoggerBinder".
04-06-2021 01:24:55.156 [java] [ERROR] SLF4J: Defaulting to no-operation (NOP) logger implementation
04-06-2021 01:24:55.156 [java] [ERROR] SLF4J: See http://www.slf4j.org/codes.html#StaticLoggerBinder for further details.
04-06-2021 01:24:56.651 [Gauge] [DEBUG] Attempting to connect to grpc server at port: 60577
04-06-2021 01:24:56.944 [Gauge] [DEBUG] Successfully made the connection with runner with port: 60577
04-06-2021 01:24:56.944 [Gauge] [DEBUG] Validation started.
04-06-2021 01:24:57.276 [Gauge] [DEBUG] Validation completed.
04-06-2021 01:24:57.276 [Gauge] [DEBUG] Run started
04-06-2021 01:24:57.278 [Gauge] [DEBUG] Starting Html Report plugin
04-06-2021 01:24:57.428 [Gauge] [DEBUG] Attempting to connect to grpc server at port: 60587
04-06-2021 01:24:57.442 [Gauge] [DEBUG] Successfully made the connection with plugin with port: 60587
04-06-2021 01:24:57.442 [Gauge] [DEBUG] Initialising suite data store.
04-06-2021 01:25:02.236 [java] [DEBUG] Scanning packages for steps
04-06-2021 01:25:02.282 [java] [DEBUG] Scanning packages for hooks
04-06-2021 01:25:40.352 [java] [ERROR] Jun 04, 2021 1:25:40 AM io.appium.java_client.remote.AppiumCommandExecutor$1 lambda$0
04-06-2021 01:25:40.352 [java] [ERROR] INFO: Detected dialect: W3C
04-06-2021 01:26:25.470 [html-report] [DEBUG] Transformed SuiteResult to report structure
04-06-2021 01:26:26.653 [html-report] [INFO] Successfully generated html-report to => C:\Users\testinium\Desktop\Mobile_Testing_ByAppium\reports\html-report\index.html
04-06-2021 01:26:26.653 [html-report] [DEBUG] Done generating HTML report using theme from C:\Users\testinium\AppData\Roaming\gauge\plugins\html-report\4.0.12\themes\default
04-06-2021 01:26:26.656 [Gauge] [DEBUG] Sending kill message to Html Report plugin.
04-06-2021 01:26:27.466 [Gauge] [DEBUG] Runner with PID:14048 has exited
04-06-2021 01:26:27.466 [Gauge] [INFO] Specifications:	1 executed	0 passed	1 failed	0 skipped
04-06-2021 01:26:27.466 [Gauge] [INFO] Scenarios:	1 executed	0 passed	1 failed	0 skipped
04-06-2021 01:26:27.466 [Gauge] [INFO] 
Total time taken: 1m27.998s
04-06-2021 03:12:34.014 [Gauge] [DEBUG] Created gauge_screenshots_dir at C:\Users\testinium\Desktop\Mobile_Testing_ByAppium\.gauge\screenshots
04-06-2021 03:12:34.017 [Gauge] [DEBUG] Plugin java is already installed.
04-06-2021 03:12:34.019 [Gauge] [DEBUG] Plugin html-report is already installed.
04-06-2021 03:12:34.019 [Gauge] [DEBUG] Parsing started.
04-06-2021 03:12:34.019 [Gauge] [DEBUG] Started concepts parsing.
04-06-2021 03:12:34.026 [Gauge] [DEBUG] 12 concepts parsing completed.
04-06-2021 03:12:34.026 [Gauge] [DEBUG] Started specifications parsing.
04-06-2021 03:12:34.028 [Gauge] [DEBUG] 1 specifications parsing completed.
04-06-2021 03:12:34.028 [Gauge] [DEBUG] Parsing completed.
04-06-2021 03:12:34.052 [java] [DEBUG] ***** Printing Properties/Env Values *****
04-06-2021 03:12:34.052 [java] [DEBUG] PATH: C:\Windows\system32;C:\Windows;C:\Windows\System32\Wbem;C:\Windows\System32\WindowsPowerShell\v1.0\;C:\Windows\System32\OpenSSH\;C:\WINDOWS\system32;C:\WINDOWS;C:\WINDOWS\System32\Wbem;C:\WINDOWS\System32\WindowsPowerShell\v1.0\;C:\WINDOWS\System32\OpenSSH\;C:\Program Files\Git\cmd;C:\Program Files\nodejs\;C:\Program Files\Gauge\bin;C:\Program Files\Java\jdk-16.0.1;C:\Users\testinium\AppData\Local\Android\Sdk\build-tools;C:\Users\testinium\AppData\Local\Android\Sdk\tools;C:\Users\testinium\AppData\Local\Android\Sdk\platform-tools;C:\Program Files\Gauge\bin;C:\Program Files\apache-maven-3.8.1\bin;C:\Users\testinium\AppData\Local\Microsoft\WindowsApps;C:\Users\testinium\AppData\Roaming\npm;C:\Users\testinium\AppData\Roaming\gauge\plugins\screenshot\0.0.1
04-06-2021 03:12:34.052 [java] [DEBUG] JAVA_HOME: C:\Program Files\Java\jdk-16.0.1
04-06-2021 03:12:34.052 [java] [DEBUG] gauge_project_root: C:\Users\testinium\Desktop\Mobile_Testing_ByAppium
04-06-2021 03:12:34.052 [java] [DEBUG] gauge_parallel_streams_count: 8
04-06-2021 03:12:34.052 [java] [DEBUG] gauge_reports_dir: reports
04-06-2021 03:12:34.052 [java] [DEBUG] overwrite_reports: true
04-06-2021 03:12:34.052 [java] [DEBUG] logs_directory: logs
04-06-2021 03:12:34.052 [java] [DEBUG] enable_multithreading: false
04-06-2021 03:12:34.052 [java] [DEBUG] gauge_specs_dir: specs
04-06-2021 03:12:34.052 [java] [DEBUG] csv_delimiter: ,
04-06-2021 03:12:34.052 [java] [DEBUG] gauge_java_home: 
04-06-2021 03:12:34.052 [java] [DEBUG] gauge_custom_build_path: 
04-06-2021 03:12:34.052 [java] [DEBUG] gauge_additional_libs: libs/*
04-06-2021 03:12:34.052 [java] [DEBUG] gauge_jvm_args: 
04-06-2021 03:12:34.052 [java] [DEBUG] gauge_custom_compile_dir: 
04-06-2021 03:12:34.053 [java] [DEBUG] gauge_clear_state_level: scenario
04-06-2021 03:12:34.053 [java] [DEBUG] ***** END *****
04-06-2021 03:12:34.434 [Gauge] [DEBUG] Checking updates...
04-06-2021 03:12:34.436 [Gauge] [DEBUG] Downloading https://downloads.gauge.org/plugin/html-report?l=java&p=html-report,java,screenshot,spectacle&o=windows&a=amd64
04-06-2021 03:12:34.923 [Gauge] [DEBUG] Downloading https://downloads.gauge.org/plugin/java?l=java&p=html-report,java,screenshot,spectacle&o=windows&a=amd64
04-06-2021 03:12:35.492 [Gauge] [DEBUG] Downloading https://downloads.gauge.org/plugin/screenshot?l=java&p=html-report,java,screenshot,spectacle&o=windows&a=amd64
04-06-2021 03:12:35.691 [Gauge] [DEBUG] Downloading https://downloads.gauge.org/plugin/spectacle?l=java&p=html-report,java,screenshot,spectacle&o=windows&a=amd64
04-06-2021 03:12:37.544 [java] [ERROR] Installed version of gauge-java (0.7.15) does not match with dependency gauge-java (0.7.4) specified in pom.xml file
04-06-2021 03:12:37.544 [java] [DEBUG] classpath set to C:\Users\testinium\.jdks\openjdk-16.0.1!\java.base;C:\Users\testinium\.jdks\openjdk-16.0.1!\java.compiler;C:\Users\testinium\.jdks\openjdk-16.0.1!\java.datatransfer;C:\Users\testinium\.jdks\openjdk-16.0.1!\java.desktop;C:\Users\testinium\.jdks\openjdk-16.0.1!\java.instrument;C:\Users\testinium\.jdks\openjdk-16.0.1!\java.logging;C:\Users\testinium\.jdks\openjdk-16.0.1!\java.management;C:\Users\testinium\.jdks\openjdk-16.0.1!\java.management.rmi;C:\Users\testinium\.jdks\openjdk-16.0.1!\java.naming;C:\Users\testinium\.jdks\openjdk-16.0.1!\java.net.http;C:\Users\testinium\.jdks\openjdk-16.0.1!\java.prefs;C:\Users\testinium\.jdks\openjdk-16.0.1!\java.rmi;C:\Users\testinium\.jdks\openjdk-16.0.1!\java.scripting;C:\Users\testinium\.jdks\openjdk-16.0.1!\java.se;C:\Users\testinium\.jdks\openjdk-16.0.1!\java.security.jgss;C:\Users\testinium\.jdks\openjdk-16.0.1!\java.security.sasl;C:\Users\testinium\.jdks\openjdk-16.0.1!\java.smartcardio;C:\Users\testinium\.jdks\openjdk-16.0.1!\java.sql;C:\Users\testinium\.jdks\openjdk-16.0.1!\java.sql.rowset;C:\Users\testinium\.jdks\openjdk-16.0.1!\java.transaction.xa;C:\Users\testinium\.jdks\openjdk-16.0.1!\java.xml;C:\Users\testinium\.jdks\openjdk-16.0.1!\java.xml.crypto;C:\Users\testinium\.jdks\openjdk-16.0.1!\jdk.accessibility;C:\Users\testinium\.jdks\openjdk-16.0.1!\jdk.attach;C:\Users\testinium\.jdks\openjdk-16.0.1!\jdk.charsets;C:\Users\testinium\.jdks\openjdk-16.0.1!\jdk.compiler;C:\Users\testinium\.jdks\openjdk-16.0.1!\jdk.crypto.cryptoki;C:\Users\testinium\.jdks\openjdk-16.0.1!\jdk.crypto.ec;C:\Users\testinium\.jdks\openjdk-16.0.1!\jdk.crypto.mscapi;C:\Users\testinium\.jdks\openjdk-16.0.1!\jdk.dynalink;C:\Users\testinium\.jdks\openjdk-16.0.1!\jdk.editpad;C:\Users\testinium\.jdks\openjdk-16.0.1!\jdk.hotspot.agent;C:\Users\testinium\.jdks\openjdk-16.0.1!\jdk.httpserver;C:\Users\testinium\.jdks\openjdk-16.0.1!\jdk.incubator.foreign;C:\Users\testinium\.jdks\openjdk-16.0.1!\jdk.incubator.vector;C:\Users\testinium\.jdks\openjdk-16.0.1!\jdk.internal.ed;C:\Users\testinium\.jdks\openjdk-16.0.1!\jdk.internal.jvmstat;C:\Users\testinium\.jdks\openjdk-16.0.1!\jdk.internal.le;C:\Users\testinium\.jdks\openjdk-16.0.1!\jdk.internal.opt;C:\Users\testinium\.jdks\openjdk-16.0.1!\jdk.internal.vm.ci;C:\Users\testinium\.jdks\openjdk-16.0.1!\jdk.jartool;C:\Users\testinium\.jdks\openjdk-16.0.1!\jdk.javadoc;C:\Users\testinium\.jdks\openjdk-16.0.1!\jdk.jcmd;C:\Users\testinium\.jdks\openjdk-16.0.1!\jdk.jconsole;C:\Users\testinium\.jdks\openjdk-16.0.1!\jdk.jdeps;C:\Users\testinium\.jdks\openjdk-16.0.1!\jdk.jdi;C:\Users\testinium\.jdks\openjdk-16.0.1!\jdk.jdwp.agent;C:\Users\testinium\.jdks\openjdk-16.0.1!\jdk.jfr;C:\Users\testinium\.jdks\openjdk-16.0.1!\jdk.jlink;C:\Users\testinium\.jdks\openjdk-16.0.1!\jdk.jpackage;C:\Users\testinium\.jdks\openjdk-16.0.1!\jdk.jshell;C:\Users\testinium\.jdks\openjdk-16.0.1!\jdk.jsobject;C:\Users\testinium\.jdks\openjdk-16.0.1!\jdk.jstatd;C:\Users\testinium\.jdks\openjdk-16.0.1!\jdk.localedata;C:\Users\testinium\.jdks\openjdk-16.0.1!\jdk.management;C:\Users\testinium\.jdks\openjdk-16.0.1!\jdk.management.agent;C:\Users\testinium\.jdks\openjdk-16.0.1!\jdk.management.jfr;C:\Users\testinium\.jdks\openjdk-16.0.1!\jdk.naming.dns;C:\Users\testinium\.jdks\openjdk-16.0.1!\jdk.naming.rmi;C:\Users\testinium\.jdks\openjdk-16.0.1!\jdk.net;C:\Users\testinium\.jdks\openjdk-16.0.1!\jdk.nio.mapmode;C:\Users\testinium\.jdks\openjdk-16.0.1!\jdk.sctp;C:\Users\testinium\.jdks\openjdk-16.0.1!\jdk.security.auth;C:\Users\testinium\.jdks\openjdk-16.0.1!\jdk.security.jgss;C:\Users\testinium\.jdks\openjdk-16.0.1!\jdk.unsupported;C:\Users\testinium\.jdks\openjdk-16.0.1!\jdk.unsupported.desktop;C:\Users\testinium\.jdks\openjdk-16.0.1!\jdk.xml.dom;C:\Users\testinium\.jdks\openjdk-16.0.1!\jdk.zipfs;C:\Users\testinium\Desktop\Mobile_Testing_ByAppium\target\test-classes;C:\Users\testinium\.m2\repository\junit\junit\4.12\junit-4.12.jar;C:\Users\testinium\.m2\repository\org\hamcrest\hamcrest-core\1.3\hamcrest-core-1.3.jar;C:\Users\testinium\.m2\repository\com\thoughtworks\gauge\gauge-java\0.7.4\gauge-java-0.7.4.jar;C:\Users\testinium\.m2\repository\org\assertj\assertj-core\3.14.0\assertj-core-3.14.0.jar;C:\Users\testinium\.m2\repository\org\reflections\reflections\0.9.11\reflections-0.9.11.jar;C:\Users\testinium\.m2\repository\org\javassist\javassist\3.21.0-GA\javassist-3.21.0-GA.jar;C:\Users\testinium\.m2\repository\com\github\javaparser\javaparser-core\2.5.1\javaparser-core-2.5.1.jar;C:\Users\testinium\.m2\repository\commons-io\commons-io\2.6\commons-io-2.6.jar;C:\Users\testinium\.m2\repository\commons-lang\commons-lang\2.6\commons-lang-2.6.jar;C:\Users\testinium\.m2\repository\org\json\json\20190722\json-20190722.jar;C:\Users\testinium\.m2\repository\com\google\protobuf\protobuf-java\3.11.1\protobuf-java-3.11.1.jar;C:\Users\testinium\.m2\repository\com\google\guava\guava\28.2-jre\guava-28.2-jre.jar;C:\Users\testinium\.m2\repository\com\google\guava\failureaccess\1.0.1\failureaccess-1.0.1.jar;C:\Users\testinium\.m2\repository\com\google\guava\listenablefuture\9999.0-empty-to-avoid-conflict-with-guava\listenablefuture-9999.0-empty-to-avoid-conflict-with-guava.jar;C:\Users\testinium\.m2\repository\com\google\code\findbugs\jsr305\3.0.2\jsr305-3.0.2.jar;C:\Users\testinium\.m2\repository\org\checkerframework\checker-qual\2.10.0\checker-qual-2.10.0.jar;C:\Users\testinium\.m2\repository\com\google\errorprone\error_prone_annotations\2.3.4\error_prone_annotations-2.3.4.jar;C:\Users\testinium\.m2\repository\com\google\j2objc\j2objc-annotations\1.3\j2objc-annotations-1.3.jar;C:\Users\testinium\.m2\repository\io\grpc\grpc-netty-shaded\1.26.0\grpc-netty-shaded-1.26.0.jar;C:\Users\testinium\.m2\repository\io\grpc\grpc-core\1.26.0\grpc-core-1.26.0.jar;C:\Users\testinium\.m2\repository\com\google\android\annotations\4.1.1.4\annotations-4.1.1.4.jar;C:\Users\testinium\.m2\repository\io\perfmark\perfmark-api\0.19.0\perfmark-api-0.19.0.jar;C:\Users\testinium\.m2\repository\io\opencensus\opencensus-api\0.24.0\opencensus-api-0.24.0.jar;C:\Users\testinium\.m2\repository\io\opencensus\opencensus-contrib-grpc-metrics\0.24.0\opencensus-contrib-grpc-metrics-0.24.0.jar;C:\Users\testinium\.m2\repository\io\grpc\grpc-protobuf\1.26.0\grpc-protobuf-1.26.0.jar;C:\Users\testinium\.m2\repository\io\grpc\grpc-api\1.26.0\grpc-api-1.26.0.jar;C:\Users\testinium\.m2\repository\io\grpc\grpc-context\1.26.0\grpc-context-1.26.0.jar;C:\Users\testinium\.m2\repository\org\codehaus\mojo\animal-sniffer-annotations\1.17\animal-sniffer-annotations-1.17.jar;C:\Users\testinium\.m2\repository\com\google\api\grpc\proto-google-common-protos\1.12.0\proto-google-common-protos-1.12.0.jar;C:\Users\testinium\.m2\repository\io\grpc\grpc-protobuf-lite\1.26.0\grpc-protobuf-lite-1.26.0.jar;C:\Users\testinium\.m2\repository\io\grpc\grpc-stub\1.24.1\grpc-stub-1.24.1.jar;C:\Users\testinium\.m2\repository\javax\annotation\javax.annotation-api\1.3.2\javax.annotation-api-1.3.2.jar;C:\Users\testinium\.m2\repository\io\appium\java-client\7.3.0\java-client-7.3.0.jar;C:\Users\testinium\.m2\repository\org\seleniumhq\selenium\selenium-java\3.141.59\selenium-java-3.141.59.jar;C:\Users\testinium\.m2\repository\org\seleniumhq\selenium\selenium-chrome-driver\3.141.59\selenium-chrome-driver-3.141.59.jar;C:\Users\testinium\.m2\repository\org\seleniumhq\selenium\selenium-edge-driver\3.141.59\selenium-edge-driver-3.141.59.jar;C:\Users\testinium\.m2\repository\org\seleniumhq\selenium\selenium-firefox-driver\3.141.59\selenium-firefox-driver-3.141.59.jar;C:\Users\testinium\.m2\repository\org\seleniumhq\selenium\selenium-ie-driver\3.141.59\selenium-ie-driver-3.141.59.jar;C:\Users\testinium\.m2\repository\org\seleniumhq\selenium\selenium-opera-driver\3.141.59\selenium-opera-driver-3.141.59.jar;C:\Users\testinium\.m2\repository\org\seleniumhq\selenium\selenium-remote-driver\3.141.59\selenium-remote-driver-3.141.59.jar;C:\Users\testinium\.m2\repository\org\seleniumhq\selenium\selenium-safari-driver\3.141.59\selenium-safari-driver-3.141.59.jar;C:\Users\testinium\.m2\repository\net\bytebuddy\byte-buddy\1.8.15\byte-buddy-1.8.15.jar;C:\Users\testinium\.m2\repository\org\apache\commons\commons-exec\1.3\commons-exec-1.3.jar;C:\Users\testinium\.m2\repository\com\squareup\okhttp3\okhttp\3.11.0\okhttp-3.11.0.jar;C:\Users\testinium\.m2\repository\com\squareup\okio\okio\1.14.0\okio-1.14.0.jar;C:\Users\testinium\.m2\repository\org\seleniumhq\selenium\selenium-support\3.141.59\selenium-support-3.141.59.jar;C:\Users\testinium\.m2\repository\org\seleniumhq\selenium\selenium-api\3.141.59\selenium-api-3.141.59.jar;C:\Users\testinium\.m2\repository\com\google\code\gson\gson\2.8.5\gson-2.8.5.jar;C:\Users\testinium\.m2\repository\org\apache\httpcomponents\httpclient\4.5.9\httpclient-4.5.9.jar;C:\Users\testinium\.m2\repository\org\apache\httpcomponents\httpcore\4.4.11\httpcore-4.4.11.jar;C:\Users\testinium\.m2\repository\commons-logging\commons-logging\1.2\commons-logging-1.2.jar;C:\Users\testinium\.m2\repository\cglib\cglib\3.2.12\cglib-3.2.12.jar;C:\Users\testinium\.m2\repository\org\ow2\asm\asm\7.1\asm-7.1.jar;C:\Users\testinium\.m2\repository\commons-validator\commons-validator\1.6\commons-validator-1.6.jar;C:\Users\testinium\.m2\repository\commons-beanutils\commons-beanutils\1.9.2\commons-beanutils-1.9.2.jar;C:\Users\testinium\.m2\repository\commons-digester\commons-digester\1.8.1\commons-digester-1.8.1.jar;C:\Users\testinium\.m2\repository\commons-collections\commons-collections\3.2.2\commons-collections-3.2.2.jar;C:\Users\testinium\.m2\repository\org\apache\commons\commons-lang3\3.9\commons-lang3-3.9.jar;C:\Users\testinium\.m2\repository\org\springframework\spring-context\5.1.8.RELEASE\spring-context-5.1.8.RELEASE.jar;C:\Users\testinium\.m2\repository\org\springframework\spring-aop\5.1.8.RELEASE\spring-aop-5.1.8.RELEASE.jar;C:\Users\testinium\.m2\repository\org\springframework\spring-beans\5.1.8.RELEASE\spring-beans-5.1.8.RELEASE.jar;C:\Users\testinium\.m2\repository\org\springframework\spring-core\5.1.8.RELEASE\spring-core-5.1.8.RELEASE.jar;C:\Users\testinium\.m2\repository\org\springframework\spring-jcl\5.1.8.RELEASE\spring-jcl-5.1.8.RELEASE.jar;C:\Users\testinium\.m2\repository\org\springframework\spring-expression\5.1.8.RELEASE\spring-expression-5.1.8.RELEASE.jar;C:\Users\testinium\.m2\repository\org\aspectj\aspectjweaver\1.9.4\aspectjweaver-1.9.4.jar;C:\Users\testinium\.m2\repository\org\slf4j\slf4j-api\1.7.26\slf4j-api-1.7.26.jar;C:\Users\testinium\.m2\repository\org\testng\testng\6.14.3\testng-6.14.3.jar;C:\Users\testinium\.m2\repository\com\beust\jcommander\1.72\jcommander-1.72.jar;C:\Users\testinium\.m2\repository\org\apache-extras\beanshell\bsh\2.0b6\bsh-2.0b6.jar;C:\Users\testinium\.m2\repository\org\apache\poi\poi\4.1.2\poi-4.1.2.jar;C:\Users\testinium\.m2\repository\commons-codec\commons-codec\1.13\commons-codec-1.13.jar;C:\Users\testinium\.m2\repository\org\apache\commons\commons-collections4\4.4\commons-collections4-4.4.jar;C:\Users\testinium\.m2\repository\org\apache\commons\commons-math3\3.6.1\commons-math3-3.6.1.jar;C:\Users\testinium\.m2\repository\com\zaxxer\SparseBitSet\1.2\SparseBitSet-1.2.jar;C:\Users\testinium\.m2\repository\com\googlecode\json-simple\json-simple\1.1\json-simple-1.1.jar
04-06-2021 03:12:37.598 [java] [DEBUG] found java executable in C:\Program Files\Java\jdk-16.0.1\bin\java.exe
04-06-2021 03:12:37.598 [java] [DEBUG] running - C:\Program Files\Java\jdk-16.0.1\bin\java.exe [-Dfile.encoding=UTF-8 com.thoughtworks.gauge.GaugeRuntime --start]
04-06-2021 03:12:37.598 [java] [DEBUG] stdout/stderr is logged to logs\8432-java.exe.out
04-06-2021 03:12:38.024 [java] [ERROR] SLF4J: Failed to load class "org.slf4j.impl.StaticLoggerBinder".
04-06-2021 03:12:38.024 [java] [ERROR] SLF4J: Defaulting to no-operation (NOP) logger implementation
04-06-2021 03:12:38.024 [java] [ERROR] SLF4J: See http://www.slf4j.org/codes.html#StaticLoggerBinder for further details.
04-06-2021 03:12:39.495 [Gauge] [DEBUG] Attempting to connect to grpc server at port: 52201
04-06-2021 03:12:39.724 [Gauge] [DEBUG] Successfully made the connection with runner with port: 52201
04-06-2021 03:12:39.724 [Gauge] [DEBUG] Validation started.
04-06-2021 03:12:39.917 [Gauge] [DEBUG] Validation completed.
04-06-2021 03:12:39.917 [Gauge] [DEBUG] Run started
04-06-2021 03:12:39.919 [Gauge] [DEBUG] Starting Html Report plugin
04-06-2021 03:12:40.342 [Gauge] [DEBUG] Attempting to connect to grpc server at port: 52204
04-06-2021 03:12:40.381 [Gauge] [DEBUG] Successfully made the connection with plugin with port: 52204
04-06-2021 03:12:40.381 [Gauge] [DEBUG] Initialising suite data store.
04-06-2021 03:12:45.915 [java] [DEBUG] Scanning packages for steps
04-06-2021 03:12:45.915 [java] [DEBUG] Scanning packages for hooks
04-06-2021 03:13:48.300 [java] [ERROR] Jun 04, 2021 3:13:48 AM io.appium.java_client.remote.AppiumCommandExecutor$1 lambda$0
04-06-2021 03:13:48.300 [java] [ERROR] INFO: Detected dialect: W3C
04-06-2021 03:14:05.324 [html-report] [DEBUG] Transformed SuiteResult to report structure
04-06-2021 03:14:08.641 [html-report] [INFO] Successfully generated html-report to => C:\Users\testinium\Desktop\Mobile_Testing_ByAppium\reports\html-report\index.html
04-06-2021 03:14:08.641 [html-report] [DEBUG] Done generating HTML report using theme from C:\Users\testinium\AppData\Roaming\gauge\plugins\html-report\4.0.12\themes\default
04-06-2021 03:14:08.641 [Gauge] [DEBUG] Sending kill message to Html Report plugin.
04-06-2021 03:14:10.588 [Gauge] [DEBUG] Runner with PID:8432 has exited
04-06-2021 03:14:10.589 [Gauge] [INFO] Specifications:	1 executed	0 passed	1 failed	0 skipped
04-06-2021 03:14:10.589 [Gauge] [INFO] Scenarios:	1 executed	0 passed	1 failed	0 skipped
04-06-2021 03:14:10.589 [Gauge] [INFO] 
Total time taken: 1m24.645s
